# zsim stats
===
root: # Stats
 contention: # Contention simulation stats
  domain-0: # Domain stats
   time: 1680822674 # Weave simulation time
 time: # Simulator time breakdown
  init: 653710861533
  bound: 10920926213
  weave: 1902885526
  ff: 0
 trigger: 20000 # Reason for this stats dump
 phase: 17180 # Simulated phases
 westmere: # Core stats
  westmere-0: # Core stats
   cycles: 171801959 # Simulated unhalted cycles
   cCycles: 45532694 # Cycles due to contention stalls
   instrs: 100002489 # Simulated instructions
   uops: 117228230 # Retired micro-ops
   bbls: 8769632 # Basic blocks
   approxInstrs: 737961 # Instrs with approx uop decoding
   mispredBranches: 70870 # Mispredicted branches
   condBranches: 8611117 # conditional branches
 l1i: # Cache stats
  l1i-0: # Filter cache stats
   fhGETS: 11618348 # Filtered GETS hits
   fhGETX: 0 # Filtered GETX hits
   hGETS: 491 # GETS hits
   hGETX: 0 # GETX hits
   mGETS: 1002 # GETS misses
   mGETXIM: 0 # GETX I->M misses
   mGETXSM: 0 # GETX S->M misses (upgrade misses)
   PUTS: 0 # Clean evictions (from lower level)
   PUTX: 0 # Dirty evictions (from lower level)
   INV: 0 # Invalidates (from upper level)
   INVX: 0 # Downgrades (from upper level)
   FWD: 0 # Forwards (from upper level)
   latGETnl: 121332 # GET request latency on next level
   latGETnet: 0 # GET request latency on network to next level
 l1d: # Cache stats
  l1d-0: # Filter cache stats
   fhGETS: 19280005 # Filtered GETS hits
   fhGETX: 5349823 # Filtered GETX hits
   hGETS: 11548055 # GETS hits
   hGETX: 4715779 # GETX hits
   mGETS: 2463130 # GETS misses
   mGETXIM: 893438 # GETX I->M misses
   mGETXSM: 0 # GETX S->M misses (upgrade misses)
   PUTS: 0 # Clean evictions (from lower level)
   PUTX: 0 # Dirty evictions (from lower level)
   INV: 0 # Invalidates (from upper level)
   INVX: 0 # Downgrades (from upper level)
   FWD: 0 # Forwards (from upper level)
   latGETnl: 310831860 # GET request latency on next level
   latGETnet: 0 # GET request latency on network to next level
 l2: # Cache stats
  l2-0: # Cache stats
   hGETS: 523482 # GETS hits
   hGETX: 213565 # GETX hits
   mGETS: 1940650 # GETS misses
   mGETXIM: 679873 # GETX I->M misses
   mGETXSM: 0 # GETX S->M misses (upgrade misses)
   PUTS: 2172878 # Clean evictions (from lower level)
   PUTX: 1183670 # Dirty evictions (from lower level)
   INV: 0 # Invalidates (from upper level)
   INVX: 0 # Downgrades (from upper level)
   FWD: 0 # Forwards (from upper level)
   latGETnl: 277377492 # GET request latency on next level
   latGETnet: 0 # GET request latency on network to next level
 l3: # Cache stats
  l3-0: # Cache stats
   hGETS: 195903 # GETS hits
   hGETX: 41454 # GETX hits
   mGETS: 1744747 # GETS misses
   mGETXIM: 638419 # GETX I->M misses
   mGETXSM: 0 # GETX S->M misses (upgrade misses)
   PUTS: 1711054 # Clean evictions (from lower level)
   PUTX: 905373 # Dirty evictions (from lower level)
   INV: 0 # Invalidates (from upper level)
   INVX: 0 # Downgrades (from upper level)
   FWD: 0 # Forwards (from upper level)
   latGETnl: 214484940 # GET request latency on next level
   latGETnet: 0 # GET request latency on network to next level
 mem: # Memory controller stats
  mem-0: # Memory controller stats
   rd: 595714 # Read requests
   wr: 209884 # Write requests
   rdlat: 88180009 # Total latency experienced by read requests
   wrlat: 33615426 # Total latency experienced by write requests
   rdhits: 260 # Read row hits
   wrhits: 816 # Write row hits
   mlh: # latency histogram for memory requests
    0: 0
    1: 0
    2: 0
    3: 0
    4: 0
    5: 0
    6: 0
    7: 0
    8: 0
    9: 0
    10: 0
    11: 6
    12: 2
    13: 371142
    14: 87626
    15: 56414
    16: 6365
    17: 20334
    18: 11024
    19: 5288
    20: 573
    21: 478
    22: 487
    23: 3602
    24: 14972
    25: 5348
    26: 2261
    27: 729
    28: 311
    29: 431
    30: 371
    31: 382
    32: 333
    33: 394
    34: 427
    35: 2598
    36: 552
    37: 304
    38: 320
    39: 333
    40: 311
    41: 376
    42: 363
    43: 227
    44: 129
    45: 98
    46: 74
    47: 109
    48: 174
    49: 115
    50: 63
    51: 71
    52: 29
    53: 39
    54: 35
    55: 19
    56: 4
    57: 5
    58: 17
    59: 16
    60: 8
    61: 5
    62: 4
    63: 6
    64: 3
    65: 4
    66: 0
    67: 0
    68: 0
    69: 2
    70: 0
    71: 1
    72: 0
    73: 0
    74: 0
    75: 0
    76: 0
    77: 0
    78: 0
    79: 0
    80: 0
    81: 0
    82: 0
    83: 0
    84: 0
    85: 0
    86: 0
    87: 0
    88: 0
    89: 0
    90: 0
    91: 0
    92: 0
    93: 0
    94: 0
    95: 0
    96: 0
    97: 0
    98: 0
    99: 0
  mem-1: # Memory controller stats
   rd: 595807 # Read requests
   wr: 209844 # Write requests
   rdlat: 88215771 # Total latency experienced by read requests
   wrlat: 33676504 # Total latency experienced by write requests
   rdhits: 254 # Read row hits
   wrhits: 1034 # Write row hits
   mlh: # latency histogram for memory requests
    0: 0
    1: 0
    2: 0
    3: 0
    4: 0
    5: 0
    6: 0
    7: 0
    8: 0
    9: 0
    10: 0
    11: 5
    12: 1
    13: 371374
    14: 87171
    15: 56589
    16: 6292
    17: 20312
    18: 11016
    19: 5271
    20: 535
    21: 539
    22: 602
    23: 3648
    24: 14977
    25: 5374
    26: 2295
    27: 705
    28: 314
    29: 409
    30: 361
    31: 342
    32: 356
    33: 364
    34: 462
    35: 2671
    36: 555
    37: 342
    38: 326
    39: 337
    40: 346
    41: 331
    42: 354
    43: 230
    44: 125
    45: 80
    46: 54
    47: 123
    48: 169
    49: 105
    50: 79
    51: 74
    52: 38
    53: 25
    54: 24
    55: 11
    56: 8
    57: 6
    58: 22
    59: 24
    60: 12
    61: 5
    62: 5
    63: 4
    64: 5
    65: 1
    66: 0
    67: 0
    68: 1
    69: 1
    70: 0
    71: 0
    72: 0
    73: 0
    74: 0
    75: 0
    76: 0
    77: 0
    78: 0
    79: 0
    80: 0
    81: 0
    82: 0
    83: 0
    84: 0
    85: 0
    86: 0
    87: 0
    88: 0
    89: 0
    90: 0
    91: 0
    92: 0
    93: 0
    94: 0
    95: 0
    96: 0
    97: 0
    98: 0
    99: 0
  mem-2: # Memory controller stats
   rd: 595815 # Read requests
   wr: 209896 # Write requests
   rdlat: 88276955 # Total latency experienced by read requests
   wrlat: 33554854 # Total latency experienced by write requests
   rdhits: 252 # Read row hits
   wrhits: 922 # Write row hits
   mlh: # latency histogram for memory requests
    0: 0
    1: 0
    2: 0
    3: 0
    4: 0
    5: 0
    6: 0
    7: 0
    8: 0
    9: 0
    10: 0
    11: 6
    12: 1
    13: 370417
    14: 87630
    15: 56437
    16: 6422
    17: 20337
    18: 11041
    19: 5376
    20: 681
    21: 651
    22: 567
    23: 3690
    24: 14899
    25: 5405
    26: 2263
    27: 775
    28: 303
    29: 461
    30: 404
    31: 362
    32: 352
    33: 373
    34: 455
    35: 2622
    36: 567
    37: 358
    38: 366
    39: 373
    40: 307
    41: 319
    42: 356
    43: 242
    44: 135
    45: 86
    46: 70
    47: 101
    48: 171
    49: 92
    50: 65
    51: 62
    52: 44
    53: 44
    54: 32
    55: 16
    56: 4
    57: 6
    58: 12
    59: 21
    60: 7
    61: 9
    62: 2
    63: 7
    64: 4
    65: 1
    66: 0
    67: 1
    68: 0
    69: 3
    70: 0
    71: 2
    72: 0
    73: 0
    74: 0
    75: 0
    76: 0
    77: 0
    78: 0
    79: 0
    80: 0
    81: 0
    82: 0
    83: 0
    84: 0
    85: 0
    86: 0
    87: 0
    88: 0
    89: 0
    90: 0
    91: 0
    92: 0
    93: 0
    94: 0
    95: 0
    96: 0
    97: 0
    98: 0
    99: 0
  mem-3: # Memory controller stats
   rd: 595798 # Read requests
   wr: 209901 # Write requests
   rdlat: 88172095 # Total latency experienced by read requests
   wrlat: 33624377 # Total latency experienced by write requests
   rdhits: 254 # Read row hits
   wrhits: 954 # Write row hits
   mlh: # latency histogram for memory requests
    0: 0
    1: 0
    2: 0
    3: 0
    4: 0
    5: 0
    6: 0
    7: 0
    8: 0
    9: 0
    10: 0
    11: 4
    12: 0
    13: 371281
    14: 87317
    15: 56289
    16: 6299
    17: 20394
    18: 11041
    19: 5345
    20: 612
    21: 545
    22: 574
    23: 3698
    24: 15096
    25: 5397
    26: 2268
    27: 790
    28: 288
    29: 475
    30: 387
    31: 353
    32: 333
    33: 355
    34: 451
    35: 2624
    36: 556
    37: 330
    38: 312
    39: 363
    40: 314
    41: 288
    42: 324
    43: 186
    44: 97
    45: 72
    46: 46
    47: 102
    48: 186
    49: 94
    50: 60
    51: 55
    52: 47
    53: 45
    54: 26
    55: 11
    56: 5
    57: 3
    58: 17
    59: 15
    60: 10
    61: 5
    62: 1
    63: 3
    64: 3
    65: 0
    66: 0
    67: 1
    68: 0
    69: 3
    70: 1
    71: 1
    72: 0
    73: 0
    74: 0
    75: 0
    76: 0
    77: 0
    78: 0
    79: 0
    80: 0
    81: 0
    82: 0
    83: 0
    84: 0
    85: 0
    86: 0
    87: 0
    88: 0
    89: 0
    90: 0
    91: 0
    92: 0
    93: 0
    94: 0
    95: 0
    96: 0
    97: 0
    98: 0
    99: 0
 sched: # Scheduler stats
  thCr: 1 # Threads created
  thFn: 1 # Threads finished
  schedEvs: 1 # Schedule events
  waitEvs: 0 # Wait events
  handoffEvs: 0 # Handoff events
  sleepEvs: 0 # Sleep events
  idlePhases: 0 # Phases with no thread active
  idlePeriods: 0 # Periods with no thread active
  occHist: # Occupancy histogram
   0: 0
   1: 17180
  rqSzHist: # Run queue size histogram
   0: 17180
   1: 0
   2: 0
   3: 0
   4: 0
   5: 0
   6: 0
   7: 0
   8: 0
   9: 0
   10: 0
   11: 0
   12: 0
   13: 0
   14: 0
   15: 0
   16: 0
 procCycles: # Per-process unhalted core cycles
  0: 171801959
  1: 0
  2: 0
  3: 0
  4: 0
  5: 0
  6: 0
  7: 0
  8: 0
  9: 0
  10: 0
  11: 0
  12: 0
  13: 0
  14: 0
  15: 0
  16: 0
  17: 0
  18: 0
  19: 0
  20: 0
  21: 0
  22: 0
  23: 0
  24: 0
  25: 0
  26: 0
  27: 0
  28: 0
  29: 0
  30: 0
  31: 0
  32: 0
  33: 0
  34: 0
  35: 0
  36: 0
  37: 0
  38: 0
  39: 0
  40: 0
  41: 0
  42: 0
  43: 0
  44: 0
  45: 0
  46: 0
  47: 0
  48: 0
  49: 0
  50: 0
  51: 0
  52: 0
  53: 0
  54: 0
  55: 0
  56: 0
  57: 0
  58: 0
  59: 0
  60: 0
  61: 0
  62: 0
  63: 0
 procInstrs: # Per-process instructions
  0: 100002489
  1: 0
  2: 0
  3: 0
  4: 0
  5: 0
  6: 0
  7: 0
  8: 0
  9: 0
  10: 0
  11: 0
  12: 0
  13: 0
  14: 0
  15: 0
  16: 0
  17: 0
  18: 0
  19: 0
  20: 0
  21: 0
  22: 0
  23: 0
  24: 0
  25: 0
  26: 0
  27: 0
  28: 0
  29: 0
  30: 0
  31: 0
  32: 0
  33: 0
  34: 0
  35: 0
  36: 0
  37: 0
  38: 0
  39: 0
  40: 0
  41: 0
  42: 0
  43: 0
  44: 0
  45: 0
  46: 0
  47: 0
  48: 0
  49: 0
  50: 0
  51: 0
  52: 0
  53: 0
  54: 0
  55: 0
  56: 0
  57: 0
  58: 0
  59: 0
  60: 0
  61: 0
  62: 0
  63: 0
 heartbeats: # Per-process heartbeats
  0: 0
  1: 0
  2: 0
  3: 0
  4: 0
  5: 0
  6: 0
  7: 0
  8: 0
  9: 0
  10: 0
  11: 0
  12: 0
  13: 0
  14: 0
  15: 0
  16: 0
  17: 0
  18: 0
  19: 0
  20: 0
  21: 0
  22: 0
  23: 0
  24: 0
  25: 0
  26: 0
  27: 0
  28: 0
  29: 0
  30: 0
  31: 0
  32: 0
  33: 0
  34: 0
  35: 0
  36: 0
  37: 0
  38: 0
  39: 0
  40: 0
  41: 0
  42: 0
  43: 0
  44: 0
  45: 0
  46: 0
  47: 0
  48: 0
  49: 0
  50: 0
  51: 0
  52: 0
  53: 0
  54: 0
  55: 0
  56: 0
  57: 0
  58: 0
  59: 0
  60: 0
  61: 0
  62: 0
  63: 0
===
