# zsim stats
===
root: # Stats
 contention: # Contention simulation stats
  domain-0: # Domain stats
   time: 1303774116 # Weave simulation time
 time: # Simulator time breakdown
  init: 920218760976
  bound: 7350724875
  weave: 1479427420
  ff: 0
 trigger: 20000 # Reason for this stats dump
 phase: 12586 # Simulated phases
 westmere: # Core stats
  westmere-0: # Core stats
   cycles: 125862088 # Simulated unhalted cycles
   cCycles: 26337833 # Cycles due to contention stalls
   instrs: 100003352 # Simulated instructions
   uops: 109266283 # Retired micro-ops
   bbls: 5331468 # Basic blocks
   approxInstrs: 0 # Instrs with approx uop decoding
   mispredBranches: 90 # Mispredicted branches
   condBranches: 4634961 # conditional branches
 l1i: # Cache stats
  l1i-0: # Filter cache stats
   fhGETS: 9919414 # Filtered GETS hits
   fhGETX: 0 # Filtered GETX hits
   hGETS: 0 # GETS hits
   hGETX: 0 # GETX hits
   mGETS: 568 # GETS misses
   mGETXIM: 0 # GETX I->M misses
   mGETXSM: 0 # GETX S->M misses (upgrade misses)
   PUTS: 0 # Clean evictions (from lower level)
   PUTX: 0 # Dirty evictions (from lower level)
   INV: 554 # Invalidates (from upper level)
   INVX: 0 # Downgrades (from upper level)
   FWD: 0 # Forwards (from upper level)
   latGETnl: 70432 # GET request latency on next level
   latGETnet: 0 # GET request latency on network to next level
 l1d: # Cache stats
  l1d-0: # Filter cache stats
   fhGETS: 24231996 # Filtered GETS hits
   fhGETX: 5982106 # Filtered GETX hits
   hGETS: 618695 # GETS hits
   hGETX: 914448 # GETX hits
   mGETS: 1455291 # GETS misses
   mGETXIM: 40138 # GETX I->M misses
   mGETXSM: 0 # GETX S->M misses (upgrade misses)
   PUTS: 0 # Clean evictions (from lower level)
   PUTX: 0 # Dirty evictions (from lower level)
   INV: 357 # Invalidates (from upper level)
   INVX: 0 # Downgrades (from upper level)
   FWD: 0 # Forwards (from upper level)
   latGETnl: 185356180 # GET request latency on next level
   latGETnet: 0 # GET request latency on network to next level
 l2: # Cache stats
  l2-0: # Cache stats
   hGETS: 539 # GETS hits
   hGETX: 0 # GETX hits
   mGETS: 1455320 # GETS misses
   mGETXIM: 40138 # GETX I->M misses
   mGETXSM: 0 # GETX S->M misses (upgrade misses)
   PUTS: 868043 # Clean evictions (from lower level)
   PUTX: 626517 # Dirty evictions (from lower level)
   INV: 935 # Invalidates (from upper level)
   INVX: 0 # Downgrades (from upper level)
   FWD: 0 # Forwards (from upper level)
   latGETnl: 170466642 # GET request latency on next level
   latGETnet: 0 # GET request latency on network to next level
 l3: # Cache stats
  l3-0: # Cache stats
   hGETS: 57 # GETS hits
   hGETX: 116 # GETX hits
   mGETS: 1455263 # GETS misses
   mGETXIM: 40022 # GETX I->M misses
   mGETXSM: 0 # GETX S->M misses (upgrade misses)
   PUTS: 866654 # Clean evictions (from lower level)
   PUTX: 623773 # Dirty evictions (from lower level)
   INV: 0 # Invalidates (from upper level)
   INVX: 0 # Downgrades (from upper level)
   FWD: 0 # Forwards (from upper level)
   latGETnl: 134575650 # GET request latency on next level
   latGETnet: 0 # GET request latency on network to next level
 mem: # Memory controller stats
  mem-0: # Memory controller stats
   rd: 445941 # Read requests
   wr: 169797 # Write requests
   rdlat: 60336410 # Total latency experienced by read requests
   wrlat: 28259901 # Total latency experienced by write requests
   rdhits: 1790 # Read row hits
   wrhits: 5332 # Write row hits
   mlh: # latency histogram for memory requests
    0: 0
    1: 0
    2: 0
    3: 0
    4: 0
    5: 0
    6: 0
    7: 0
    8: 0
    9: 0
    10: 0
    11: 0
    12: 0
    13: 417964
    14: 13905
    15: 3030
    16: 1790
    17: 413
    18: 294
    19: 324
    20: 319
    21: 297
    22: 894
    23: 1217
    24: 455
    25: 334
    26: 194
    27: 192
    28: 251
    29: 287
    30: 366
    31: 310
    32: 218
    33: 244
    34: 267
    35: 375
    36: 278
    37: 234
    38: 241
    39: 200
    40: 316
    41: 312
    42: 217
    43: 70
    44: 15
    45: 48
    46: 33
    47: 13
    48: 17
    49: 1
    50: 1
    51: 1
    52: 1
    53: 1
    54: 0
    55: 0
    56: 0
    57: 1
    58: 0
    59: 0
    60: 0
    61: 0
    62: 0
    63: 0
    64: 1
    65: 0
    66: 0
    67: 0
    68: 0
    69: 0
    70: 0
    71: 0
    72: 0
    73: 0
    74: 0
    75: 0
    76: 0
    77: 0
    78: 0
    79: 0
    80: 0
    81: 0
    82: 0
    83: 0
    84: 0
    85: 0
    86: 0
    87: 0
    88: 0
    89: 0
    90: 0
    91: 0
    92: 0
    93: 0
    94: 0
    95: 0
    96: 0
    97: 0
    98: 0
    99: 0
  mem-1: # Memory controller stats
   rd: 293337 # Read requests
   wr: 169782 # Write requests
   rdlat: 39867140 # Total latency experienced by read requests
   wrlat: 27514000 # Total latency experienced by write requests
   rdhits: 1791 # Read row hits
   wrhits: 4227 # Write row hits
   mlh: # latency histogram for memory requests
    0: 0
    1: 0
    2: 0
    3: 0
    4: 0
    5: 0
    6: 0
    7: 0
    8: 0
    9: 0
    10: 0
    11: 0
    12: 0
    13: 266506
    14: 11200
    15: 5564
    16: 2227
    17: 795
    18: 338
    19: 264
    20: 249
    21: 655
    22: 698
    23: 309
    24: 1126
    25: 367
    26: 80
    27: 114
    28: 169
    29: 198
    30: 192
    31: 179
    32: 145
    33: 157
    34: 113
    35: 144
    36: 195
    37: 349
    38: 318
    39: 163
    40: 122
    41: 92
    42: 111
    43: 39
    44: 44
    45: 35
    46: 11
    47: 36
    48: 21
    49: 2
    50: 3
    51: 0
    52: 5
    53: 1
    54: 1
    55: 0
    56: 0
    57: 0
    58: 0
    59: 0
    60: 0
    61: 0
    62: 0
    63: 0
    64: 0
    65: 0
    66: 0
    67: 0
    68: 0
    69: 0
    70: 0
    71: 0
    72: 0
    73: 0
    74: 0
    75: 0
    76: 0
    77: 0
    78: 0
    79: 0
    80: 0
    81: 0
    82: 0
    83: 0
    84: 0
    85: 0
    86: 0
    87: 0
    88: 0
    89: 0
    90: 0
    91: 0
    92: 0
    93: 0
    94: 0
    95: 0
    96: 0
    97: 0
    98: 0
    99: 0
  mem-2: # Memory controller stats
   rd: 309979 # Read requests
   wr: 110109 # Write requests
   rdlat: 41511734 # Total latency experienced by read requests
   wrlat: 15952158 # Total latency experienced by write requests
   rdhits: 1789 # Read row hits
   wrhits: 1030 # Write row hits
   mlh: # latency histogram for memory requests
    0: 0
    1: 0
    2: 0
    3: 0
    4: 0
    5: 0
    6: 0
    7: 0
    8: 0
    9: 0
    10: 0
    11: 0
    12: 1
    13: 302424
    14: 2526
    15: 498
    16: 369
    17: 14
    18: 22
    19: 98
    20: 145
    21: 195
    22: 62
    23: 176
    24: 118
    25: 70
    26: 102
    27: 197
    28: 251
    29: 169
    30: 180
    31: 138
    32: 141
    33: 113
    34: 206
    35: 452
    36: 344
    37: 182
    38: 174
    39: 127
    40: 127
    41: 111
    42: 166
    43: 48
    44: 5
    45: 17
    46: 2
    47: 1
    48: 6
    49: 0
    50: 0
    51: 1
    52: 0
    53: 0
    54: 0
    55: 0
    56: 0
    57: 0
    58: 1
    59: 0
    60: 0
    61: 0
    62: 0
    63: 0
    64: 0
    65: 0
    66: 0
    67: 0
    68: 0
    69: 0
    70: 0
    71: 0
    72: 0
    73: 0
    74: 0
    75: 0
    76: 0
    77: 0
    78: 0
    79: 0
    80: 0
    81: 0
    82: 0
    83: 0
    84: 0
    85: 0
    86: 0
    87: 0
    88: 0
    89: 0
    90: 0
    91: 0
    92: 0
    93: 0
    94: 0
    95: 0
    96: 0
    97: 0
    98: 0
    99: 0
  mem-3: # Memory controller stats
   rd: 446001 # Read requests
   wr: 169715 # Write requests
   rdlat: 60517830 # Total latency experienced by read requests
   wrlat: 28315372 # Total latency experienced by write requests
   rdhits: 1791 # Read row hits
   wrhits: 5185 # Write row hits
   mlh: # latency histogram for memory requests
    0: 0
    1: 0
    2: 0
    3: 0
    4: 0
    5: 0
    6: 0
    7: 0
    8: 0
    9: 0
    10: 0
    11: 0
    12: 0
    13: 424969
    14: 5567
    15: 3605
    16: 1776
    17: 535
    18: 276
    19: 203
    20: 538
    21: 928
    22: 959
    23: 1036
    24: 401
    25: 250
    26: 167
    27: 303
    28: 261
    29: 324
    30: 244
    31: 184
    32: 196
    33: 239
    34: 314
    35: 579
    36: 515
    37: 350
    38: 252
    39: 199
    40: 149
    41: 165
    42: 168
    43: 125
    44: 13
    45: 45
    46: 54
    47: 85
    48: 7
    49: 9
    50: 4
    51: 4
    52: 3
    53: 0
    54: 0
    55: 0
    56: 0
    57: 0
    58: 0
    59: 0
    60: 0
    61: 0
    62: 0
    63: 0
    64: 0
    65: 0
    66: 0
    67: 0
    68: 0
    69: 0
    70: 0
    71: 0
    72: 0
    73: 0
    74: 0
    75: 0
    76: 0
    77: 0
    78: 0
    79: 0
    80: 0
    81: 0
    82: 0
    83: 0
    84: 0
    85: 0
    86: 0
    87: 0
    88: 0
    89: 0
    90: 0
    91: 0
    92: 0
    93: 0
    94: 0
    95: 0
    96: 0
    97: 0
    98: 0
    99: 0
 sched: # Scheduler stats
  thCr: 1 # Threads created
  thFn: 1 # Threads finished
  schedEvs: 1 # Schedule events
  waitEvs: 0 # Wait events
  handoffEvs: 0 # Handoff events
  sleepEvs: 0 # Sleep events
  idlePhases: 0 # Phases with no thread active
  idlePeriods: 0 # Periods with no thread active
  occHist: # Occupancy histogram
   0: 0
   1: 12586
  rqSzHist: # Run queue size histogram
   0: 12586
   1: 0
   2: 0
   3: 0
   4: 0
   5: 0
   6: 0
   7: 0
   8: 0
   9: 0
   10: 0
   11: 0
   12: 0
   13: 0
   14: 0
   15: 0
   16: 0
 procCycles: # Per-process unhalted core cycles
  0: 125862088
  1: 0
  2: 0
  3: 0
  4: 0
  5: 0
  6: 0
  7: 0
  8: 0
  9: 0
  10: 0
  11: 0
  12: 0
  13: 0
  14: 0
  15: 0
  16: 0
  17: 0
  18: 0
  19: 0
  20: 0
  21: 0
  22: 0
  23: 0
  24: 0
  25: 0
  26: 0
  27: 0
  28: 0
  29: 0
  30: 0
  31: 0
  32: 0
  33: 0
  34: 0
  35: 0
  36: 0
  37: 0
  38: 0
  39: 0
  40: 0
  41: 0
  42: 0
  43: 0
  44: 0
  45: 0
  46: 0
  47: 0
  48: 0
  49: 0
  50: 0
  51: 0
  52: 0
  53: 0
  54: 0
  55: 0
  56: 0
  57: 0
  58: 0
  59: 0
  60: 0
  61: 0
  62: 0
  63: 0
 procInstrs: # Per-process instructions
  0: 100003352
  1: 0
  2: 0
  3: 0
  4: 0
  5: 0
  6: 0
  7: 0
  8: 0
  9: 0
  10: 0
  11: 0
  12: 0
  13: 0
  14: 0
  15: 0
  16: 0
  17: 0
  18: 0
  19: 0
  20: 0
  21: 0
  22: 0
  23: 0
  24: 0
  25: 0
  26: 0
  27: 0
  28: 0
  29: 0
  30: 0
  31: 0
  32: 0
  33: 0
  34: 0
  35: 0
  36: 0
  37: 0
  38: 0
  39: 0
  40: 0
  41: 0
  42: 0
  43: 0
  44: 0
  45: 0
  46: 0
  47: 0
  48: 0
  49: 0
  50: 0
  51: 0
  52: 0
  53: 0
  54: 0
  55: 0
  56: 0
  57: 0
  58: 0
  59: 0
  60: 0
  61: 0
  62: 0
  63: 0
 heartbeats: # Per-process heartbeats
  0: 0
  1: 0
  2: 0
  3: 0
  4: 0
  5: 0
  6: 0
  7: 0
  8: 0
  9: 0
  10: 0
  11: 0
  12: 0
  13: 0
  14: 0
  15: 0
  16: 0
  17: 0
  18: 0
  19: 0
  20: 0
  21: 0
  22: 0
  23: 0
  24: 0
  25: 0
  26: 0
  27: 0
  28: 0
  29: 0
  30: 0
  31: 0
  32: 0
  33: 0
  34: 0
  35: 0
  36: 0
  37: 0
  38: 0
  39: 0
  40: 0
  41: 0
  42: 0
  43: 0
  44: 0
  45: 0
  46: 0
  47: 0
  48: 0
  49: 0
  50: 0
  51: 0
  52: 0
  53: 0
  54: 0
  55: 0
  56: 0
  57: 0
  58: 0
  59: 0
  60: 0
  61: 0
  62: 0
  63: 0
===
