# zsim stats
===
root: # Stats
 contention: # Contention simulation stats
  domain-0: # Domain stats
   time: 205296225 # Weave simulation time
 time: # Simulator time breakdown
  init: 2814745663866
  bound: 7130549244
  weave: 304174808
  ff: 0
 trigger: 20000 # Reason for this stats dump
 phase: 6352 # Simulated phases
 westmere: # Core stats
  westmere-0: # Core stats
   cycles: 63521806 # Simulated unhalted cycles
   cCycles: 5306800 # Cycles due to contention stalls
   instrs: 100000536 # Simulated instructions
   uops: 142668821 # Retired micro-ops
   bbls: 4785560 # Basic blocks
   approxInstrs: 432 # Instrs with approx uop decoding
   mispredBranches: 23093 # Mispredicted branches
   condBranches: 4718250 # conditional branches
 l1i: # Cache stats
  l1i-0: # Filter cache stats
   fhGETS: 9439697 # Filtered GETS hits
   fhGETX: 0 # Filtered GETX hits
   hGETS: 20146 # GETS hits
   hGETX: 0 # GETX hits
   mGETS: 2327 # GETS misses
   mGETXIM: 0 # GETX I->M misses
   mGETXSM: 0 # GETX S->M misses (upgrade misses)
   PUTS: 0 # Clean evictions (from lower level)
   PUTX: 0 # Dirty evictions (from lower level)
   INV: 675 # Invalidates (from upper level)
   INVX: 0 # Downgrades (from upper level)
   FWD: 0 # Forwards (from upper level)
   latGETnl: 170768 # GET request latency on next level
   latGETnet: 0 # GET request latency on network to next level
 l1d: # Cache stats
  l1d-0: # Filter cache stats
   fhGETS: 27205042 # Filtered GETS hits
   fhGETX: 9108234 # Filtered GETX hits
   hGETS: 15624046 # GETS hits
   hGETX: 5945086 # GETX hits
   mGETS: 244080 # GETS misses
   mGETXIM: 291770 # GETX I->M misses
   mGETXSM: 0 # GETX S->M misses (upgrade misses)
   PUTS: 0 # Clean evictions (from lower level)
   PUTX: 0 # Dirty evictions (from lower level)
   INV: 1164 # Invalidates (from upper level)
   INVX: 0 # Downgrades (from upper level)
   FWD: 0 # Forwards (from upper level)
   latGETnl: 25708586 # GET request latency on next level
   latGETnet: 0 # GET request latency on network to next level
 l2: # Cache stats
  l2-0: # Cache stats
   hGETS: 215247 # GETS hits
   hGETX: 1319 # GETX hits
   mGETS: 31160 # GETS misses
   mGETXIM: 290451 # GETX I->M misses
   mGETXSM: 0 # GETX S->M misses (upgrade misses)
   PUTS: 243292 # Clean evictions (from lower level)
   PUTX: 292173 # Dirty evictions (from lower level)
   INV: 5459 # Invalidates (from upper level)
   INVX: 0 # Downgrades (from upper level)
   FWD: 0 # Forwards (from upper level)
   latGETnl: 20497584 # GET request latency on next level
   latGETnet: 0 # GET request latency on network to next level
 l3: # Cache stats
  l3-0: # Cache stats
   hGETS: 24498 # GETS hits
   hGETX: 155125 # GETX hits
   mGETS: 6662 # GETS misses
   mGETXIM: 135326 # GETX I->M misses
   mGETXSM: 0 # GETX S->M misses (upgrade misses)
   PUTS: 26399 # Clean evictions (from lower level)
   PUTX: 285724 # Dirty evictions (from lower level)
   INV: 0 # Invalidates (from upper level)
   INVX: 0 # Downgrades (from upper level)
   FWD: 0 # Forwards (from upper level)
   latGETnl: 12778920 # GET request latency on next level
   latGETnet: 0 # GET request latency on network to next level
 mem: # Memory controller stats
  mem-0: # Memory controller stats
   rd: 35480 # Read requests
   wr: 26206 # Write requests
   rdlat: 5399752 # Total latency experienced by read requests
   wrlat: 3894638 # Total latency experienced by write requests
   rdhits: 4 # Read row hits
   wrhits: 171 # Write row hits
   mlh: # latency histogram for memory requests
    0: 0
    1: 0
    2: 0
    3: 0
    4: 0
    5: 0
    6: 0
    7: 0
    8: 0
    9: 0
    10: 0
    11: 2
    12: 1
    13: 26948
    14: 2468
    15: 32
    16: 19
    17: 11
    18: 9
    19: 15
    20: 16
    21: 15
    22: 46
    23: 5422
    24: 11
    25: 18
    26: 19
    27: 16
    28: 20
    29: 9
    30: 17
    31: 23
    32: 11
    33: 29
    34: 31
    35: 21
    36: 25
    37: 17
    38: 6
    39: 16
    40: 13
    41: 27
    42: 31
    43: 13
    44: 4
    45: 6
    46: 3
    47: 40
    48: 10
    49: 7
    50: 7
    51: 12
    52: 11
    53: 3
    54: 0
    55: 0
    56: 0
    57: 0
    58: 0
    59: 0
    60: 0
    61: 0
    62: 0
    63: 0
    64: 0
    65: 0
    66: 0
    67: 0
    68: 0
    69: 0
    70: 0
    71: 0
    72: 0
    73: 0
    74: 0
    75: 0
    76: 0
    77: 0
    78: 0
    79: 0
    80: 0
    81: 0
    82: 0
    83: 0
    84: 0
    85: 0
    86: 0
    87: 0
    88: 0
    89: 0
    90: 0
    91: 0
    92: 0
    93: 0
    94: 0
    95: 0
    96: 0
    97: 0
    98: 0
    99: 0
  mem-1: # Memory controller stats
   rd: 35553 # Read requests
   wr: 26254 # Write requests
   rdlat: 5402491 # Total latency experienced by read requests
   wrlat: 3908989 # Total latency experienced by write requests
   rdhits: 4 # Read row hits
   wrhits: 173 # Write row hits
   mlh: # latency histogram for memory requests
    0: 0
    1: 0
    2: 0
    3: 0
    4: 0
    5: 0
    6: 0
    7: 0
    8: 0
    9: 0
    10: 0
    11: 2
    12: 1
    13: 27018
    14: 2476
    15: 27
    16: 31
    17: 8
    18: 22
    19: 20
    20: 9
    21: 13
    22: 49
    23: 5422
    24: 14
    25: 18
    26: 7
    27: 18
    28: 37
    29: 20
    30: 18
    31: 8
    32: 25
    33: 26
    34: 17
    35: 20
    36: 15
    37: 26
    38: 16
    39: 13
    40: 19
    41: 22
    42: 9
    43: 9
    44: 3
    45: 4
    46: 5
    47: 48
    48: 8
    49: 6
    50: 7
    51: 6
    52: 7
    53: 4
    54: 0
    55: 0
    56: 0
    57: 0
    58: 0
    59: 0
    60: 0
    61: 0
    62: 0
    63: 0
    64: 0
    65: 0
    66: 0
    67: 0
    68: 0
    69: 0
    70: 0
    71: 0
    72: 0
    73: 0
    74: 0
    75: 0
    76: 0
    77: 0
    78: 0
    79: 0
    80: 0
    81: 0
    82: 0
    83: 0
    84: 0
    85: 0
    86: 0
    87: 0
    88: 0
    89: 0
    90: 0
    91: 0
    92: 0
    93: 0
    94: 0
    95: 0
    96: 0
    97: 0
    98: 0
    99: 0
  mem-2: # Memory controller stats
   rd: 35501 # Read requests
   wr: 26222 # Write requests
   rdlat: 5394796 # Total latency experienced by read requests
   wrlat: 3887833 # Total latency experienced by write requests
   rdhits: 3 # Read row hits
   wrhits: 161 # Write row hits
   mlh: # latency histogram for memory requests
    0: 0
    1: 0
    2: 0
    3: 0
    4: 0
    5: 0
    6: 0
    7: 0
    8: 0
    9: 0
    10: 0
    11: 2
    12: 0
    13: 26961
    14: 2471
    15: 28
    16: 18
    17: 12
    18: 17
    19: 10
    20: 15
    21: 20
    22: 57
    23: 5424
    24: 20
    25: 27
    26: 21
    27: 23
    28: 20
    29: 20
    30: 26
    31: 20
    32: 21
    33: 16
    34: 21
    35: 14
    36: 24
    37: 17
    38: 10
    39: 11
    40: 19
    41: 23
    42: 22
    43: 10
    44: 3
    45: 2
    46: 10
    47: 35
    48: 6
    49: 2
    50: 4
    51: 8
    52: 9
    53: 2
    54: 0
    55: 0
    56: 0
    57: 0
    58: 0
    59: 0
    60: 0
    61: 0
    62: 0
    63: 0
    64: 0
    65: 0
    66: 0
    67: 0
    68: 0
    69: 0
    70: 0
    71: 0
    72: 0
    73: 0
    74: 0
    75: 0
    76: 0
    77: 0
    78: 0
    79: 0
    80: 0
    81: 0
    82: 0
    83: 0
    84: 0
    85: 0
    86: 0
    87: 0
    88: 0
    89: 0
    90: 0
    91: 0
    92: 0
    93: 0
    94: 0
    95: 0
    96: 0
    97: 0
    98: 0
    99: 0
  mem-3: # Memory controller stats
   rd: 35448 # Read requests
   wr: 26226 # Write requests
   rdlat: 5388937 # Total latency experienced by read requests
   wrlat: 3905858 # Total latency experienced by write requests
   rdhits: 3 # Read row hits
   wrhits: 154 # Write row hits
   mlh: # latency histogram for memory requests
    0: 0
    1: 0
    2: 0
    3: 0
    4: 0
    5: 0
    6: 0
    7: 0
    8: 0
    9: 0
    10: 0
    11: 0
    12: 1
    13: 26922
    14: 2469
    15: 35
    16: 16
    17: 8
    18: 11
    19: 16
    20: 7
    21: 15
    22: 52
    23: 5441
    24: 11
    25: 8
    26: 14
    27: 8
    28: 34
    29: 33
    30: 30
    31: 21
    32: 16
    33: 17
    34: 12
    35: 24
    36: 18
    37: 10
    38: 14
    39: 22
    40: 19
    41: 23
    42: 20
    43: 21
    44: 7
    45: 1
    46: 5
    47: 31
    48: 8
    49: 2
    50: 8
    51: 6
    52: 9
    53: 3
    54: 0
    55: 0
    56: 0
    57: 0
    58: 0
    59: 0
    60: 0
    61: 0
    62: 0
    63: 0
    64: 0
    65: 0
    66: 0
    67: 0
    68: 0
    69: 0
    70: 0
    71: 0
    72: 0
    73: 0
    74: 0
    75: 0
    76: 0
    77: 0
    78: 0
    79: 0
    80: 0
    81: 0
    82: 0
    83: 0
    84: 0
    85: 0
    86: 0
    87: 0
    88: 0
    89: 0
    90: 0
    91: 0
    92: 0
    93: 0
    94: 0
    95: 0
    96: 0
    97: 0
    98: 0
    99: 0
 sched: # Scheduler stats
  thCr: 1 # Threads created
  thFn: 1 # Threads finished
  schedEvs: 1 # Schedule events
  waitEvs: 0 # Wait events
  handoffEvs: 0 # Handoff events
  sleepEvs: 0 # Sleep events
  idlePhases: 0 # Phases with no thread active
  idlePeriods: 0 # Periods with no thread active
  occHist: # Occupancy histogram
   0: 0
   1: 6352
  rqSzHist: # Run queue size histogram
   0: 6352
   1: 0
   2: 0
   3: 0
   4: 0
   5: 0
   6: 0
   7: 0
   8: 0
   9: 0
   10: 0
   11: 0
   12: 0
   13: 0
   14: 0
   15: 0
   16: 0
 procCycles: # Per-process unhalted core cycles
  0: 63521806
  1: 0
  2: 0
  3: 0
  4: 0
  5: 0
  6: 0
  7: 0
  8: 0
  9: 0
  10: 0
  11: 0
  12: 0
  13: 0
  14: 0
  15: 0
  16: 0
  17: 0
  18: 0
  19: 0
  20: 0
  21: 0
  22: 0
  23: 0
  24: 0
  25: 0
  26: 0
  27: 0
  28: 0
  29: 0
  30: 0
  31: 0
  32: 0
  33: 0
  34: 0
  35: 0
  36: 0
  37: 0
  38: 0
  39: 0
  40: 0
  41: 0
  42: 0
  43: 0
  44: 0
  45: 0
  46: 0
  47: 0
  48: 0
  49: 0
  50: 0
  51: 0
  52: 0
  53: 0
  54: 0
  55: 0
  56: 0
  57: 0
  58: 0
  59: 0
  60: 0
  61: 0
  62: 0
  63: 0
 procInstrs: # Per-process instructions
  0: 100000536
  1: 0
  2: 0
  3: 0
  4: 0
  5: 0
  6: 0
  7: 0
  8: 0
  9: 0
  10: 0
  11: 0
  12: 0
  13: 0
  14: 0
  15: 0
  16: 0
  17: 0
  18: 0
  19: 0
  20: 0
  21: 0
  22: 0
  23: 0
  24: 0
  25: 0
  26: 0
  27: 0
  28: 0
  29: 0
  30: 0
  31: 0
  32: 0
  33: 0
  34: 0
  35: 0
  36: 0
  37: 0
  38: 0
  39: 0
  40: 0
  41: 0
  42: 0
  43: 0
  44: 0
  45: 0
  46: 0
  47: 0
  48: 0
  49: 0
  50: 0
  51: 0
  52: 0
  53: 0
  54: 0
  55: 0
  56: 0
  57: 0
  58: 0
  59: 0
  60: 0
  61: 0
  62: 0
  63: 0
 heartbeats: # Per-process heartbeats
  0: 0
  1: 0
  2: 0
  3: 0
  4: 0
  5: 0
  6: 0
  7: 0
  8: 0
  9: 0
  10: 0
  11: 0
  12: 0
  13: 0
  14: 0
  15: 0
  16: 0
  17: 0
  18: 0
  19: 0
  20: 0
  21: 0
  22: 0
  23: 0
  24: 0
  25: 0
  26: 0
  27: 0
  28: 0
  29: 0
  30: 0
  31: 0
  32: 0
  33: 0
  34: 0
  35: 0
  36: 0
  37: 0
  38: 0
  39: 0
  40: 0
  41: 0
  42: 0
  43: 0
  44: 0
  45: 0
  46: 0
  47: 0
  48: 0
  49: 0
  50: 0
  51: 0
  52: 0
  53: 0
  54: 0
  55: 0
  56: 0
  57: 0
  58: 0
  59: 0
  60: 0
  61: 0
  62: 0
  63: 0
===
