# zsim stats
===
root: # Stats
 contention: # Contention simulation stats
  domain-0: # Domain stats
   time: 351873414 # Weave simulation time
 time: # Simulator time breakdown
  init: 45938218015
  bound: 6668081196
  weave: 500441040
  ff: 0
 trigger: 20000 # Reason for this stats dump
 phase: 9109 # Simulated phases
 westmere: # Core stats
  westmere-0: # Core stats
   cycles: 91090043 # Simulated unhalted cycles
   cCycles: 6848838 # Cycles due to contention stalls
   instrs: 100010907 # Simulated instructions
   uops: 113810656 # Retired micro-ops
   bbls: 14846816 # Basic blocks
   approxInstrs: 596117 # Instrs with approx uop decoding
   mispredBranches: 789669 # Mispredicted branches
   condBranches: 12875870 # conditional branches
 l1i: # Cache stats
  l1i-0: # Filter cache stats
   fhGETS: 19608574 # Filtered GETS hits
   fhGETX: 0 # Filtered GETX hits
   hGETS: 198 # GETS hits
   hGETX: 0 # GETX hits
   mGETS: 162 # GETS misses
   mGETXIM: 0 # GETX I->M misses
   mGETXSM: 0 # GETX S->M misses (upgrade misses)
   PUTS: 0 # Clean evictions (from lower level)
   PUTX: 0 # Dirty evictions (from lower level)
   INV: 0 # Invalidates (from upper level)
   INVX: 0 # Downgrades (from upper level)
   FWD: 0 # Forwards (from upper level)
   latGETnl: 20088 # GET request latency on next level
   latGETnet: 0 # GET request latency on network to next level
 l1d: # Cache stats
  l1d-0: # Filter cache stats
   fhGETS: 25398389 # Filtered GETS hits
   fhGETX: 11458822 # Filtered GETX hits
   hGETS: 963234 # GETS hits
   hGETX: 1606486 # GETX hits
   mGETS: 1934870 # GETS misses
   mGETXIM: 1093070 # GETX I->M misses
   mGETXSM: 0 # GETX S->M misses (upgrade misses)
   PUTS: 0 # Clean evictions (from lower level)
   PUTX: 0 # Dirty evictions (from lower level)
   INV: 0 # Invalidates (from upper level)
   INVX: 0 # Downgrades (from upper level)
   FWD: 0 # Forwards (from upper level)
   latGETnl: 101730934 # GET request latency on next level
   latGETnet: 0 # GET request latency on network to next level
 l2: # Cache stats
  l2-0: # Cache stats
   hGETS: 940761 # GETS hits
   hGETX: 119123 # GETX hits
   mGETS: 994271 # GETS misses
   mGETXIM: 973947 # GETX I->M misses
   mGETXSM: 0 # GETX S->M misses (upgrade misses)
   PUTS: 942895 # Clean evictions (from lower level)
   PUTX: 2084533 # Dirty evictions (from lower level)
   INV: 0 # Invalidates (from upper level)
   INVX: 0 # Downgrades (from upper level)
   FWD: 0 # Forwards (from upper level)
   latGETnl: 71470002 # GET request latency on next level
   latGETnet: 0 # GET request latency on network to next level
 l3: # Cache stats
  l3-0: # Cache stats
   hGETS: 916433 # GETS hits
   hGETX: 782532 # GETX hits
   mGETS: 77838 # GETS misses
   mGETXIM: 191415 # GETX I->M misses
   mGETXSM: 0 # GETX S->M misses (upgrade misses)
   PUTS: 580307 # Clean evictions (from lower level)
   PUTX: 1383815 # Dirty evictions (from lower level)
   INV: 0 # Invalidates (from upper level)
   INVX: 0 # Downgrades (from upper level)
   FWD: 0 # Forwards (from upper level)
   latGETnl: 24232770 # GET request latency on next level
   latGETnet: 0 # GET request latency on network to next level
 mem: # Memory controller stats
  mem-0: # Memory controller stats
   rd: 67201 # Read requests
   wr: 50607 # Write requests
   rdlat: 9119728 # Total latency experienced by read requests
   wrlat: 7416810 # Total latency experienced by write requests
   rdhits: 716 # Read row hits
   wrhits: 573 # Write row hits
   mlh: # latency histogram for memory requests
    0: 0
    1: 0
    2: 0
    3: 0
    4: 0
    5: 0
    6: 0
    7: 0
    8: 0
    9: 0
    10: 0
    11: 122
    12: 133
    13: 61375
    14: 2211
    15: 1139
    16: 623
    17: 138
    18: 131
    19: 118
    20: 121
    21: 185
    22: 50
    23: 68
    24: 65
    25: 41
    26: 22
    27: 32
    28: 33
    29: 28
    30: 38
    31: 30
    32: 43
    33: 37
    34: 37
    35: 35
    36: 41
    37: 37
    38: 42
    39: 44
    40: 47
    41: 41
    42: 40
    43: 19
    44: 7
    45: 6
    46: 7
    47: 6
    48: 2
    49: 3
    50: 1
    51: 1
    52: 0
    53: 1
    54: 1
    55: 0
    56: 0
    57: 0
    58: 0
    59: 0
    60: 0
    61: 0
    62: 0
    63: 0
    64: 0
    65: 0
    66: 0
    67: 0
    68: 0
    69: 0
    70: 0
    71: 0
    72: 0
    73: 0
    74: 0
    75: 0
    76: 0
    77: 0
    78: 0
    79: 0
    80: 0
    81: 0
    82: 0
    83: 0
    84: 0
    85: 0
    86: 0
    87: 0
    88: 0
    89: 0
    90: 0
    91: 0
    92: 0
    93: 0
    94: 0
    95: 0
    96: 0
    97: 0
    98: 0
    99: 0
  mem-1: # Memory controller stats
   rd: 67300 # Read requests
   wr: 50747 # Write requests
   rdlat: 9129864 # Total latency experienced by read requests
   wrlat: 7445112 # Total latency experienced by write requests
   rdhits: 723 # Read row hits
   wrhits: 552 # Write row hits
   mlh: # latency histogram for memory requests
    0: 0
    1: 0
    2: 0
    3: 0
    4: 0
    5: 0
    6: 0
    7: 0
    8: 0
    9: 0
    10: 0
    11: 105
    12: 146
    13: 61705
    14: 2144
    15: 1044
    16: 569
    17: 141
    18: 114
    19: 145
    20: 140
    21: 150
    22: 61
    23: 50
    24: 67
    25: 44
    26: 33
    27: 24
    28: 37
    29: 31
    30: 31
    31: 36
    32: 26
    33: 35
    34: 55
    35: 40
    36: 39
    37: 42
    38: 57
    39: 41
    40: 32
    41: 35
    42: 37
    43: 17
    44: 5
    45: 7
    46: 3
    47: 5
    48: 4
    49: 0
    50: 1
    51: 0
    52: 0
    53: 1
    54: 1
    55: 0
    56: 0
    57: 0
    58: 0
    59: 0
    60: 0
    61: 0
    62: 0
    63: 0
    64: 0
    65: 0
    66: 0
    67: 0
    68: 0
    69: 0
    70: 0
    71: 0
    72: 0
    73: 0
    74: 0
    75: 0
    76: 0
    77: 0
    78: 0
    79: 0
    80: 0
    81: 0
    82: 0
    83: 0
    84: 0
    85: 0
    86: 0
    87: 0
    88: 0
    89: 0
    90: 0
    91: 0
    92: 0
    93: 0
    94: 0
    95: 0
    96: 0
    97: 0
    98: 0
    99: 0
  mem-2: # Memory controller stats
   rd: 67422 # Read requests
   wr: 50691 # Write requests
   rdlat: 9146040 # Total latency experienced by read requests
   wrlat: 7410024 # Total latency experienced by write requests
   rdhits: 773 # Read row hits
   wrhits: 554 # Write row hits
   mlh: # latency histogram for memory requests
    0: 0
    1: 0
    2: 0
    3: 0
    4: 0
    5: 0
    6: 0
    7: 0
    8: 0
    9: 0
    10: 0
    11: 120
    12: 152
    13: 61604
    14: 2172
    15: 1091
    16: 607
    17: 133
    18: 123
    19: 173
    20: 191
    21: 177
    22: 67
    23: 54
    24: 61
    25: 54
    26: 23
    27: 24
    28: 20
    29: 41
    30: 28
    31: 37
    32: 32
    33: 44
    34: 37
    35: 37
    36: 39
    37: 50
    38: 36
    39: 30
    40: 50
    41: 35
    42: 38
    43: 19
    44: 3
    45: 10
    46: 3
    47: 3
    48: 4
    49: 0
    50: 0
    51: 0
    52: 0
    53: 0
    54: 0
    55: 0
    56: 0
    57: 0
    58: 0
    59: 0
    60: 0
    61: 0
    62: 0
    63: 0
    64: 0
    65: 0
    66: 0
    67: 0
    68: 0
    69: 0
    70: 0
    71: 0
    72: 0
    73: 0
    74: 0
    75: 0
    76: 0
    77: 0
    78: 0
    79: 0
    80: 0
    81: 0
    82: 0
    83: 0
    84: 0
    85: 0
    86: 0
    87: 0
    88: 0
    89: 0
    90: 0
    91: 0
    92: 0
    93: 0
    94: 0
    95: 0
    96: 0
    97: 0
    98: 0
    99: 0
  mem-3: # Memory controller stats
   rd: 67330 # Read requests
   wr: 50578 # Write requests
   rdlat: 9124989 # Total latency experienced by read requests
   wrlat: 7413011 # Total latency experienced by write requests
   rdhits: 768 # Read row hits
   wrhits: 556 # Write row hits
   mlh: # latency histogram for memory requests
    0: 0
    1: 0
    2: 0
    3: 0
    4: 0
    5: 0
    6: 0
    7: 0
    8: 0
    9: 0
    10: 0
    11: 126
    12: 148
    13: 61671
    14: 2208
    15: 1090
    16: 561
    17: 142
    18: 125
    19: 133
    20: 128
    21: 132
    22: 56
    23: 55
    24: 58
    25: 42
    26: 32
    27: 26
    28: 26
    29: 25
    30: 48
    31: 34
    32: 36
    33: 45
    34: 44
    35: 33
    36: 40
    37: 54
    38: 34
    39: 30
    40: 38
    41: 40
    42: 41
    43: 14
    44: 3
    45: 4
    46: 5
    47: 3
    48: 0
    49: 0
    50: 0
    51: 0
    52: 0
    53: 0
    54: 0
    55: 0
    56: 0
    57: 0
    58: 0
    59: 0
    60: 0
    61: 0
    62: 0
    63: 0
    64: 0
    65: 0
    66: 0
    67: 0
    68: 0
    69: 0
    70: 0
    71: 0
    72: 0
    73: 0
    74: 0
    75: 0
    76: 0
    77: 0
    78: 0
    79: 0
    80: 0
    81: 0
    82: 0
    83: 0
    84: 0
    85: 0
    86: 0
    87: 0
    88: 0
    89: 0
    90: 0
    91: 0
    92: 0
    93: 0
    94: 0
    95: 0
    96: 0
    97: 0
    98: 0
    99: 0
 sched: # Scheduler stats
  thCr: 1 # Threads created
  thFn: 1 # Threads finished
  schedEvs: 1 # Schedule events
  waitEvs: 0 # Wait events
  handoffEvs: 0 # Handoff events
  sleepEvs: 0 # Sleep events
  idlePhases: 0 # Phases with no thread active
  idlePeriods: 0 # Periods with no thread active
  occHist: # Occupancy histogram
   0: 0
   1: 9109
  rqSzHist: # Run queue size histogram
   0: 9109
   1: 0
   2: 0
   3: 0
   4: 0
   5: 0
   6: 0
   7: 0
   8: 0
   9: 0
   10: 0
   11: 0
   12: 0
   13: 0
   14: 0
   15: 0
   16: 0
 procCycles: # Per-process unhalted core cycles
  0: 91090043
  1: 0
  2: 0
  3: 0
  4: 0
  5: 0
  6: 0
  7: 0
  8: 0
  9: 0
  10: 0
  11: 0
  12: 0
  13: 0
  14: 0
  15: 0
  16: 0
  17: 0
  18: 0
  19: 0
  20: 0
  21: 0
  22: 0
  23: 0
  24: 0
  25: 0
  26: 0
  27: 0
  28: 0
  29: 0
  30: 0
  31: 0
  32: 0
  33: 0
  34: 0
  35: 0
  36: 0
  37: 0
  38: 0
  39: 0
  40: 0
  41: 0
  42: 0
  43: 0
  44: 0
  45: 0
  46: 0
  47: 0
  48: 0
  49: 0
  50: 0
  51: 0
  52: 0
  53: 0
  54: 0
  55: 0
  56: 0
  57: 0
  58: 0
  59: 0
  60: 0
  61: 0
  62: 0
  63: 0
 procInstrs: # Per-process instructions
  0: 100010907
  1: 0
  2: 0
  3: 0
  4: 0
  5: 0
  6: 0
  7: 0
  8: 0
  9: 0
  10: 0
  11: 0
  12: 0
  13: 0
  14: 0
  15: 0
  16: 0
  17: 0
  18: 0
  19: 0
  20: 0
  21: 0
  22: 0
  23: 0
  24: 0
  25: 0
  26: 0
  27: 0
  28: 0
  29: 0
  30: 0
  31: 0
  32: 0
  33: 0
  34: 0
  35: 0
  36: 0
  37: 0
  38: 0
  39: 0
  40: 0
  41: 0
  42: 0
  43: 0
  44: 0
  45: 0
  46: 0
  47: 0
  48: 0
  49: 0
  50: 0
  51: 0
  52: 0
  53: 0
  54: 0
  55: 0
  56: 0
  57: 0
  58: 0
  59: 0
  60: 0
  61: 0
  62: 0
  63: 0
 heartbeats: # Per-process heartbeats
  0: 0
  1: 0
  2: 0
  3: 0
  4: 0
  5: 0
  6: 0
  7: 0
  8: 0
  9: 0
  10: 0
  11: 0
  12: 0
  13: 0
  14: 0
  15: 0
  16: 0
  17: 0
  18: 0
  19: 0
  20: 0
  21: 0
  22: 0
  23: 0
  24: 0
  25: 0
  26: 0
  27: 0
  28: 0
  29: 0
  30: 0
  31: 0
  32: 0
  33: 0
  34: 0
  35: 0
  36: 0
  37: 0
  38: 0
  39: 0
  40: 0
  41: 0
  42: 0
  43: 0
  44: 0
  45: 0
  46: 0
  47: 0
  48: 0
  49: 0
  50: 0
  51: 0
  52: 0
  53: 0
  54: 0
  55: 0
  56: 0
  57: 0
  58: 0
  59: 0
  60: 0
  61: 0
  62: 0
  63: 0
===
