# zsim stats
===
root: # Stats
 contention: # Contention simulation stats
  domain-0: # Domain stats
   time: 236739531 # Weave simulation time
 time: # Simulator time breakdown
  init: 46225154694
  bound: 6588830311
  weave: 346241536
  ff: 0
 trigger: 20000 # Reason for this stats dump
 phase: 9150 # Simulated phases
 westmere: # Core stats
  westmere-0: # Core stats
   cycles: 91500042 # Simulated unhalted cycles
   cCycles: 6972366 # Cycles due to contention stalls
   instrs: 100019313 # Simulated instructions
   uops: 113819091 # Retired micro-ops
   bbls: 14848210 # Basic blocks
   approxInstrs: 596117 # Instrs with approx uop decoding
   mispredBranches: 789681 # Mispredicted branches
   condBranches: 12877253 # conditional branches
 l1i: # Cache stats
  l1i-0: # Filter cache stats
   fhGETS: 19608658 # Filtered GETS hits
   fhGETX: 0 # Filtered GETX hits
   hGETS: 195 # GETS hits
   hGETX: 0 # GETX hits
   mGETS: 908 # GETS misses
   mGETXIM: 0 # GETX I->M misses
   mGETXSM: 0 # GETX S->M misses (upgrade misses)
   PUTS: 0 # Clean evictions (from lower level)
   PUTX: 0 # Dirty evictions (from lower level)
   INV: 877 # Invalidates (from upper level)
   INVX: 0 # Downgrades (from upper level)
   FWD: 0 # Forwards (from upper level)
   latGETnl: 112592 # GET request latency on next level
   latGETnet: 0 # GET request latency on network to next level
 l1d: # Cache stats
  l1d-0: # Filter cache stats
   fhGETS: 25399777 # Filtered GETS hits
   fhGETX: 11460201 # Filtered GETX hits
   hGETS: 963242 # GETS hits
   hGETX: 1606463 # GETX hits
   mGETS: 1934882 # GETS misses
   mGETXIM: 1093098 # GETX I->M misses
   mGETXSM: 0 # GETX S->M misses (upgrade misses)
   PUTS: 0 # Clean evictions (from lower level)
   PUTX: 0 # Dirty evictions (from lower level)
   INV: 1985 # Invalidates (from upper level)
   INVX: 0 # Downgrades (from upper level)
   FWD: 0 # Forwards (from upper level)
   latGETnl: 101503130 # GET request latency on next level
   latGETnet: 0 # GET request latency on network to next level
 l2: # Cache stats
  l2-0: # Cache stats
   hGETS: 947373 # GETS hits
   hGETX: 121422 # GETX hits
   mGETS: 988417 # GETS misses
   mGETXIM: 971676 # GETX I->M misses
   mGETXSM: 0 # GETX S->M misses (upgrade misses)
   PUTS: 941383 # Clean evictions (from lower level)
   PUTX: 2084100 # Dirty evictions (from lower level)
   INV: 8078 # Invalidates (from upper level)
   INVX: 0 # Downgrades (from upper level)
   FWD: 0 # Forwards (from upper level)
   latGETnl: 71326842 # GET request latency on next level
   latGETnet: 0 # GET request latency on network to next level
 l3: # Cache stats
  l3-0: # Cache stats
   hGETS: 893648 # GETS hits
   hGETX: 796616 # GETX hits
   mGETS: 94769 # GETS misses
   mGETXIM: 175060 # GETX I->M misses
   mGETXSM: 0 # GETX S->M misses (upgrade misses)
   PUTS: 573109 # Clean evictions (from lower level)
   PUTX: 1374810 # Dirty evictions (from lower level)
   INV: 0 # Invalidates (from upper level)
   INVX: 0 # Downgrades (from upper level)
   FWD: 0 # Forwards (from upper level)
   latGETnl: 24284610 # GET request latency on next level
   latGETnet: 0 # GET request latency on network to next level
 mem: # Memory controller stats
  mem-0: # Memory controller stats
   rd: 67645 # Read requests
   wr: 49563 # Write requests
   rdlat: 9234603 # Total latency experienced by read requests
   wrlat: 7348727 # Total latency experienced by write requests
   rdhits: 1770 # Read row hits
   wrhits: 670 # Write row hits
   mlh: # latency histogram for memory requests
    0: 0
    1: 0
    2: 0
    3: 0
    4: 0
    5: 0
    6: 0
    7: 0
    8: 0
    9: 0
    10: 0
    11: 198
    12: 280
    13: 60466
    14: 2345
    15: 1252
    16: 688
    17: 294
    18: 321
    19: 307
    20: 314
    21: 257
    22: 49
    23: 71
    24: 76
    25: 49
    26: 32
    27: 23
    28: 33
    29: 29
    30: 24
    31: 28
    32: 36
    33: 53
    34: 36
    35: 40
    36: 42
    37: 49
    38: 32
    39: 44
    40: 42
    41: 40
    42: 40
    43: 19
    44: 7
    45: 11
    46: 7
    47: 2
    48: 5
    49: 2
    50: 0
    51: 0
    52: 0
    53: 1
    54: 0
    55: 0
    56: 1
    57: 0
    58: 0
    59: 0
    60: 0
    61: 0
    62: 0
    63: 0
    64: 0
    65: 0
    66: 0
    67: 0
    68: 0
    69: 0
    70: 0
    71: 0
    72: 0
    73: 0
    74: 0
    75: 0
    76: 0
    77: 0
    78: 0
    79: 0
    80: 0
    81: 0
    82: 0
    83: 0
    84: 0
    85: 0
    86: 0
    87: 0
    88: 0
    89: 0
    90: 0
    91: 0
    92: 0
    93: 0
    94: 0
    95: 0
    96: 0
    97: 0
    98: 0
    99: 0
  mem-1: # Memory controller stats
   rd: 67297 # Read requests
   wr: 49451 # Write requests
   rdlat: 9190556 # Total latency experienced by read requests
   wrlat: 7329590 # Total latency experienced by write requests
   rdhits: 1720 # Read row hits
   wrhits: 631 # Write row hits
   mlh: # latency histogram for memory requests
    0: 0
    1: 0
    2: 0
    3: 0
    4: 0
    5: 0
    6: 0
    7: 0
    8: 0
    9: 0
    10: 0
    11: 188
    12: 268
    13: 60329
    14: 2301
    15: 1212
    16: 634
    17: 276
    18: 270
    19: 341
    20: 344
    21: 230
    22: 47
    23: 47
    24: 50
    25: 48
    26: 38
    27: 24
    28: 30
    29: 31
    30: 42
    31: 34
    32: 39
    33: 42
    34: 48
    35: 38
    36: 41
    37: 56
    38: 36
    39: 41
    40: 33
    41: 37
    42: 31
    43: 24
    44: 13
    45: 8
    46: 6
    47: 6
    48: 9
    49: 2
    50: 1
    51: 0
    52: 2
    53: 0
    54: 0
    55: 0
    56: 0
    57: 0
    58: 0
    59: 0
    60: 0
    61: 0
    62: 0
    63: 0
    64: 0
    65: 0
    66: 0
    67: 0
    68: 0
    69: 0
    70: 0
    71: 0
    72: 0
    73: 0
    74: 0
    75: 0
    76: 0
    77: 0
    78: 0
    79: 0
    80: 0
    81: 0
    82: 0
    83: 0
    84: 0
    85: 0
    86: 0
    87: 0
    88: 0
    89: 0
    90: 0
    91: 0
    92: 0
    93: 0
    94: 0
    95: 0
    96: 0
    97: 0
    98: 0
    99: 0
  mem-2: # Memory controller stats
   rd: 67570 # Read requests
   wr: 49594 # Write requests
   rdlat: 9229210 # Total latency experienced by read requests
   wrlat: 7411890 # Total latency experienced by write requests
   rdhits: 1996 # Read row hits
   wrhits: 704 # Write row hits
   mlh: # latency histogram for memory requests
    0: 0
    1: 0
    2: 0
    3: 0
    4: 0
    5: 0
    6: 0
    7: 0
    8: 0
    9: 0
    10: 0
    11: 235
    12: 274
    13: 60121
    14: 2394
    15: 1228
    16: 759
    17: 338
    18: 349
    19: 383
    20: 363
    21: 246
    22: 64
    23: 74
    24: 51
    25: 39
    26: 27
    27: 19
    28: 35
    29: 31
    30: 27
    31: 40
    32: 37
    33: 30
    34: 42
    35: 34
    36: 31
    37: 50
    38: 39
    39: 46
    40: 41
    41: 39
    42: 33
    43: 12
    44: 8
    45: 6
    46: 6
    47: 8
    48: 9
    49: 0
    50: 1
    51: 1
    52: 0
    53: 0
    54: 0
    55: 0
    56: 0
    57: 0
    58: 0
    59: 0
    60: 0
    61: 0
    62: 0
    63: 0
    64: 0
    65: 0
    66: 0
    67: 0
    68: 0
    69: 0
    70: 0
    71: 0
    72: 0
    73: 0
    74: 0
    75: 0
    76: 0
    77: 0
    78: 0
    79: 0
    80: 0
    81: 0
    82: 0
    83: 0
    84: 0
    85: 0
    86: 0
    87: 0
    88: 0
    89: 0
    90: 0
    91: 0
    92: 0
    93: 0
    94: 0
    95: 0
    96: 0
    97: 0
    98: 0
    99: 0
  mem-3: # Memory controller stats
   rd: 67317 # Read requests
   wr: 49554 # Write requests
   rdlat: 9169646 # Total latency experienced by read requests
   wrlat: 7356994 # Total latency experienced by write requests
   rdhits: 1812 # Read row hits
   wrhits: 582 # Write row hits
   mlh: # latency histogram for memory requests
    0: 0
    1: 0
    2: 0
    3: 0
    4: 0
    5: 0
    6: 0
    7: 0
    8: 0
    9: 0
    10: 0
    11: 228
    12: 275
    13: 60452
    14: 2370
    15: 1097
    16: 692
    17: 280
    18: 264
    19: 322
    20: 289
    21: 205
    22: 48
    23: 43
    24: 54
    25: 50
    26: 30
    27: 22
    28: 22
    29: 34
    30: 48
    31: 44
    32: 41
    33: 38
    34: 47
    35: 26
    36: 34
    37: 49
    38: 35
    39: 35
    40: 33
    41: 35
    42: 31
    43: 13
    44: 9
    45: 3
    46: 9
    47: 7
    48: 3
    49: 0
    50: 0
    51: 0
    52: 0
    53: 0
    54: 0
    55: 0
    56: 0
    57: 0
    58: 0
    59: 0
    60: 0
    61: 0
    62: 0
    63: 0
    64: 0
    65: 0
    66: 0
    67: 0
    68: 0
    69: 0
    70: 0
    71: 0
    72: 0
    73: 0
    74: 0
    75: 0
    76: 0
    77: 0
    78: 0
    79: 0
    80: 0
    81: 0
    82: 0
    83: 0
    84: 0
    85: 0
    86: 0
    87: 0
    88: 0
    89: 0
    90: 0
    91: 0
    92: 0
    93: 0
    94: 0
    95: 0
    96: 0
    97: 0
    98: 0
    99: 0
 sched: # Scheduler stats
  thCr: 1 # Threads created
  thFn: 1 # Threads finished
  schedEvs: 1 # Schedule events
  waitEvs: 0 # Wait events
  handoffEvs: 0 # Handoff events
  sleepEvs: 0 # Sleep events
  idlePhases: 0 # Phases with no thread active
  idlePeriods: 0 # Periods with no thread active
  occHist: # Occupancy histogram
   0: 0
   1: 9150
  rqSzHist: # Run queue size histogram
   0: 9150
   1: 0
   2: 0
   3: 0
   4: 0
   5: 0
   6: 0
   7: 0
   8: 0
   9: 0
   10: 0
   11: 0
   12: 0
   13: 0
   14: 0
   15: 0
   16: 0
 procCycles: # Per-process unhalted core cycles
  0: 91500042
  1: 0
  2: 0
  3: 0
  4: 0
  5: 0
  6: 0
  7: 0
  8: 0
  9: 0
  10: 0
  11: 0
  12: 0
  13: 0
  14: 0
  15: 0
  16: 0
  17: 0
  18: 0
  19: 0
  20: 0
  21: 0
  22: 0
  23: 0
  24: 0
  25: 0
  26: 0
  27: 0
  28: 0
  29: 0
  30: 0
  31: 0
  32: 0
  33: 0
  34: 0
  35: 0
  36: 0
  37: 0
  38: 0
  39: 0
  40: 0
  41: 0
  42: 0
  43: 0
  44: 0
  45: 0
  46: 0
  47: 0
  48: 0
  49: 0
  50: 0
  51: 0
  52: 0
  53: 0
  54: 0
  55: 0
  56: 0
  57: 0
  58: 0
  59: 0
  60: 0
  61: 0
  62: 0
  63: 0
 procInstrs: # Per-process instructions
  0: 100019313
  1: 0
  2: 0
  3: 0
  4: 0
  5: 0
  6: 0
  7: 0
  8: 0
  9: 0
  10: 0
  11: 0
  12: 0
  13: 0
  14: 0
  15: 0
  16: 0
  17: 0
  18: 0
  19: 0
  20: 0
  21: 0
  22: 0
  23: 0
  24: 0
  25: 0
  26: 0
  27: 0
  28: 0
  29: 0
  30: 0
  31: 0
  32: 0
  33: 0
  34: 0
  35: 0
  36: 0
  37: 0
  38: 0
  39: 0
  40: 0
  41: 0
  42: 0
  43: 0
  44: 0
  45: 0
  46: 0
  47: 0
  48: 0
  49: 0
  50: 0
  51: 0
  52: 0
  53: 0
  54: 0
  55: 0
  56: 0
  57: 0
  58: 0
  59: 0
  60: 0
  61: 0
  62: 0
  63: 0
 heartbeats: # Per-process heartbeats
  0: 0
  1: 0
  2: 0
  3: 0
  4: 0
  5: 0
  6: 0
  7: 0
  8: 0
  9: 0
  10: 0
  11: 0
  12: 0
  13: 0
  14: 0
  15: 0
  16: 0
  17: 0
  18: 0
  19: 0
  20: 0
  21: 0
  22: 0
  23: 0
  24: 0
  25: 0
  26: 0
  27: 0
  28: 0
  29: 0
  30: 0
  31: 0
  32: 0
  33: 0
  34: 0
  35: 0
  36: 0
  37: 0
  38: 0
  39: 0
  40: 0
  41: 0
  42: 0
  43: 0
  44: 0
  45: 0
  46: 0
  47: 0
  48: 0
  49: 0
  50: 0
  51: 0
  52: 0
  53: 0
  54: 0
  55: 0
  56: 0
  57: 0
  58: 0
  59: 0
  60: 0
  61: 0
  62: 0
  63: 0
===
