# zsim stats
===
root: # Stats
 contention: # Contention simulation stats
  domain-0: # Domain stats
   time: 1063631406 # Weave simulation time
 time: # Simulator time breakdown
  init: 919600085423
  bound: 7488589869
  weave: 1209041557
  ff: 0
 trigger: 20000 # Reason for this stats dump
 phase: 12613 # Simulated phases
 westmere: # Core stats
  westmere-0: # Core stats
   cycles: 126131890 # Simulated unhalted cycles
   cCycles: 26264015 # Cycles due to contention stalls
   instrs: 100000232 # Simulated instructions
   uops: 109262953 # Retired micro-ops
   bbls: 5331339 # Basic blocks
   approxInstrs: 0 # Instrs with approx uop decoding
   mispredBranches: 90 # Mispredicted branches
   condBranches: 4634850 # conditional branches
 l1i: # Cache stats
  l1i-0: # Filter cache stats
   fhGETS: 9919610 # Filtered GETS hits
   fhGETX: 0 # Filtered GETX hits
   hGETS: 0 # GETS hits
   hGETX: 0 # GETX hits
   mGETS: 78 # GETS misses
   mGETXIM: 0 # GETX I->M misses
   mGETXSM: 0 # GETX S->M misses (upgrade misses)
   PUTS: 0 # Clean evictions (from lower level)
   PUTX: 0 # Dirty evictions (from lower level)
   INV: 0 # Invalidates (from upper level)
   INVX: 0 # Downgrades (from upper level)
   FWD: 0 # Forwards (from upper level)
   latGETnl: 9672 # GET request latency on next level
   latGETnet: 0 # GET request latency on network to next level
 l1d: # Cache stats
  l1d-0: # Filter cache stats
   fhGETS: 24353808 # Filtered GETS hits
   fhGETX: 6209255 # Filtered GETX hits
   hGETS: 496362 # GETS hits
   hGETX: 687257 # GETX hits
   mGETS: 1455026 # GETS misses
   mGETXIM: 40009 # GETX I->M misses
   mGETXSM: 0 # GETX S->M misses (upgrade misses)
   PUTS: 0 # Clean evictions (from lower level)
   PUTX: 0 # Dirty evictions (from lower level)
   INV: 0 # Invalidates (from upper level)
   INVX: 0 # Downgrades (from upper level)
   FWD: 0 # Forwards (from upper level)
   latGETnl: 185311104 # GET request latency on next level
   latGETnet: 0 # GET request latency on network to next level
 l2: # Cache stats
  l2-0: # Cache stats
   hGETS: 539 # GETS hits
   hGETX: 0 # GETX hits
   mGETS: 1454565 # GETS misses
   mGETXIM: 40009 # GETX I->M misses
   mGETXSM: 0 # GETX S->M misses (upgrade misses)
   PUTS: 868015 # Clean evictions (from lower level)
   PUTX: 626508 # Dirty evictions (from lower level)
   INV: 0 # Invalidates (from upper level)
   INVX: 0 # Downgrades (from upper level)
   FWD: 0 # Forwards (from upper level)
   latGETnl: 170369646 # GET request latency on next level
   latGETnet: 0 # GET request latency on network to next level
 l3: # Cache stats
  l3-0: # Cache stats
   hGETS: 56 # GETS hits
   hGETX: 75 # GETX hits
   mGETS: 1454509 # GETS misses
   mGETXIM: 39934 # GETX I->M misses
   mGETXSM: 0 # GETX S->M misses (upgrade misses)
   PUTS: 866643 # Clean evictions (from lower level)
   PUTX: 623835 # Dirty evictions (from lower level)
   INV: 0 # Invalidates (from upper level)
   INVX: 0 # Downgrades (from upper level)
   FWD: 0 # Forwards (from upper level)
   latGETnl: 134499870 # GET request latency on next level
   latGETnet: 0 # GET request latency on network to next level
 mem: # Memory controller stats
  mem-0: # Memory controller stats
   rd: 445748 # Read requests
   wr: 169714 # Write requests
   rdlat: 60290575 # Total latency experienced by read requests
   wrlat: 28208993 # Total latency experienced by write requests
   rdhits: 1775 # Read row hits
   wrhits: 5275 # Write row hits
   mlh: # latency histogram for memory requests
    0: 0
    1: 0
    2: 0
    3: 0
    4: 0
    5: 0
    6: 0
    7: 0
    8: 0
    9: 0
    10: 0
    11: 0
    12: 0
    13: 417489
    14: 13962
    15: 3052
    16: 1911
    17: 428
    18: 302
    19: 406
    20: 379
    21: 382
    22: 939
    23: 1249
    24: 487
    25: 356
    26: 279
    27: 189
    28: 340
    29: 230
    30: 233
    31: 154
    32: 345
    33: 417
    34: 275
    35: 258
    36: 237
    37: 244
    38: 198
    39: 192
    40: 215
    41: 192
    42: 161
    43: 71
    44: 26
    45: 75
    46: 37
    47: 15
    48: 14
    49: 5
    50: 2
    51: 1
    52: 0
    53: 0
    54: 1
    55: 0
    56: 0
    57: 0
    58: 0
    59: 0
    60: 0
    61: 0
    62: 0
    63: 0
    64: 0
    65: 0
    66: 0
    67: 0
    68: 0
    69: 0
    70: 0
    71: 0
    72: 0
    73: 0
    74: 0
    75: 0
    76: 0
    77: 0
    78: 0
    79: 0
    80: 0
    81: 0
    82: 0
    83: 0
    84: 0
    85: 0
    86: 0
    87: 0
    88: 0
    89: 0
    90: 0
    91: 0
    92: 0
    93: 0
    94: 0
    95: 0
    96: 0
    97: 0
    98: 0
    99: 0
  mem-1: # Memory controller stats
   rd: 293146 # Read requests
   wr: 169730 # Write requests
   rdlat: 39799897 # Total latency experienced by read requests
   wrlat: 27487264 # Total latency experienced by write requests
   rdhits: 1774 # Read row hits
   wrhits: 4198 # Write row hits
   mlh: # latency histogram for memory requests
    0: 0
    1: 0
    2: 0
    3: 0
    4: 0
    5: 0
    6: 0
    7: 0
    8: 0
    9: 0
    10: 0
    11: 0
    12: 0
    13: 266332
    14: 11166
    15: 5611
    16: 2300
    17: 788
    18: 321
    19: 244
    20: 296
    21: 693
    22: 678
    23: 342
    24: 1122
    25: 336
    26: 68
    27: 66
    28: 137
    29: 443
    30: 326
    31: 129
    32: 125
    33: 172
    34: 109
    35: 169
    36: 150
    37: 167
    38: 136
    39: 146
    40: 138
    41: 93
    42: 125
    43: 65
    44: 38
    45: 33
    46: 14
    47: 24
    48: 24
    49: 5
    50: 3
    51: 2
    52: 4
    53: 4
    54: 1
    55: 0
    56: 0
    57: 0
    58: 0
    59: 1
    60: 0
    61: 0
    62: 0
    63: 0
    64: 0
    65: 0
    66: 0
    67: 0
    68: 0
    69: 0
    70: 0
    71: 0
    72: 0
    73: 0
    74: 0
    75: 0
    76: 0
    77: 0
    78: 0
    79: 0
    80: 0
    81: 0
    82: 0
    83: 0
    84: 0
    85: 0
    86: 0
    87: 0
    88: 0
    89: 0
    90: 0
    91: 0
    92: 0
    93: 0
    94: 0
    95: 0
    96: 0
    97: 0
    98: 0
    99: 0
  mem-2: # Memory controller stats
   rd: 309781 # Read requests
   wr: 110063 # Write requests
   rdlat: 41417027 # Total latency experienced by read requests
   wrlat: 15965738 # Total latency experienced by write requests
   rdhits: 1775 # Read row hits
   wrhits: 1069 # Write row hits
   mlh: # latency histogram for memory requests
    0: 0
    1: 0
    2: 0
    3: 0
    4: 0
    5: 0
    6: 0
    7: 0
    8: 0
    9: 0
    10: 0
    11: 0
    12: 0
    13: 302286
    14: 2524
    15: 514
    16: 377
    17: 13
    18: 10
    19: 136
    20: 146
    21: 240
    22: 92
    23: 205
    24: 121
    25: 96
    26: 132
    27: 451
    28: 407
    29: 175
    30: 130
    31: 103
    32: 149
    33: 140
    34: 127
    35: 124
    36: 135
    37: 139
    38: 138
    39: 131
    40: 146
    41: 154
    42: 146
    43: 44
    44: 14
    45: 23
    46: 3
    47: 0
    48: 7
    49: 1
    50: 0
    51: 1
    52: 0
    53: 1
    54: 0
    55: 0
    56: 0
    57: 0
    58: 0
    59: 0
    60: 0
    61: 0
    62: 0
    63: 0
    64: 0
    65: 0
    66: 0
    67: 0
    68: 0
    69: 0
    70: 0
    71: 0
    72: 0
    73: 0
    74: 0
    75: 0
    76: 0
    77: 0
    78: 0
    79: 0
    80: 0
    81: 0
    82: 0
    83: 0
    84: 0
    85: 0
    86: 0
    87: 0
    88: 0
    89: 0
    90: 0
    91: 0
    92: 0
    93: 0
    94: 0
    95: 0
    96: 0
    97: 0
    98: 0
    99: 0
  mem-3: # Memory controller stats
   rd: 445744 # Read requests
   wr: 169699 # Write requests
   rdlat: 60406795 # Total latency experienced by read requests
   wrlat: 28329679 # Total latency experienced by write requests
   rdhits: 1774 # Read row hits
   wrhits: 5238 # Write row hits
   mlh: # latency histogram for memory requests
    0: 0
    1: 0
    2: 0
    3: 0
    4: 0
    5: 0
    6: 0
    7: 0
    8: 0
    9: 0
    10: 0
    11: 0
    12: 0
    13: 424818
    14: 5500
    15: 3611
    16: 1780
    17: 538
    18: 295
    19: 234
    20: 550
    21: 972
    22: 917
    23: 1113
    24: 397
    25: 256
    26: 286
    27: 503
    28: 449
    29: 491
    30: 233
    31: 179
    32: 202
    33: 245
    34: 242
    35: 190
    36: 215
    37: 179
    38: 196
    39: 181
    40: 175
    41: 202
    42: 172
    43: 115
    44: 22
    45: 63
    46: 81
    47: 108
    48: 9
    49: 10
    50: 4
    51: 3
    52: 3
    53: 1
    54: 2
    55: 1
    56: 0
    57: 1
    58: 0
    59: 0
    60: 0
    61: 0
    62: 0
    63: 0
    64: 0
    65: 0
    66: 0
    67: 0
    68: 0
    69: 0
    70: 0
    71: 0
    72: 0
    73: 0
    74: 0
    75: 0
    76: 0
    77: 0
    78: 0
    79: 0
    80: 0
    81: 0
    82: 0
    83: 0
    84: 0
    85: 0
    86: 0
    87: 0
    88: 0
    89: 0
    90: 0
    91: 0
    92: 0
    93: 0
    94: 0
    95: 0
    96: 0
    97: 0
    98: 0
    99: 0
 sched: # Scheduler stats
  thCr: 1 # Threads created
  thFn: 1 # Threads finished
  schedEvs: 1 # Schedule events
  waitEvs: 0 # Wait events
  handoffEvs: 0 # Handoff events
  sleepEvs: 0 # Sleep events
  idlePhases: 0 # Phases with no thread active
  idlePeriods: 0 # Periods with no thread active
  occHist: # Occupancy histogram
   0: 0
   1: 12613
  rqSzHist: # Run queue size histogram
   0: 12613
   1: 0
   2: 0
   3: 0
   4: 0
   5: 0
   6: 0
   7: 0
   8: 0
   9: 0
   10: 0
   11: 0
   12: 0
   13: 0
   14: 0
   15: 0
   16: 0
 procCycles: # Per-process unhalted core cycles
  0: 126131890
  1: 0
  2: 0
  3: 0
  4: 0
  5: 0
  6: 0
  7: 0
  8: 0
  9: 0
  10: 0
  11: 0
  12: 0
  13: 0
  14: 0
  15: 0
  16: 0
  17: 0
  18: 0
  19: 0
  20: 0
  21: 0
  22: 0
  23: 0
  24: 0
  25: 0
  26: 0
  27: 0
  28: 0
  29: 0
  30: 0
  31: 0
  32: 0
  33: 0
  34: 0
  35: 0
  36: 0
  37: 0
  38: 0
  39: 0
  40: 0
  41: 0
  42: 0
  43: 0
  44: 0
  45: 0
  46: 0
  47: 0
  48: 0
  49: 0
  50: 0
  51: 0
  52: 0
  53: 0
  54: 0
  55: 0
  56: 0
  57: 0
  58: 0
  59: 0
  60: 0
  61: 0
  62: 0
  63: 0
 procInstrs: # Per-process instructions
  0: 100000232
  1: 0
  2: 0
  3: 0
  4: 0
  5: 0
  6: 0
  7: 0
  8: 0
  9: 0
  10: 0
  11: 0
  12: 0
  13: 0
  14: 0
  15: 0
  16: 0
  17: 0
  18: 0
  19: 0
  20: 0
  21: 0
  22: 0
  23: 0
  24: 0
  25: 0
  26: 0
  27: 0
  28: 0
  29: 0
  30: 0
  31: 0
  32: 0
  33: 0
  34: 0
  35: 0
  36: 0
  37: 0
  38: 0
  39: 0
  40: 0
  41: 0
  42: 0
  43: 0
  44: 0
  45: 0
  46: 0
  47: 0
  48: 0
  49: 0
  50: 0
  51: 0
  52: 0
  53: 0
  54: 0
  55: 0
  56: 0
  57: 0
  58: 0
  59: 0
  60: 0
  61: 0
  62: 0
  63: 0
 heartbeats: # Per-process heartbeats
  0: 0
  1: 0
  2: 0
  3: 0
  4: 0
  5: 0
  6: 0
  7: 0
  8: 0
  9: 0
  10: 0
  11: 0
  12: 0
  13: 0
  14: 0
  15: 0
  16: 0
  17: 0
  18: 0
  19: 0
  20: 0
  21: 0
  22: 0
  23: 0
  24: 0
  25: 0
  26: 0
  27: 0
  28: 0
  29: 0
  30: 0
  31: 0
  32: 0
  33: 0
  34: 0
  35: 0
  36: 0
  37: 0
  38: 0
  39: 0
  40: 0
  41: 0
  42: 0
  43: 0
  44: 0
  45: 0
  46: 0
  47: 0
  48: 0
  49: 0
  50: 0
  51: 0
  52: 0
  53: 0
  54: 0
  55: 0
  56: 0
  57: 0
  58: 0
  59: 0
  60: 0
  61: 0
  62: 0
  63: 0
===
