[H] Starting zsim, built Mon Sep 25 16:32:12 CDT 2023 (rev no git repo)
[H] Creating global segment, 1024 MBs
[H] Global segment shmid = 196625
[H] Deadlock detection ON
[S 0] Started instance
[S 0] Started RR scheduler, quantum=10000 phases
[S 0] mem-0: domain 0, 4 ranks/ch 8 banks/rank, tech DDR3-1333-CL10, boundLat 90 rd / 40 wr
[S 0] mem-0: Address mapping rank:col:bank row 63:15 col 12:3 rank 14:13 bank 2:0
[S 0] mem-1: domain 0, 4 ranks/ch 8 banks/rank, tech DDR3-1333-CL10, boundLat 90 rd / 40 wr
[S 0] mem-1: Address mapping rank:col:bank row 63:15 col 12:3 rank 14:13 bank 2:0
[S 0] mem-2: domain 0, 4 ranks/ch 8 banks/rank, tech DDR3-1333-CL10, boundLat 90 rd / 40 wr
[S 0] mem-2: Address mapping rank:col:bank row 63:15 col 12:3 rank 14:13 bank 2:0
[S 0] mem-3: domain 0, 4 ranks/ch 8 banks/rank, tech DDR3-1333-CL10, boundLat 90 rd / 40 wr
[S 0] mem-3: Address mapping rank:col:bank row 63:15 col 12:3 rank 14:13 bank 2:0
[S 0] Hierarchy: [ l1i-0 l1d-0 ] -> l2-0
[S 0] Hierarchy: [ l1i-1 l1d-1 ] -> l2-1
[S 0] Hierarchy: [ l1i-2 l1d-2 ] -> l2-2
[S 0] Hierarchy: [ l1i-3 l1d-3 ] -> l2-3
[S 0] Hierarchy: [ l1i-4 l1d-4 ] -> l2-4
[S 0] Hierarchy: [ l1i-5 l1d-5 ] -> l2-5
[S 0] Hierarchy: [ l1i-6 l1d-6 ] -> l2-6
[S 0] Hierarchy: [ l1i-7 l1d-7 ] -> l2-7
[S 0] Hierarchy: [ l2-0 l2-1 l2-2 l2-3 l2-4 l2-5 l2-6 l2-7 ] -> l3-0b0..l3-0b7
[S 0] Initialized system
[S 0] HDF5 backend: Opening ./outputs/hw2/A2/streamcluster_8c_simsmall/zsim.h5
[S 0] HDF5 backend: Created table, 9096 bytes/record, 116 records/write
[S 0] HDF5 backend: Opening ./outputs/hw2/A2/streamcluster_8c_simsmall/zsim-ev.h5
[S 0] HDF5 backend: Created table, 9096 bytes/record, 15 records/write
[S 0] HDF5 backend: Opening ./outputs/hw2/A2/streamcluster_8c_simsmall/zsim-cmp.h5
[S 0] HDF5 backend: Created table, 3192 bytes/record, 1 records/write
[S 0] Initialization complete
[H] Attached to global heap
[S 0] Started process, PID 182571
[S 0] procMask: 0x0
[S 0] [0] Adjusting clocks, domain 0, de-ffwd 0
[S 0] vDSO info initialized
[S 0] FF thread 0 starting
[S 0] Started contention simulation thread 0
[S 0] FF control Thread TID 182576
[S 0] Started scheduler watchdog thread
PARSEC Benchmark Suite Version 2.1
[HOOKS] PARSEC Hooks Version 1.2
[HOOKS] Entering ROI
[S 0] ROI_BEGIN, exiting fast-forward
[S 0] [0] Adjusting clocks, domain 0, de-ffwd 1
[S 0] Thread 0 starting
read 4096 points
[S 0] Thread 4 starting
[S 0] Thread 5 starting
[S 0] Thread 6 starting
[S 0] Thread 7 starting
[S 0] Thread 8 starting
[S 0] Thread 9 starting
[S 0] Thread 10 starting
[S 0] Thread 11 starting
[S 0] Detected possible stall due to fake leaves (1 current)
[S 0]  [0/0] futex (202) @ 0x4734d2
[S 0] Blacklisting from future fake leaves: [0] futex @ 0x4734d2 | arg0 0x7fffe34c79d0 arg1 0x0
[S 0] Detected possible stall due to fake leaves (5 current)
[S 0]  [0/9] futex (202) @ 0x474c6a
[S 0]  [0/8] futex (202) @ 0x474c6a
[S 0]  [0/6] futex (202) @ 0x474c6a
[S 0]  [0/7] futex (202) @ 0x474c6a
[S 0]  [0/10] futex (202) @ 0x474c6a
[S 0] Detected possible stall due to fake leaves (4 current)
[S 0]  [0/8] futex (202) @ 0x474c6a
[S 0]  [0/6] futex (202) @ 0x474c6a
[S 0]  [0/7] futex (202) @ 0x474c6a
[S 0]  [0/10] futex (202) @ 0x474c6a
[S 0] Detected possible stall due to fake leaves (3 current)
[S 0]  [0/6] futex (202) @ 0x474c6a
[S 0]  [0/7] futex (202) @ 0x474c6a
[S 0]  [0/10] futex (202) @ 0x474c6a
[S 0] Detected possible stall due to fake leaves (2 current)
[S 0]  [0/7] futex (202) @ 0x474c6a
[S 0]  [0/10] futex (202) @ 0x474c6a
[S 0] Detected possible stall due to fake leaves (1 current)
[S 0]  [0/10] futex (202) @ 0x474c6a
[S 0] Blacklisting from future fake leaves: [0] futex @ 0x474c6a | arg0 0x7fffffffd8c0 arg1 0x80
[S 0] Detected possible stall due to fake leaves (1 current)
[S 0]  [0/10] futex (202) @ 0x4743f2
[S 0] Blacklisting from future fake leaves: [0] futex @ 0x4743f2 | arg0 0x7fffffffd8ec arg1 0x80
[S 0] Thread 9 finished
[S 0] Thread 11 finished
[S 0] Thread 6 finished
[S 0] Thread 8 finished
[S 0] Thread 5 finished
[S 0] Thread 10 finished
[S 0] Thread 7 finished
[S 0] Thread 4 finished
[S 0] WARN: External futex wakes? (0/0)
[S 0] Thread 12 starting
[S 0] Thread 13 starting
[S 0] Thread 14 starting
[S 0] Thread 15 starting
[S 0] Thread 16 starting
[S 0] Thread 17 starting
[S 0] Thread 18 starting
[S 0] Thread 19 starting
[S 0] Thread 17 finished
[S 0] Thread 15 finished
[S 0] Thread 16 finished
[S 0] Thread 14 finished
[S 0] Thread 19 finished
[S 0] Thread 13 finished
[S 0] Thread 18 finished
[S 0] Thread 12 finished
[S 0] WARN: External futex wakes? (0/0)
[ZSIM-HOOKS] ROI begin
[HOOKS] Leaving ROI
[S 0] ROI_END, entering fast-forward
[ZSIM-HOOKS] ROI end
[S 0] Thread 0 entering fast-forward (from syscall exit)
[HOOKS] Total time spent in ROI: 0.062s
[HOOKS] Terminating
[S 0] Shadow/NOP thread 0 finished
[S 0] Finished, code 0
[S 0] Dumping termination stats
[S 0] Finished scheduler watchdog thread
[H] Child 182571 done
[H] All children done, exiting
