# zsim stats
===
root: # Stats
 contention: # Contention simulation stats
  domain-0: # Domain stats
   time: 7181913929 # Weave simulation time
 time: # Simulator time breakdown
  init: 2738694621
  bound: 60913010250
  weave: 10715480509
  ff: 0
 trigger: 20000 # Reason for this stats dump
 phase: 50525 # Simulated phases
 westmere: # Core stats
  westmere-0: # Core stats
   cycles: 436058991 # Simulated unhalted cycles
   cCycles: 15014485 # Cycles due to contention stalls
   instrs: 609086452 # Simulated instructions
   uops: 642753856 # Retired micro-ops
   bbls: 87818014 # Basic blocks
   approxInstrs: 78 # Instrs with approx uop decoding
   mispredBranches: 4113983 # Mispredicted branches
   condBranches: 84569873 # conditional branches
  westmere-1: # Core stats
   cycles: 433273102 # Simulated unhalted cycles
   cCycles: 13915719 # Cycles due to contention stalls
   instrs: 629896485 # Simulated instructions
   uops: 657786498 # Retired micro-ops
   bbls: 90309649 # Basic blocks
   approxInstrs: 23 # Instrs with approx uop decoding
   mispredBranches: 4273185 # Mispredicted branches
   condBranches: 88019129 # conditional branches
  westmere-2: # Core stats
   cycles: 463148831 # Simulated unhalted cycles
   cCycles: 14409142 # Cycles due to contention stalls
   instrs: 662291592 # Simulated instructions
   uops: 696185347 # Retired micro-ops
   bbls: 95141434 # Basic blocks
   approxInstrs: 29 # Instrs with approx uop decoding
   mispredBranches: 4453794 # Mispredicted branches
   condBranches: 92038312 # conditional branches
  westmere-3: # Core stats
   cycles: 392858213 # Simulated unhalted cycles
   cCycles: 14927149 # Cycles due to contention stalls
   instrs: 558620930 # Simulated instructions
   uops: 584562921 # Retired micro-ops
   bbls: 80706907 # Basic blocks
   approxInstrs: 37 # Instrs with approx uop decoding
   mispredBranches: 3732841 # Mispredicted branches
   condBranches: 78358043 # conditional branches
  westmere-4: # Core stats
   cycles: 418983253 # Simulated unhalted cycles
   cCycles: 15500748 # Cycles due to contention stalls
   instrs: 586989729 # Simulated instructions
   uops: 618016609 # Retired micro-ops
   bbls: 84957985 # Basic blocks
   approxInstrs: 35 # Instrs with approx uop decoding
   mispredBranches: 3886161 # Mispredicted branches
   condBranches: 81924004 # conditional branches
  westmere-5: # Core stats
   cycles: 476898617 # Simulated unhalted cycles
   cCycles: 14096231 # Cycles due to contention stalls
   instrs: 671818198 # Simulated instructions
   uops: 710516490 # Retired micro-ops
   bbls: 98063281 # Basic blocks
   approxInstrs: 25 # Instrs with approx uop decoding
   mispredBranches: 4332899 # Mispredicted branches
   condBranches: 93840882 # conditional branches
  westmere-6: # Core stats
   cycles: 505240299 # Simulated unhalted cycles
   cCycles: 14505634 # Cycles due to contention stalls
   instrs: 702245801 # Simulated instructions
   uops: 746823607 # Retired micro-ops
   bbls: 102385538 # Basic blocks
   approxInstrs: 21 # Instrs with approx uop decoding
   mispredBranches: 4506214 # Mispredicted branches
   condBranches: 97375149 # conditional branches
  westmere-7: # Core stats
   cycles: 407795994 # Simulated unhalted cycles
   cCycles: 14439305 # Cycles due to contention stalls
   instrs: 579099829 # Simulated instructions
   uops: 607250404 # Retired micro-ops
   bbls: 83313926 # Basic blocks
   approxInstrs: 26 # Instrs with approx uop decoding
   mispredBranches: 3946408 # Mispredicted branches
   condBranches: 80812645 # conditional branches
 l1i: # Cache stats
  l1i-0: # Filter cache stats
   fhGETS: 121905492 # Filtered GETS hits
   fhGETX: 0 # Filtered GETX hits
   hGETS: 811358 # GETS hits
   hGETX: 0 # GETX hits
   mGETS: 385 # GETS misses
   mGETXIM: 0 # GETX I->M misses
   mGETXSM: 0 # GETX S->M misses (upgrade misses)
   PUTS: 0 # Clean evictions (from lower level)
   PUTX: 0 # Dirty evictions (from lower level)
   INV: 0 # Invalidates (from upper level)
   INVX: 0 # Downgrades (from upper level)
   FWD: 0 # Forwards (from upper level)
   latGETnl: 24520 # GET request latency on next level
   latGETnet: 0 # GET request latency on network to next level
  l1i-1: # Filter cache stats
   fhGETS: 126052115 # Filtered GETS hits
   fhGETX: 0 # Filtered GETX hits
   hGETS: 564108 # GETS hits
   hGETX: 0 # GETX hits
   mGETS: 269 # GETS misses
   mGETXIM: 0 # GETX I->M misses
   mGETXSM: 0 # GETX S->M misses (upgrade misses)
   PUTS: 0 # Clean evictions (from lower level)
   PUTX: 0 # Dirty evictions (from lower level)
   INV: 0 # Invalidates (from upper level)
   INVX: 0 # Downgrades (from upper level)
   FWD: 0 # Forwards (from upper level)
   latGETnl: 14366 # GET request latency on next level
   latGETnet: 0 # GET request latency on network to next level
  l1i-2: # Filter cache stats
   fhGETS: 132327458 # Filtered GETS hits
   fhGETX: 0 # Filtered GETX hits
   hGETS: 766592 # GETS hits
   hGETX: 0 # GETX hits
   mGETS: 273 # GETS misses
   mGETXIM: 0 # GETX I->M misses
   mGETXSM: 0 # GETX S->M misses (upgrade misses)
   PUTS: 0 # Clean evictions (from lower level)
   PUTX: 0 # Dirty evictions (from lower level)
   INV: 0 # Invalidates (from upper level)
   INVX: 0 # Downgrades (from upper level)
   FWD: 0 # Forwards (from upper level)
   latGETnl: 12612 # GET request latency on next level
   latGETnet: 0 # GET request latency on network to next level
  l1i-3: # Filter cache stats
   fhGETS: 111756536 # Filtered GETS hits
   fhGETX: 0 # Filtered GETX hits
   hGETS: 645837 # GETS hits
   hGETX: 0 # GETX hits
   mGETS: 272 # GETS misses
   mGETXIM: 0 # GETX I->M misses
   mGETXSM: 0 # GETX S->M misses (upgrade misses)
   PUTS: 0 # Clean evictions (from lower level)
   PUTX: 0 # Dirty evictions (from lower level)
   INV: 0 # Invalidates (from upper level)
   INVX: 0 # Downgrades (from upper level)
   FWD: 0 # Forwards (from upper level)
   latGETnl: 13388 # GET request latency on next level
   latGETnet: 0 # GET request latency on network to next level
  l1i-4: # Filter cache stats
   fhGETS: 117248506 # Filtered GETS hits
   fhGETX: 0 # Filtered GETX hits
   hGETS: 814975 # GETS hits
   hGETX: 0 # GETX hits
   mGETS: 268 # GETS misses
   mGETXIM: 0 # GETX I->M misses
   mGETXSM: 0 # GETX S->M misses (upgrade misses)
   PUTS: 0 # Clean evictions (from lower level)
   PUTX: 0 # Dirty evictions (from lower level)
   INV: 0 # Invalidates (from upper level)
   INVX: 0 # Downgrades (from upper level)
   FWD: 0 # Forwards (from upper level)
   latGETnl: 10822 # GET request latency on next level
   latGETnet: 0 # GET request latency on network to next level
  l1i-5: # Filter cache stats
   fhGETS: 133936983 # Filtered GETS hits
   fhGETX: 0 # Filtered GETX hits
   hGETS: 1080205 # GETS hits
   hGETX: 0 # GETX hits
   mGETS: 269 # GETS misses
   mGETXIM: 0 # GETX I->M misses
   mGETXSM: 0 # GETX S->M misses (upgrade misses)
   PUTS: 0 # Clean evictions (from lower level)
   PUTX: 0 # Dirty evictions (from lower level)
   INV: 0 # Invalidates (from upper level)
   INVX: 0 # Downgrades (from upper level)
   FWD: 0 # Forwards (from upper level)
   latGETnl: 11216 # GET request latency on next level
   latGETnet: 0 # GET request latency on network to next level
  l1i-6: # Filter cache stats
   fhGETS: 139702718 # Filtered GETS hits
   fhGETX: 0 # Filtered GETX hits
   hGETS: 1271894 # GETS hits
   hGETX: 0 # GETX hits
   mGETS: 251 # GETS misses
   mGETXIM: 0 # GETX I->M misses
   mGETXSM: 0 # GETX S->M misses (upgrade misses)
   PUTS: 0 # Clean evictions (from lower level)
   PUTX: 0 # Dirty evictions (from lower level)
   INV: 1 # Invalidates (from upper level)
   INVX: 0 # Downgrades (from upper level)
   FWD: 0 # Forwards (from upper level)
   latGETnl: 13394 # GET request latency on next level
   latGETnet: 0 # GET request latency on network to next level
  l1i-7: # Filter cache stats
   fhGETS: 116072251 # Filtered GETS hits
   fhGETX: 0 # Filtered GETX hits
   hGETS: 625939 # GETS hits
   hGETX: 0 # GETX hits
   mGETS: 262 # GETS misses
   mGETXIM: 0 # GETX I->M misses
   mGETXSM: 0 # GETX S->M misses (upgrade misses)
   PUTS: 0 # Clean evictions (from lower level)
   PUTX: 0 # Dirty evictions (from lower level)
   INV: 0 # Invalidates (from upper level)
   INVX: 0 # Downgrades (from upper level)
   FWD: 0 # Forwards (from upper level)
   latGETnl: 11608 # GET request latency on next level
   latGETnet: 0 # GET request latency on network to next level
 l1d: # Cache stats
  l1d-0: # Filter cache stats
   fhGETS: 147596815 # Filtered GETS hits
   fhGETX: 23736958 # Filtered GETX hits
   hGETS: 13552569 # GETS hits
   hGETX: 3432370 # GETX hits
   mGETS: 652884 # GETS misses
   mGETXIM: 170932 # GETX I->M misses
   mGETXSM: 6124 # GETX S->M misses (upgrade misses)
   PUTS: 0 # Clean evictions (from lower level)
   PUTX: 0 # Dirty evictions (from lower level)
   INV: 9970 # Invalidates (from upper level)
   INVX: 16744 # Downgrades (from upper level)
   FWD: 0 # Forwards (from upper level)
   latGETnl: 66862199 # GET request latency on next level
   latGETnet: 0 # GET request latency on network to next level
  l1d-1: # Filter cache stats
   fhGETS: 149620546 # Filtered GETS hits
   fhGETX: 22485737 # Filtered GETX hits
   hGETS: 14452008 # GETS hits
   hGETX: 3469748 # GETX hits
   mGETS: 664464 # GETS misses
   mGETXIM: 184542 # GETX I->M misses
   mGETXSM: 30483 # GETX S->M misses (upgrade misses)
   PUTS: 0 # Clean evictions (from lower level)
   PUTX: 0 # Dirty evictions (from lower level)
   INV: 4333 # Invalidates (from upper level)
   INVX: 4166 # Downgrades (from upper level)
   FWD: 0 # Forwards (from upper level)
   latGETnl: 67768786 # GET request latency on next level
   latGETnet: 0 # GET request latency on network to next level
  l1d-2: # Filter cache stats
   fhGETS: 158649540 # Filtered GETS hits
   fhGETX: 24719171 # Filtered GETX hits
   hGETS: 15564312 # GETS hits
   hGETX: 3762469 # GETX hits
   mGETS: 700349 # GETS misses
   mGETXIM: 187070 # GETX I->M misses
   mGETXSM: 27734 # GETX S->M misses (upgrade misses)
   PUTS: 0 # Clean evictions (from lower level)
   PUTX: 0 # Dirty evictions (from lower level)
   INV: 2512 # Invalidates (from upper level)
   INVX: 2596 # Downgrades (from upper level)
   FWD: 0 # Forwards (from upper level)
   latGETnl: 69877362 # GET request latency on next level
   latGETnet: 0 # GET request latency on network to next level
  l1d-3: # Filter cache stats
   fhGETS: 133305167 # Filtered GETS hits
   fhGETX: 20647867 # Filtered GETX hits
   hGETS: 12569097 # GETS hits
   hGETX: 3081845 # GETX hits
   mGETS: 664285 # GETS misses
   mGETXIM: 163714 # GETX I->M misses
   mGETXSM: 12659 # GETX S->M misses (upgrade misses)
   PUTS: 0 # Clean evictions (from lower level)
   PUTX: 0 # Dirty evictions (from lower level)
   INV: 14067 # Invalidates (from upper level)
   INVX: 28873 # Downgrades (from upper level)
   FWD: 0 # Forwards (from upper level)
   latGETnl: 67259837 # GET request latency on next level
   latGETnet: 0 # GET request latency on network to next level
  l1d-4: # Filter cache stats
   fhGETS: 141242053 # Filtered GETS hits
   fhGETX: 22577352 # Filtered GETX hits
   hGETS: 13506037 # GETS hits
   hGETX: 3334189 # GETX hits
   mGETS: 695808 # GETS misses
   mGETXIM: 165556 # GETX I->M misses
   mGETXSM: 10228 # GETX S->M misses (upgrade misses)
   PUTS: 0 # Clean evictions (from lower level)
   PUTX: 0 # Dirty evictions (from lower level)
   INV: 14230 # Invalidates (from upper level)
   INVX: 27960 # Downgrades (from upper level)
   FWD: 0 # Forwards (from upper level)
   latGETnl: 69369373 # GET request latency on next level
   latGETnet: 0 # GET request latency on network to next level
  l1d-5: # Filter cache stats
   fhGETS: 161912893 # Filtered GETS hits
   fhGETX: 27252016 # Filtered GETX hits
   hGETS: 15104002 # GETS hits
   hGETX: 3798796 # GETX hits
   mGETS: 759926 # GETS misses
   mGETXIM: 184726 # GETX I->M misses
   mGETXSM: 37681 # GETX S->M misses (upgrade misses)
   PUTS: 0 # Clean evictions (from lower level)
   PUTX: 0 # Dirty evictions (from lower level)
   INV: 3249 # Invalidates (from upper level)
   INVX: 3235 # Downgrades (from upper level)
   FWD: 0 # Forwards (from upper level)
   latGETnl: 71107952 # GET request latency on next level
   latGETnet: 0 # GET request latency on network to next level
  l1d-6: # Filter cache stats
   fhGETS: 170428487 # Filtered GETS hits
   fhGETX: 29179217 # Filtered GETX hits
   hGETS: 16017259 # GETS hits
   hGETX: 4057602 # GETX hits
   mGETS: 797197 # GETS misses
   mGETXIM: 187092 # GETX I->M misses
   mGETXSM: 38660 # GETX S->M misses (upgrade misses)
   PUTS: 0 # Clean evictions (from lower level)
   PUTX: 0 # Dirty evictions (from lower level)
   INV: 6700 # Invalidates (from upper level)
   INVX: 6592 # Downgrades (from upper level)
   FWD: 0 # Forwards (from upper level)
   latGETnl: 73342983 # GET request latency on next level
   latGETnet: 0 # GET request latency on network to next level
  l1d-7: # Filter cache stats
   fhGETS: 139181587 # Filtered GETS hits
   fhGETX: 21661564 # Filtered GETX hits
   hGETS: 12560280 # GETS hits
   hGETX: 3147373 # GETX hits
   mGETS: 619501 # GETS misses
   mGETXIM: 168556 # GETX I->M misses
   mGETXSM: 4707 # GETX S->M misses (upgrade misses)
   PUTS: 0 # Clean evictions (from lower level)
   PUTX: 0 # Dirty evictions (from lower level)
   INV: 10910 # Invalidates (from upper level)
   INVX: 18967 # Downgrades (from upper level)
   FWD: 0 # Forwards (from upper level)
   latGETnl: 64321472 # GET request latency on next level
   latGETnet: 0 # GET request latency on network to next level
 l2: # Cache stats
  l2-0: # Cache stats
   hGETS: 135295 # GETS hits
   hGETX: 0 # GETX hits
   mGETS: 517974 # GETS misses
   mGETXIM: 170680 # GETX I->M misses
   mGETXSM: 6376 # GETX S->M misses (upgrade misses)
   PUTS: 423670 # Clean evictions (from lower level)
   PUTX: 389710 # Dirty evictions (from lower level)
   INV: 29725 # Invalidates (from upper level)
   INVX: 69210 # Downgrades (from upper level)
   FWD: 0 # Forwards (from upper level)
   latGETnl: 61074444 # GET request latency on next level
   latGETnet: 0 # GET request latency on network to next level
  l2-1: # Cache stats
   hGETS: 128140 # GETS hits
   hGETX: 4 # GETX hits
   mGETS: 536593 # GETS misses
   mGETXIM: 184546 # GETX I->M misses
   mGETXSM: 30475 # GETX S->M misses (upgrade misses)
   PUTS: 443472 # Clean evictions (from lower level)
   PUTX: 400709 # Dirty evictions (from lower level)
   INV: 12025 # Invalidates (from upper level)
   INVX: 12808 # Downgrades (from upper level)
   FWD: 0 # Forwards (from upper level)
   latGETnl: 61624846 # GET request latency on next level
   latGETnet: 0 # GET request latency on network to next level
  l2-2: # Cache stats
   hGETS: 137629 # GETS hits
   hGETX: 4 # GETX hits
   mGETS: 562993 # GETS misses
   mGETXIM: 187072 # GETX I->M misses
   mGETXSM: 27728 # GETX S->M misses (upgrade misses)
   PUTS: 455835 # Clean evictions (from lower level)
   PUTX: 428582 # Dirty evictions (from lower level)
   INV: 7338 # Invalidates (from upper level)
   INVX: 8513 # Downgrades (from upper level)
   FWD: 0 # Forwards (from upper level)
   latGETnl: 63481992 # GET request latency on next level
   latGETnet: 0 # GET request latency on network to next level
  l2-3: # Cache stats
   hGETS: 131665 # GETS hits
   hGETX: 0 # GETX hits
   mGETS: 532892 # GETS misses
   mGETXIM: 163454 # GETX I->M misses
   mGETXSM: 12919 # GETX S->M misses (upgrade misses)
   PUTS: 431543 # Clean evictions (from lower level)
   PUTX: 381952 # Dirty evictions (from lower level)
   INV: 53642 # Invalidates (from upper level)
   INVX: 115881 # Downgrades (from upper level)
   FWD: 0 # Forwards (from upper level)
   latGETnl: 61386715 # GET request latency on next level
   latGETnet: 0 # GET request latency on network to next level
  l2-4: # Cache stats
   hGETS: 139542 # GETS hits
   hGETX: 0 # GETX hits
   mGETS: 556534 # GETS misses
   mGETXIM: 165302 # GETX I->M misses
   mGETXSM: 10482 # GETX S->M misses (upgrade misses)
   PUTS: 442237 # Clean evictions (from lower level)
   PUTX: 404428 # Dirty evictions (from lower level)
   INV: 48922 # Invalidates (from upper level)
   INVX: 109856 # Downgrades (from upper level)
   FWD: 0 # Forwards (from upper level)
   latGETnl: 63277175 # GET request latency on next level
   latGETnet: 0 # GET request latency on network to next level
  l2-5: # Cache stats
   hGETS: 140944 # GETS hits
   hGETX: 4 # GETX hits
   mGETS: 619251 # GETS misses
   mGETXIM: 184732 # GETX I->M misses
   mGETXSM: 37671 # GETX S->M misses (upgrade misses)
   PUTS: 480088 # Clean evictions (from lower level)
   PUTX: 460841 # Dirty evictions (from lower level)
   INV: 10966 # Invalidates (from upper level)
   INVX: 11318 # Downgrades (from upper level)
   FWD: 0 # Forwards (from upper level)
   latGETnl: 64240954 # GET request latency on next level
   latGETnet: 0 # GET request latency on network to next level
  l2-6: # Cache stats
   hGETS: 150129 # GETS hits
   hGETX: 4 # GETX hits
   mGETS: 647319 # GETS misses
   mGETXIM: 187098 # GETX I->M misses
   mGETXSM: 38650 # GETX S->M misses (upgrade misses)
   PUTS: 492316 # Clean evictions (from lower level)
   PUTX: 484819 # Dirty evictions (from lower level)
   INV: 11537 # Invalidates (from upper level)
   INVX: 11677 # Downgrades (from upper level)
   FWD: 0 # Forwards (from upper level)
   latGETnl: 66193977 # GET request latency on next level
   latGETnet: 0 # GET request latency on network to next level
  l2-7: # Cache stats
   hGETS: 132809 # GETS hits
   hGETX: 0 # GETX hits
   mGETS: 486954 # GETS misses
   mGETXIM: 168278 # GETX I->M misses
   mGETXSM: 4985 # GETX S->M misses (upgrade misses)
   PUTS: 411868 # Clean evictions (from lower level)
   PUTX: 364805 # Dirty evictions (from lower level)
   INV: 30488 # Invalidates (from upper level)
   INVX: 69824 # Downgrades (from upper level)
   FWD: 0 # Forwards (from upper level)
   latGETnl: 58781898 # GET request latency on next level
   latGETnet: 0 # GET request latency on network to next level
 l3: # Cache stats
  l3-0b0: # Cache stats
   hGETS: 265131 # GETS hits
   hGETX: 27422 # GETX hits
   mGETS: 293369 # GETS misses
   mGETXIM: 169485 # GETX I->M misses
   mGETXSM: 0 # GETX S->M misses (upgrade misses)
   PUTS: 367437 # Clean evictions (from lower level)
   PUTX: 338413 # Dirty evictions (from lower level)
   INV: 0 # Invalidates (from upper level)
   INVX: 0 # Downgrades (from upper level)
   FWD: 0 # Forwards (from upper level)
   latGETnl: 41656860 # GET request latency on next level
   latGETnet: 0 # GET request latency on network to next level
  l3-0b1: # Cache stats
   hGETS: 265841 # GETS hits
   hGETX: 28030 # GETX hits
   mGETS: 291267 # GETS misses
   mGETXIM: 169436 # GETX I->M misses
   mGETXSM: 0 # GETX S->M misses (upgrade misses)
   PUTS: 365754 # Clean evictions (from lower level)
   PUTX: 338386 # Dirty evictions (from lower level)
   INV: 0 # Invalidates (from upper level)
   INVX: 0 # Downgrades (from upper level)
   FWD: 0 # Forwards (from upper level)
   latGETnl: 41463270 # GET request latency on next level
   latGETnet: 0 # GET request latency on network to next level
  l3-0b2: # Cache stats
   hGETS: 266079 # GETS hits
   hGETX: 28591 # GETX hits
   mGETS: 292441 # GETS misses
   mGETXIM: 169689 # GETX I->M misses
   mGETXSM: 0 # GETX S->M misses (upgrade misses)
   PUTS: 366400 # Clean evictions (from lower level)
   PUTX: 338156 # Dirty evictions (from lower level)
   INV: 0 # Invalidates (from upper level)
   INVX: 0 # Downgrades (from upper level)
   FWD: 0 # Forwards (from upper level)
   latGETnl: 41591700 # GET request latency on next level
   latGETnet: 0 # GET request latency on network to next level
  l3-0b3: # Cache stats
   hGETS: 265880 # GETS hits
   hGETX: 28489 # GETX hits
   mGETS: 291467 # GETS misses
   mGETXIM: 169452 # GETX I->M misses
   mGETXSM: 0 # GETX S->M misses (upgrade misses)
   PUTS: 365480 # Clean evictions (from lower level)
   PUTX: 338403 # Dirty evictions (from lower level)
   INV: 0 # Invalidates (from upper level)
   INVX: 0 # Downgrades (from upper level)
   FWD: 0 # Forwards (from upper level)
   latGETnl: 41482710 # GET request latency on next level
   latGETnet: 0 # GET request latency on network to next level
  l3-0b4: # Cache stats
   hGETS: 265203 # GETS hits
   hGETX: 27791 # GETX hits
   mGETS: 290248 # GETS misses
   mGETXIM: 169570 # GETX I->M misses
   mGETXSM: 0 # GETX S->M misses (upgrade misses)
   PUTS: 364856 # Clean evictions (from lower level)
   PUTX: 337183 # Dirty evictions (from lower level)
   INV: 0 # Invalidates (from upper level)
   INVX: 0 # Downgrades (from upper level)
   FWD: 0 # Forwards (from upper level)
   latGETnl: 41383620 # GET request latency on next level
   latGETnet: 0 # GET request latency on network to next level
  l3-0b5: # Cache stats
   hGETS: 268167 # GETS hits
   hGETX: 28685 # GETX hits
   mGETS: 290911 # GETS misses
   mGETXIM: 169655 # GETX I->M misses
   mGETXSM: 0 # GETX S->M misses (upgrade misses)
   PUTS: 367086 # Clean evictions (from lower level)
   PUTX: 338050 # Dirty evictions (from lower level)
   INV: 0 # Invalidates (from upper level)
   INVX: 0 # Downgrades (from upper level)
   FWD: 0 # Forwards (from upper level)
   latGETnl: 41450940 # GET request latency on next level
   latGETnet: 0 # GET request latency on network to next level
  l3-0b6: # Cache stats
   hGETS: 266102 # GETS hits
   hGETX: 27186 # GETX hits
   mGETS: 291079 # GETS misses
   mGETXIM: 169601 # GETX I->M misses
   mGETXSM: 0 # GETX S->M misses (upgrade misses)
   PUTS: 366267 # Clean evictions (from lower level)
   PUTX: 338337 # Dirty evictions (from lower level)
   INV: 0 # Invalidates (from upper level)
   INVX: 0 # Downgrades (from upper level)
   FWD: 0 # Forwards (from upper level)
   latGETnl: 41461200 # GET request latency on next level
   latGETnet: 0 # GET request latency on network to next level
  l3-0b7: # Cache stats
   hGETS: 266421 # GETS hits
   hGETX: 27442 # GETX hits
   mGETS: 290904 # GETS misses
   mGETXIM: 169924 # GETX I->M misses
   mGETXSM: 0 # GETX S->M misses (upgrade misses)
   PUTS: 366606 # Clean evictions (from lower level)
   PUTX: 337851 # Dirty evictions (from lower level)
   INV: 0 # Invalidates (from upper level)
   INVX: 0 # Downgrades (from upper level)
   FWD: 0 # Forwards (from upper level)
   latGETnl: 41474520 # GET request latency on next level
   latGETnet: 0 # GET request latency on network to next level
 mem: # Memory controller stats
  mem-0: # Memory controller stats
   rd: 923329 # Read requests
   wr: 470069 # Write requests
   rdlat: 139276893 # Total latency experienced by read requests
   wrlat: 110055375 # Total latency experienced by write requests
   rdhits: 18887 # Read row hits
   wrhits: 3720 # Write row hits
   mlh: # latency histogram for memory requests
    0: 0
    1: 0
    2: 0
    3: 0
    4: 0
    5: 0
    6: 0
    7: 0
    8: 0
    9: 0
    10: 0
    11: 743
    12: 1013
    13: 625444
    14: 85057
    15: 63551
    16: 38065
    17: 14668
    18: 10077
    19: 9669
    20: 9083
    21: 7683
    22: 6265
    23: 5827
    24: 5512
    25: 3623
    26: 2347
    27: 1965
    28: 1901
    29: 1875
    30: 1805
    31: 1862
    32: 1807
    33: 1919
    34: 1833
    35: 1834
    36: 1973
    37: 1977
    38: 1867
    39: 1679
    40: 1587
    41: 1524
    42: 1269
    43: 1029
    44: 850
    45: 737
    46: 640
    47: 602
    48: 377
    49: 232
    50: 201
    51: 152
    52: 117
    53: 111
    54: 70
    55: 82
    56: 71
    57: 39
    58: 61
    59: 40
    60: 33
    61: 41
    62: 28
    63: 41
    64: 29
    65: 30
    66: 27
    67: 39
    68: 37
    69: 40
    70: 30
    71: 27
    72: 27
    73: 23
    74: 18
    75: 19
    76: 34
    77: 18
    78: 16
    79: 7
    80: 10
    81: 12
    82: 6
    83: 5
    84: 6
    85: 3
    86: 4
    87: 1
    88: 3
    89: 0
    90: 0
    91: 0
    92: 0
    93: 0
    94: 0
    95: 0
    96: 0
    97: 0
    98: 0
    99: 0
  mem-1: # Memory controller stats
   rd: 920913 # Read requests
   wr: 469642 # Write requests
   rdlat: 138958840 # Total latency experienced by read requests
   wrlat: 109739399 # Total latency experienced by write requests
   rdhits: 19316 # Read row hits
   wrhits: 3823 # Write row hits
   mlh: # latency histogram for memory requests
    0: 0
    1: 0
    2: 0
    3: 0
    4: 0
    5: 0
    6: 0
    7: 0
    8: 0
    9: 0
    10: 0
    11: 798
    12: 1025
    13: 623766
    14: 84481
    15: 63520
    16: 37985
    17: 14717
    18: 10242
    19: 9925
    20: 9052
    21: 7511
    22: 6136
    23: 5548
    24: 5428
    25: 3577
    26: 2177
    27: 2053
    28: 1916
    29: 1839
    30: 1698
    31: 1824
    32: 1928
    33: 1937
    34: 1947
    35: 1993
    36: 1906
    37: 1975
    38: 1895
    39: 1660
    40: 1675
    41: 1514
    42: 1336
    43: 1090
    44: 844
    45: 743
    46: 606
    47: 543
    48: 379
    49: 210
    50: 181
    51: 115
    52: 97
    53: 74
    54: 66
    55: 70
    56: 64
    57: 52
    58: 25
    59: 24
    60: 37
    61: 25
    62: 29
    63: 50
    64: 28
    65: 36
    66: 45
    67: 55
    68: 44
    69: 37
    70: 38
    71: 44
    72: 35
    73: 33
    74: 29
    75: 23
    76: 31
    77: 26
    78: 28
    79: 22
    80: 13
    81: 10
    82: 8
    83: 12
    84: 2
    85: 1
    86: 1
    87: 0
    88: 1
    89: 0
    90: 2
    91: 1
    92: 0
    93: 0
    94: 0
    95: 0
    96: 0
    97: 0
    98: 0
    99: 0
  mem-2: # Memory controller stats
   rd: 922646 # Read requests
   wr: 469520 # Write requests
   rdlat: 139330049 # Total latency experienced by read requests
   wrlat: 109685441 # Total latency experienced by write requests
   rdhits: 19423 # Read row hits
   wrhits: 3772 # Write row hits
   mlh: # latency histogram for memory requests
    0: 0
    1: 0
    2: 0
    3: 0
    4: 0
    5: 0
    6: 0
    7: 0
    8: 0
    9: 0
    10: 0
    11: 751
    12: 1047
    13: 626179
    14: 84314
    15: 63394
    16: 37823
    17: 14595
    18: 10050
    19: 9586
    20: 8979
    21: 7402
    22: 6187
    23: 5560
    24: 5272
    25: 3473
    26: 2147
    27: 2039
    28: 1943
    29: 1773
    30: 1722
    31: 1775
    32: 1835
    33: 1928
    34: 2070
    35: 2152
    36: 2105
    37: 2167
    38: 1991
    39: 1756
    40: 1726
    41: 1495
    42: 1329
    43: 1125
    44: 866
    45: 761
    46: 634
    47: 529
    48: 346
    49: 229
    50: 160
    51: 140
    52: 102
    53: 93
    54: 80
    55: 66
    56: 57
    57: 45
    58: 32
    59: 22
    60: 31
    61: 29
    62: 53
    63: 48
    64: 50
    65: 49
    66: 53
    67: 64
    68: 45
    69: 43
    70: 36
    71: 44
    72: 30
    73: 43
    74: 49
    75: 28
    76: 28
    77: 22
    78: 15
    79: 8
    80: 13
    81: 4
    82: 1
    83: 2
    84: 1
    85: 2
    86: 0
    87: 0
    88: 0
    89: 0
    90: 0
    91: 0
    92: 1
    93: 0
    94: 0
    95: 0
    96: 1
    97: 1
    98: 0
    99: 0
  mem-3: # Memory controller stats
   rd: 921610 # Read requests
   wr: 469772 # Write requests
   rdlat: 139290146 # Total latency experienced by read requests
   wrlat: 109820432 # Total latency experienced by write requests
   rdhits: 19500 # Read row hits
   wrhits: 3653 # Write row hits
   mlh: # latency histogram for memory requests
    0: 0
    1: 0
    2: 0
    3: 0
    4: 0
    5: 0
    6: 0
    7: 0
    8: 0
    9: 1
    10: 0
    11: 755
    12: 1081
    13: 622726
    14: 84759
    15: 64025
    16: 38114
    17: 14755
    18: 10283
    19: 9648
    20: 9084
    21: 7391
    22: 6113
    23: 5609
    24: 5374
    25: 3588
    26: 2350
    27: 2037
    28: 1924
    29: 1846
    30: 1842
    31: 1908
    32: 1883
    33: 1974
    34: 2057
    35: 2038
    36: 2030
    37: 1906
    38: 1898
    39: 1639
    40: 1702
    41: 1605
    42: 1448
    43: 1123
    44: 957
    45: 733
    46: 612
    47: 565
    48: 408
    49: 249
    50: 207
    51: 155
    52: 109
    53: 98
    54: 92
    55: 55
    56: 62
    57: 41
    58: 32
    59: 42
    60: 47
    61: 32
    62: 27
    63: 41
    64: 34
    65: 34
    66: 40
    67: 42
    68: 55
    69: 47
    70: 30
    71: 35
    72: 41
    73: 26
    74: 29
    75: 15
    76: 19
    77: 15
    78: 12
    79: 17
    80: 11
    81: 2
    82: 8
    83: 7
    84: 3
    85: 3
    86: 2
    87: 1
    88: 0
    89: 0
    90: 0
    91: 0
    92: 0
    93: 1
    94: 0
    95: 0
    96: 1
    97: 0
    98: 0
    99: 0
 sched: # Scheduler stats
  thCr: 9 # Threads created
  thFn: 0 # Threads finished
  schedEvs: 9 # Schedule events
  waitEvs: 1 # Wait events
  handoffEvs: 0 # Handoff events
  sleepEvs: 0 # Sleep events
  idlePhases: 0 # Phases with no thread active
  idlePeriods: 0 # Periods with no thread active
  occHist: # Occupancy histogram
   0: 0
   1: 1
   2: 0
   3: 0
   4: 0
   5: 0
   6: 0
   7: 0
   8: 50524
  rqSzHist: # Run queue size histogram
   0: 50525
   1: 0
   2: 0
   3: 0
   4: 0
   5: 0
   6: 0
   7: 0
   8: 0
   9: 0
   10: 0
   11: 0
   12: 0
   13: 0
   14: 0
   15: 0
   16: 0
 procCycles: # Per-process unhalted core cycles
  0: 3534257300
  1: 0
  2: 0
  3: 0
  4: 0
  5: 0
  6: 0
  7: 0
  8: 0
  9: 0
  10: 0
  11: 0
  12: 0
  13: 0
  14: 0
  15: 0
  16: 0
  17: 0
  18: 0
  19: 0
  20: 0
  21: 0
  22: 0
  23: 0
  24: 0
  25: 0
  26: 0
  27: 0
  28: 0
  29: 0
  30: 0
  31: 0
  32: 0
  33: 0
  34: 0
  35: 0
  36: 0
  37: 0
  38: 0
  39: 0
  40: 0
  41: 0
  42: 0
  43: 0
  44: 0
  45: 0
  46: 0
  47: 0
  48: 0
  49: 0
  50: 0
  51: 0
  52: 0
  53: 0
  54: 0
  55: 0
  56: 0
  57: 0
  58: 0
  59: 0
  60: 0
  61: 0
  62: 0
  63: 0
 procInstrs: # Per-process instructions
  0: 5000049016
  1: 0
  2: 0
  3: 0
  4: 0
  5: 0
  6: 0
  7: 0
  8: 0
  9: 0
  10: 0
  11: 0
  12: 0
  13: 0
  14: 0
  15: 0
  16: 0
  17: 0
  18: 0
  19: 0
  20: 0
  21: 0
  22: 0
  23: 0
  24: 0
  25: 0
  26: 0
  27: 0
  28: 0
  29: 0
  30: 0
  31: 0
  32: 0
  33: 0
  34: 0
  35: 0
  36: 0
  37: 0
  38: 0
  39: 0
  40: 0
  41: 0
  42: 0
  43: 0
  44: 0
  45: 0
  46: 0
  47: 0
  48: 0
  49: 0
  50: 0
  51: 0
  52: 0
  53: 0
  54: 0
  55: 0
  56: 0
  57: 0
  58: 0
  59: 0
  60: 0
  61: 0
  62: 0
  63: 0
 heartbeats: # Per-process heartbeats
  0: 0
  1: 0
  2: 0
  3: 0
  4: 0
  5: 0
  6: 0
  7: 0
  8: 0
  9: 0
  10: 0
  11: 0
  12: 0
  13: 0
  14: 0
  15: 0
  16: 0
  17: 0
  18: 0
  19: 0
  20: 0
  21: 0
  22: 0
  23: 0
  24: 0
  25: 0
  26: 0
  27: 0
  28: 0
  29: 0
  30: 0
  31: 0
  32: 0
  33: 0
  34: 0
  35: 0
  36: 0
  37: 0
  38: 0
  39: 0
  40: 0
  41: 0
  42: 0
  43: 0
  44: 0
  45: 0
  46: 0
  47: 0
  48: 0
  49: 0
  50: 0
  51: 0
  52: 0
  53: 0
  54: 0
  55: 0
  56: 0
  57: 0
  58: 0
  59: 0
  60: 0
  61: 0
  62: 0
  63: 0
===
