# zsim stats
===
root: # Stats
 contention: # Contention simulation stats
  domain-0: # Domain stats
   time: 153069746 # Weave simulation time
 time: # Simulator time breakdown
  init: 2759669017796
  bound: 7912246682
  weave: 241847569
  ff: 0
 trigger: 20000 # Reason for this stats dump
 phase: 6331 # Simulated phases
 westmere: # Core stats
  westmere-0: # Core stats
   cycles: 63310267 # Simulated unhalted cycles
   cCycles: 2741586 # Cycles due to contention stalls
   instrs: 100006851 # Simulated instructions
   uops: 117866341 # Retired micro-ops
   bbls: 29678527 # Basic blocks
   approxInstrs: 327495 # Instrs with approx uop decoding
   mispredBranches: 240424 # Mispredicted branches
   condBranches: 21995789 # conditional branches
 l1i: # Cache stats
  l1i-0: # Filter cache stats
   fhGETS: 27587396 # Filtered GETS hits
   fhGETX: 0 # Filtered GETX hits
   hGETS: 2951302 # GETS hits
   hGETX: 0 # GETX hits
   mGETS: 419164 # GETS misses
   mGETXIM: 0 # GETX I->M misses
   mGETXSM: 0 # GETX S->M misses (upgrade misses)
   PUTS: 0 # Clean evictions (from lower level)
   PUTX: 0 # Dirty evictions (from lower level)
   INV: 1579 # Invalidates (from upper level)
   INVX: 0 # Downgrades (from upper level)
   FWD: 0 # Forwards (from upper level)
   latGETnl: 5216176 # GET request latency on next level
   latGETnet: 0 # GET request latency on network to next level
 l1d: # Cache stats
  l1d-0: # Filter cache stats
   fhGETS: 25684656 # Filtered GETS hits
   fhGETX: 9472433 # Filtered GETX hits
   hGETS: 4389890 # GETS hits
   hGETX: 1385673 # GETX hits
   mGETS: 1169177 # GETS misses
   mGETXIM: 201183 # GETX I->M misses
   mGETXSM: 0 # GETX S->M misses (upgrade misses)
   PUTS: 0 # Clean evictions (from lower level)
   PUTX: 0 # Dirty evictions (from lower level)
   INV: 906 # Invalidates (from upper level)
   INVX: 0 # Downgrades (from upper level)
   FWD: 0 # Forwards (from upper level)
   latGETnl: 35171828 # GET request latency on next level
   latGETnet: 0 # GET request latency on network to next level
 l2: # Cache stats
  l2-0: # Cache stats
   hGETS: 1382681 # GETS hits
   hGETX: 26977 # GETX hits
   mGETS: 205660 # GETS misses
   mGETXIM: 174206 # GETX I->M misses
   mGETXSM: 0 # GETX S->M misses (upgrade misses)
   PUTS: 1447983 # Clean evictions (from lower level)
   PUTX: 338076 # Dirty evictions (from lower level)
   INV: 4610 # Invalidates (from upper level)
   INVX: 0 # Downgrades (from upper level)
   FWD: 0 # Forwards (from upper level)
   latGETnl: 22492764 # GET request latency on next level
   latGETnet: 0 # GET request latency on network to next level
 l3: # Cache stats
  l3-0: # Cache stats
   hGETS: 161068 # GETS hits
   hGETX: 70176 # GETX hits
   mGETS: 44592 # GETS misses
   mGETXIM: 104030 # GETX I->M misses
   mGETXSM: 0 # GETX S->M misses (upgrade misses)
   PUTS: 113075 # Clean evictions (from lower level)
   PUTX: 258090 # Dirty evictions (from lower level)
   INV: 0 # Invalidates (from upper level)
   INVX: 0 # Downgrades (from upper level)
   FWD: 0 # Forwards (from upper level)
   latGETnl: 13375980 # GET request latency on next level
   latGETnet: 0 # GET request latency on network to next level
 mem: # Memory controller stats
  mem-0: # Memory controller stats
   rd: 37031 # Read requests
   wr: 23879 # Write requests
   rdlat: 4984376 # Total latency experienced by read requests
   wrlat: 3705744 # Total latency experienced by write requests
   rdhits: 25 # Read row hits
   wrhits: 41 # Write row hits
   mlh: # latency histogram for memory requests
    0: 0
    1: 0
    2: 0
    3: 0
    4: 0
    5: 0
    6: 0
    7: 0
    8: 0
    9: 0
    10: 0
    11: 0
    12: 6
    13: 35102
    14: 602
    15: 480
    16: 317
    17: 30
    18: 20
    19: 8
    20: 22
    21: 24
    22: 22
    23: 19
    24: 28
    25: 27
    26: 9
    27: 14
    28: 14
    29: 13
    30: 14
    31: 19
    32: 23
    33: 15
    34: 12
    35: 19
    36: 33
    37: 23
    38: 30
    39: 23
    40: 17
    41: 19
    42: 12
    43: 5
    44: 4
    45: 4
    46: 0
    47: 1
    48: 1
    49: 0
    50: 0
    51: 0
    52: 0
    53: 0
    54: 0
    55: 0
    56: 0
    57: 0
    58: 0
    59: 0
    60: 0
    61: 0
    62: 0
    63: 0
    64: 0
    65: 0
    66: 0
    67: 0
    68: 0
    69: 0
    70: 0
    71: 0
    72: 0
    73: 0
    74: 0
    75: 0
    76: 0
    77: 0
    78: 0
    79: 0
    80: 0
    81: 0
    82: 0
    83: 0
    84: 0
    85: 0
    86: 0
    87: 0
    88: 0
    89: 0
    90: 0
    91: 0
    92: 0
    93: 0
    94: 0
    95: 0
    96: 0
    97: 0
    98: 0
    99: 0
  mem-1: # Memory controller stats
   rd: 37049 # Read requests
   wr: 24086 # Write requests
   rdlat: 4987657 # Total latency experienced by read requests
   wrlat: 3750319 # Total latency experienced by write requests
   rdhits: 38 # Read row hits
   wrhits: 30 # Write row hits
   mlh: # latency histogram for memory requests
    0: 0
    1: 0
    2: 0
    3: 0
    4: 0
    5: 0
    6: 0
    7: 0
    8: 0
    9: 0
    10: 0
    11: 3
    12: 0
    13: 35092
    14: 613
    15: 496
    16: 338
    17: 25
    18: 17
    19: 5
    20: 20
    21: 24
    22: 10
    23: 20
    24: 25
    25: 20
    26: 12
    27: 12
    28: 25
    29: 18
    30: 23
    31: 15
    32: 16
    33: 17
    34: 26
    35: 15
    36: 19
    37: 22
    38: 26
    39: 20
    40: 16
    41: 15
    42: 19
    43: 9
    44: 8
    45: 4
    46: 0
    47: 2
    48: 2
    49: 0
    50: 0
    51: 0
    52: 0
    53: 0
    54: 0
    55: 0
    56: 0
    57: 0
    58: 0
    59: 0
    60: 0
    61: 0
    62: 0
    63: 0
    64: 0
    65: 0
    66: 0
    67: 0
    68: 0
    69: 0
    70: 0
    71: 0
    72: 0
    73: 0
    74: 0
    75: 0
    76: 0
    77: 0
    78: 0
    79: 0
    80: 0
    81: 0
    82: 0
    83: 0
    84: 0
    85: 0
    86: 0
    87: 0
    88: 0
    89: 0
    90: 0
    91: 0
    92: 0
    93: 0
    94: 0
    95: 0
    96: 0
    97: 0
    98: 0
    99: 0
  mem-2: # Memory controller stats
   rd: 37229 # Read requests
   wr: 23996 # Write requests
   rdlat: 5017365 # Total latency experienced by read requests
   wrlat: 3745637 # Total latency experienced by write requests
   rdhits: 27 # Read row hits
   wrhits: 41 # Write row hits
   mlh: # latency histogram for memory requests
    0: 0
    1: 0
    2: 0
    3: 0
    4: 0
    5: 0
    6: 0
    7: 0
    8: 0
    9: 0
    10: 0
    11: 3
    12: 3
    13: 35249
    14: 639
    15: 490
    16: 281
    17: 26
    18: 17
    19: 11
    20: 17
    21: 20
    22: 23
    23: 29
    24: 30
    25: 31
    26: 16
    27: 15
    28: 17
    29: 17
    30: 19
    31: 18
    32: 23
    33: 27
    34: 21
    35: 22
    36: 23
    37: 30
    38: 21
    39: 21
    40: 19
    41: 18
    42: 14
    43: 11
    44: 2
    45: 4
    46: 1
    47: 0
    48: 1
    49: 0
    50: 0
    51: 0
    52: 0
    53: 0
    54: 0
    55: 0
    56: 0
    57: 0
    58: 0
    59: 0
    60: 0
    61: 0
    62: 0
    63: 0
    64: 0
    65: 0
    66: 0
    67: 0
    68: 0
    69: 0
    70: 0
    71: 0
    72: 0
    73: 0
    74: 0
    75: 0
    76: 0
    77: 0
    78: 0
    79: 0
    80: 0
    81: 0
    82: 0
    83: 0
    84: 0
    85: 0
    86: 0
    87: 0
    88: 0
    89: 0
    90: 0
    91: 0
    92: 0
    93: 0
    94: 0
    95: 0
    96: 0
    97: 0
    98: 0
    99: 0
  mem-3: # Memory controller stats
   rd: 37311 # Read requests
   wr: 24099 # Write requests
   rdlat: 5028809 # Total latency experienced by read requests
   wrlat: 3751219 # Total latency experienced by write requests
   rdhits: 32 # Read row hits
   wrhits: 36 # Write row hits
   mlh: # latency histogram for memory requests
    0: 0
    1: 0
    2: 0
    3: 0
    4: 0
    5: 0
    6: 0
    7: 0
    8: 0
    9: 0
    10: 0
    11: 8
    12: 5
    13: 35335
    14: 577
    15: 492
    16: 337
    17: 27
    18: 22
    19: 19
    20: 16
    21: 21
    22: 17
    23: 21
    24: 24
    25: 29
    26: 9
    27: 15
    28: 18
    29: 13
    30: 17
    31: 25
    32: 19
    33: 25
    34: 21
    35: 24
    36: 21
    37: 29
    38: 32
    39: 25
    40: 16
    41: 16
    42: 18
    43: 5
    44: 7
    45: 1
    46: 1
    47: 2
    48: 2
    49: 0
    50: 0
    51: 0
    52: 0
    53: 0
    54: 0
    55: 0
    56: 0
    57: 0
    58: 0
    59: 0
    60: 0
    61: 0
    62: 0
    63: 0
    64: 0
    65: 0
    66: 0
    67: 0
    68: 0
    69: 0
    70: 0
    71: 0
    72: 0
    73: 0
    74: 0
    75: 0
    76: 0
    77: 0
    78: 0
    79: 0
    80: 0
    81: 0
    82: 0
    83: 0
    84: 0
    85: 0
    86: 0
    87: 0
    88: 0
    89: 0
    90: 0
    91: 0
    92: 0
    93: 0
    94: 0
    95: 0
    96: 0
    97: 0
    98: 0
    99: 0
 sched: # Scheduler stats
  thCr: 1 # Threads created
  thFn: 1 # Threads finished
  schedEvs: 1 # Schedule events
  waitEvs: 0 # Wait events
  handoffEvs: 0 # Handoff events
  sleepEvs: 0 # Sleep events
  idlePhases: 0 # Phases with no thread active
  idlePeriods: 0 # Periods with no thread active
  occHist: # Occupancy histogram
   0: 0
   1: 6331
  rqSzHist: # Run queue size histogram
   0: 6331
   1: 0
   2: 0
   3: 0
   4: 0
   5: 0
   6: 0
   7: 0
   8: 0
   9: 0
   10: 0
   11: 0
   12: 0
   13: 0
   14: 0
   15: 0
   16: 0
 procCycles: # Per-process unhalted core cycles
  0: 63310267
  1: 0
  2: 0
  3: 0
  4: 0
  5: 0
  6: 0
  7: 0
  8: 0
  9: 0
  10: 0
  11: 0
  12: 0
  13: 0
  14: 0
  15: 0
  16: 0
  17: 0
  18: 0
  19: 0
  20: 0
  21: 0
  22: 0
  23: 0
  24: 0
  25: 0
  26: 0
  27: 0
  28: 0
  29: 0
  30: 0
  31: 0
  32: 0
  33: 0
  34: 0
  35: 0
  36: 0
  37: 0
  38: 0
  39: 0
  40: 0
  41: 0
  42: 0
  43: 0
  44: 0
  45: 0
  46: 0
  47: 0
  48: 0
  49: 0
  50: 0
  51: 0
  52: 0
  53: 0
  54: 0
  55: 0
  56: 0
  57: 0
  58: 0
  59: 0
  60: 0
  61: 0
  62: 0
  63: 0
 procInstrs: # Per-process instructions
  0: 100006851
  1: 0
  2: 0
  3: 0
  4: 0
  5: 0
  6: 0
  7: 0
  8: 0
  9: 0
  10: 0
  11: 0
  12: 0
  13: 0
  14: 0
  15: 0
  16: 0
  17: 0
  18: 0
  19: 0
  20: 0
  21: 0
  22: 0
  23: 0
  24: 0
  25: 0
  26: 0
  27: 0
  28: 0
  29: 0
  30: 0
  31: 0
  32: 0
  33: 0
  34: 0
  35: 0
  36: 0
  37: 0
  38: 0
  39: 0
  40: 0
  41: 0
  42: 0
  43: 0
  44: 0
  45: 0
  46: 0
  47: 0
  48: 0
  49: 0
  50: 0
  51: 0
  52: 0
  53: 0
  54: 0
  55: 0
  56: 0
  57: 0
  58: 0
  59: 0
  60: 0
  61: 0
  62: 0
  63: 0
 heartbeats: # Per-process heartbeats
  0: 0
  1: 0
  2: 0
  3: 0
  4: 0
  5: 0
  6: 0
  7: 0
  8: 0
  9: 0
  10: 0
  11: 0
  12: 0
  13: 0
  14: 0
  15: 0
  16: 0
  17: 0
  18: 0
  19: 0
  20: 0
  21: 0
  22: 0
  23: 0
  24: 0
  25: 0
  26: 0
  27: 0
  28: 0
  29: 0
  30: 0
  31: 0
  32: 0
  33: 0
  34: 0
  35: 0
  36: 0
  37: 0
  38: 0
  39: 0
  40: 0
  41: 0
  42: 0
  43: 0
  44: 0
  45: 0
  46: 0
  47: 0
  48: 0
  49: 0
  50: 0
  51: 0
  52: 0
  53: 0
  54: 0
  55: 0
  56: 0
  57: 0
  58: 0
  59: 0
  60: 0
  61: 0
  62: 0
  63: 0
===
