# zsim stats
===
root: # Stats
 contention: # Contention simulation stats
  domain-0: # Domain stats
   time: 188907993 # Weave simulation time
 time: # Simulator time breakdown
  init: 2826798408639
  bound: 6958842170
  weave: 274283612
  ff: 0
 trigger: 20000 # Reason for this stats dump
 phase: 6463 # Simulated phases
 westmere: # Core stats
  westmere-0: # Core stats
   cycles: 64632063 # Simulated unhalted cycles
   cCycles: 5804474 # Cycles due to contention stalls
   instrs: 100001059 # Simulated instructions
   uops: 142669442 # Retired micro-ops
   bbls: 4785626 # Basic blocks
   approxInstrs: 432 # Instrs with approx uop decoding
   mispredBranches: 23094 # Mispredicted branches
   condBranches: 4718315 # conditional branches
 l1i: # Cache stats
  l1i-0: # Filter cache stats
   fhGETS: 9440159 # Filtered GETS hits
   fhGETX: 0 # Filtered GETX hits
   hGETS: 20748 # GETS hits
   hGETX: 0 # GETX hits
   mGETS: 1891 # GETS misses
   mGETXIM: 0 # GETX I->M misses
   mGETXSM: 0 # GETX S->M misses (upgrade misses)
   PUTS: 0 # Clean evictions (from lower level)
   PUTX: 0 # Dirty evictions (from lower level)
   INV: 2 # Invalidates (from upper level)
   INVX: 0 # Downgrades (from upper level)
   FWD: 0 # Forwards (from upper level)
   latGETnl: 103846 # GET request latency on next level
   latGETnet: 0 # GET request latency on network to next level
 l1d: # Cache stats
  l1d-0: # Filter cache stats
   fhGETS: 27550591 # Filtered GETS hits
   fhGETX: 9108635 # Filtered GETX hits
   hGETS: 15286762 # GETS hits
   hGETX: 5944687 # GETX hits
   mGETS: 235999 # GETS misses
   mGETXIM: 291790 # GETX I->M misses
   mGETXSM: 0 # GETX S->M misses (upgrade misses)
   PUTS: 0 # Clean evictions (from lower level)
   PUTX: 0 # Dirty evictions (from lower level)
   INV: 0 # Invalidates (from upper level)
   INVX: 0 # Downgrades (from upper level)
   FWD: 0 # Forwards (from upper level)
   latGETnl: 26560070 # GET request latency on next level
   latGETnet: 0 # GET request latency on network to next level
 l2: # Cache stats
  l2-0: # Cache stats
   hGETS: 208219 # GETS hits
   hGETX: 1457 # GETX hits
   mGETS: 29671 # GETS misses
   mGETXIM: 290333 # GETX I->M misses
   mGETXSM: 0 # GETX S->M misses (upgrade misses)
   PUTS: 236214 # Clean evictions (from lower level)
   PUTX: 292515 # Dirty evictions (from lower level)
   INV: 0 # Invalidates (from upper level)
   INVX: 0 # Downgrades (from upper level)
   FWD: 0 # Forwards (from upper level)
   latGETnl: 21367116 # GET request latency on next level
   latGETnet: 0 # GET request latency on network to next level
 l3: # Cache stats
  l3-0: # Cache stats
   hGETS: 24691 # GETS hits
   hGETX: 143235 # GETX hits
   mGETS: 4980 # GETS misses
   mGETXIM: 147098 # GETX I->M misses
   mGETXSM: 0 # GETX S->M misses (upgrade misses)
   PUTS: 27337 # Clean evictions (from lower level)
   PUTX: 288571 # Dirty evictions (from lower level)
   INV: 0 # Invalidates (from upper level)
   INVX: 0 # Downgrades (from upper level)
   FWD: 0 # Forwards (from upper level)
   latGETnl: 13687020 # GET request latency on next level
   latGETnet: 0 # GET request latency on network to next level
 mem: # Memory controller stats
  mem-0: # Memory controller stats
   rd: 38053 # Read requests
   wr: 29218 # Write requests
   rdlat: 5783860 # Total latency experienced by read requests
   wrlat: 4329495 # Total latency experienced by write requests
   rdhits: 5 # Read row hits
   wrhits: 216 # Write row hits
   mlh: # latency histogram for memory requests
    0: 0
    1: 0
    2: 0
    3: 0
    4: 0
    5: 0
    6: 0
    7: 0
    8: 0
    9: 0
    10: 0
    11: 3
    12: 1
    13: 29175
    14: 2421
    15: 24
    16: 19
    17: 10
    18: 28
    19: 10
    20: 15
    21: 12
    22: 51
    23: 5732
    24: 21
    25: 20
    26: 17
    27: 23
    28: 29
    29: 23
    30: 14
    31: 19
    32: 22
    33: 30
    34: 33
    35: 26
    36: 29
    37: 14
    38: 21
    39: 29
    40: 27
    41: 21
    42: 14
    43: 11
    44: 8
    45: 6
    46: 4
    47: 43
    48: 9
    49: 11
    50: 6
    51: 6
    52: 11
    53: 5
    54: 0
    55: 0
    56: 0
    57: 0
    58: 0
    59: 0
    60: 0
    61: 0
    62: 0
    63: 0
    64: 0
    65: 0
    66: 0
    67: 0
    68: 0
    69: 0
    70: 0
    71: 0
    72: 0
    73: 0
    74: 0
    75: 0
    76: 0
    77: 0
    78: 0
    79: 0
    80: 0
    81: 0
    82: 0
    83: 0
    84: 0
    85: 0
    86: 0
    87: 0
    88: 0
    89: 0
    90: 0
    91: 0
    92: 0
    93: 0
    94: 0
    95: 0
    96: 0
    97: 0
    98: 0
    99: 0
  mem-1: # Memory controller stats
   rd: 38024 # Read requests
   wr: 29209 # Write requests
   rdlat: 5784748 # Total latency experienced by read requests
   wrlat: 4315947 # Total latency experienced by write requests
   rdhits: 4 # Read row hits
   wrhits: 203 # Write row hits
   mlh: # latency histogram for memory requests
    0: 0
    1: 0
    2: 0
    3: 0
    4: 0
    5: 0
    6: 0
    7: 0
    8: 0
    9: 0
    10: 0
    11: 2
    12: 1
    13: 29115
    14: 2442
    15: 31
    16: 15
    17: 18
    18: 13
    19: 16
    20: 15
    21: 17
    22: 63
    23: 5715
    24: 23
    25: 18
    26: 11
    27: 13
    28: 39
    29: 25
    30: 16
    31: 21
    32: 29
    33: 29
    34: 25
    35: 22
    36: 33
    37: 20
    38: 28
    39: 16
    40: 19
    41: 20
    42: 24
    43: 5
    44: 9
    45: 3
    46: 11
    47: 42
    48: 17
    49: 9
    50: 8
    51: 11
    52: 11
    53: 4
    54: 0
    55: 0
    56: 0
    57: 0
    58: 0
    59: 0
    60: 0
    61: 0
    62: 0
    63: 0
    64: 0
    65: 0
    66: 0
    67: 0
    68: 0
    69: 0
    70: 0
    71: 0
    72: 0
    73: 0
    74: 0
    75: 0
    76: 0
    77: 0
    78: 0
    79: 0
    80: 0
    81: 0
    82: 0
    83: 0
    84: 0
    85: 0
    86: 0
    87: 0
    88: 0
    89: 0
    90: 0
    91: 0
    92: 0
    93: 0
    94: 0
    95: 0
    96: 0
    97: 0
    98: 0
    99: 0
  mem-2: # Memory controller stats
   rd: 38007 # Read requests
   wr: 29179 # Write requests
   rdlat: 5761933 # Total latency experienced by read requests
   wrlat: 4316250 # Total latency experienced by write requests
   rdhits: 2 # Read row hits
   wrhits: 211 # Write row hits
   mlh: # latency histogram for memory requests
    0: 0
    1: 0
    2: 0
    3: 0
    4: 0
    5: 0
    6: 0
    7: 0
    8: 0
    9: 0
    10: 0
    11: 1
    12: 0
    13: 29140
    14: 2458
    15: 32
    16: 19
    17: 15
    18: 11
    19: 8
    20: 13
    21: 8
    22: 42
    23: 5793
    24: 16
    25: 19
    26: 16
    27: 31
    28: 15
    29: 18
    30: 11
    31: 14
    32: 23
    33: 16
    34: 27
    35: 18
    36: 25
    37: 25
    38: 25
    39: 26
    40: 20
    41: 22
    42: 19
    43: 3
    44: 3
    45: 2
    46: 8
    47: 25
    48: 11
    49: 9
    50: 4
    51: 9
    52: 6
    53: 1
    54: 0
    55: 0
    56: 0
    57: 0
    58: 0
    59: 0
    60: 0
    61: 0
    62: 0
    63: 0
    64: 0
    65: 0
    66: 0
    67: 0
    68: 0
    69: 0
    70: 0
    71: 0
    72: 0
    73: 0
    74: 0
    75: 0
    76: 0
    77: 0
    78: 0
    79: 0
    80: 0
    81: 0
    82: 0
    83: 0
    84: 0
    85: 0
    86: 0
    87: 0
    88: 0
    89: 0
    90: 0
    91: 0
    92: 0
    93: 0
    94: 0
    95: 0
    96: 0
    97: 0
    98: 0
    99: 0
  mem-3: # Memory controller stats
   rd: 37986 # Read requests
   wr: 29177 # Write requests
   rdlat: 5756023 # Total latency experienced by read requests
   wrlat: 4323089 # Total latency experienced by write requests
   rdhits: 2 # Read row hits
   wrhits: 200 # Write row hits
   mlh: # latency histogram for memory requests
    0: 0
    1: 0
    2: 0
    3: 0
    4: 0
    5: 0
    6: 0
    7: 0
    8: 0
    9: 0
    10: 0
    11: 0
    12: 1
    13: 29105
    14: 2457
    15: 39
    16: 22
    17: 16
    18: 6
    19: 17
    20: 19
    21: 12
    22: 47
    23: 5799
    24: 14
    25: 12
    26: 18
    27: 16
    28: 17
    29: 29
    30: 18
    31: 15
    32: 19
    33: 19
    34: 24
    35: 25
    36: 24
    37: 23
    38: 7
    39: 11
    40: 20
    41: 22
    42: 27
    43: 12
    44: 7
    45: 3
    46: 9
    47: 29
    48: 4
    49: 7
    50: 6
    51: 1
    52: 6
    53: 2
    54: 0
    55: 0
    56: 0
    57: 0
    58: 0
    59: 0
    60: 0
    61: 0
    62: 0
    63: 0
    64: 0
    65: 0
    66: 0
    67: 0
    68: 0
    69: 0
    70: 0
    71: 0
    72: 0
    73: 0
    74: 0
    75: 0
    76: 0
    77: 0
    78: 0
    79: 0
    80: 0
    81: 0
    82: 0
    83: 0
    84: 0
    85: 0
    86: 0
    87: 0
    88: 0
    89: 0
    90: 0
    91: 0
    92: 0
    93: 0
    94: 0
    95: 0
    96: 0
    97: 0
    98: 0
    99: 0
 sched: # Scheduler stats
  thCr: 1 # Threads created
  thFn: 1 # Threads finished
  schedEvs: 1 # Schedule events
  waitEvs: 0 # Wait events
  handoffEvs: 0 # Handoff events
  sleepEvs: 0 # Sleep events
  idlePhases: 0 # Phases with no thread active
  idlePeriods: 0 # Periods with no thread active
  occHist: # Occupancy histogram
   0: 0
   1: 6463
  rqSzHist: # Run queue size histogram
   0: 6463
   1: 0
   2: 0
   3: 0
   4: 0
   5: 0
   6: 0
   7: 0
   8: 0
   9: 0
   10: 0
   11: 0
   12: 0
   13: 0
   14: 0
   15: 0
   16: 0
 procCycles: # Per-process unhalted core cycles
  0: 64632063
  1: 0
  2: 0
  3: 0
  4: 0
  5: 0
  6: 0
  7: 0
  8: 0
  9: 0
  10: 0
  11: 0
  12: 0
  13: 0
  14: 0
  15: 0
  16: 0
  17: 0
  18: 0
  19: 0
  20: 0
  21: 0
  22: 0
  23: 0
  24: 0
  25: 0
  26: 0
  27: 0
  28: 0
  29: 0
  30: 0
  31: 0
  32: 0
  33: 0
  34: 0
  35: 0
  36: 0
  37: 0
  38: 0
  39: 0
  40: 0
  41: 0
  42: 0
  43: 0
  44: 0
  45: 0
  46: 0
  47: 0
  48: 0
  49: 0
  50: 0
  51: 0
  52: 0
  53: 0
  54: 0
  55: 0
  56: 0
  57: 0
  58: 0
  59: 0
  60: 0
  61: 0
  62: 0
  63: 0
 procInstrs: # Per-process instructions
  0: 100001059
  1: 0
  2: 0
  3: 0
  4: 0
  5: 0
  6: 0
  7: 0
  8: 0
  9: 0
  10: 0
  11: 0
  12: 0
  13: 0
  14: 0
  15: 0
  16: 0
  17: 0
  18: 0
  19: 0
  20: 0
  21: 0
  22: 0
  23: 0
  24: 0
  25: 0
  26: 0
  27: 0
  28: 0
  29: 0
  30: 0
  31: 0
  32: 0
  33: 0
  34: 0
  35: 0
  36: 0
  37: 0
  38: 0
  39: 0
  40: 0
  41: 0
  42: 0
  43: 0
  44: 0
  45: 0
  46: 0
  47: 0
  48: 0
  49: 0
  50: 0
  51: 0
  52: 0
  53: 0
  54: 0
  55: 0
  56: 0
  57: 0
  58: 0
  59: 0
  60: 0
  61: 0
  62: 0
  63: 0
 heartbeats: # Per-process heartbeats
  0: 0
  1: 0
  2: 0
  3: 0
  4: 0
  5: 0
  6: 0
  7: 0
  8: 0
  9: 0
  10: 0
  11: 0
  12: 0
  13: 0
  14: 0
  15: 0
  16: 0
  17: 0
  18: 0
  19: 0
  20: 0
  21: 0
  22: 0
  23: 0
  24: 0
  25: 0
  26: 0
  27: 0
  28: 0
  29: 0
  30: 0
  31: 0
  32: 0
  33: 0
  34: 0
  35: 0
  36: 0
  37: 0
  38: 0
  39: 0
  40: 0
  41: 0
  42: 0
  43: 0
  44: 0
  45: 0
  46: 0
  47: 0
  48: 0
  49: 0
  50: 0
  51: 0
  52: 0
  53: 0
  54: 0
  55: 0
  56: 0
  57: 0
  58: 0
  59: 0
  60: 0
  61: 0
  62: 0
  63: 0
===
