# zsim stats
===
root: # Stats
 contention: # Contention simulation stats
  domain-0: # Domain stats
   time: 353431220 # Weave simulation time
 time: # Simulator time breakdown
  init: 2874548661312
  bound: 7812437941
  weave: 463553506
  ff: 0
 trigger: 20000 # Reason for this stats dump
 phase: 8422 # Simulated phases
 westmere: # Core stats
  westmere-0: # Core stats
   cycles: 84221018 # Simulated unhalted cycles
   cCycles: 9888638 # Cycles due to contention stalls
   instrs: 100003754 # Simulated instructions
   uops: 132218431 # Retired micro-ops
   bbls: 1457997 # Basic blocks
   approxInstrs: 967588 # Instrs with approx uop decoding
   mispredBranches: 1057 # Mispredicted branches
   condBranches: 120268 # conditional branches
 l1i: # Cache stats
  l1i-0: # Filter cache stats
   fhGETS: 6773090 # Filtered GETS hits
   fhGETX: 0 # Filtered GETX hits
   hGETS: 4032107 # GETS hits
   hGETX: 0 # GETX hits
   mGETS: 2119 # GETS misses
   mGETXIM: 0 # GETX I->M misses
   mGETXSM: 0 # GETX S->M misses (upgrade misses)
   PUTS: 0 # Clean evictions (from lower level)
   PUTX: 0 # Dirty evictions (from lower level)
   INV: 1928 # Invalidates (from upper level)
   INVX: 0 # Downgrades (from upper level)
   FWD: 0 # Forwards (from upper level)
   latGETnl: 262756 # GET request latency on next level
   latGETnet: 0 # GET request latency on network to next level
 l1d: # Cache stats
  l1d-0: # Filter cache stats
   fhGETS: 37072474 # Filtered GETS hits
   fhGETX: 9752612 # Filtered GETX hits
   hGETS: 5130775 # GETS hits
   hGETX: 1456152 # GETX hits
   mGETS: 617721 # GETS misses
   mGETXIM: 140027 # GETX I->M misses
   mGETXSM: 0 # GETX S->M misses (upgrade misses)
   PUTS: 0 # Clean evictions (from lower level)
   PUTX: 0 # Dirty evictions (from lower level)
   INV: 125 # Invalidates (from upper level)
   INVX: 0 # Downgrades (from upper level)
   FWD: 0 # Forwards (from upper level)
   latGETnl: 62210606 # GET request latency on next level
   latGETnet: 0 # GET request latency on network to next level
 l2: # Cache stats
  l2-0: # Cache stats
   hGETS: 257676 # GETS hits
   hGETX: 3 # GETX hits
   mGETS: 362164 # GETS misses
   mGETXIM: 140024 # GETX I->M misses
   mGETXSM: 0 # GETX S->M misses (upgrade misses)
   PUTS: 616085 # Clean evictions (from lower level)
   PUTX: 141026 # Dirty evictions (from lower level)
   INV: 2625 # Invalidates (from upper level)
   INVX: 0 # Downgrades (from upper level)
   FWD: 0 # Forwards (from upper level)
   latGETnl: 54874692 # GET request latency on next level
   latGETnet: 0 # GET request latency on network to next level
 l3: # Cache stats
  l3-0: # Cache stats
   hGETS: 20974 # GETS hits
   hGETX: 5412 # GETX hits
   mGETS: 341190 # GETS misses
   mGETXIM: 134612 # GETX I->M misses
   mGETXSM: 0 # GETX S->M misses (upgrade misses)
   PUTS: 356009 # Clean evictions (from lower level)
   PUTX: 139458 # Dirty evictions (from lower level)
   INV: 0 # Invalidates (from upper level)
   INVX: 0 # Downgrades (from upper level)
   FWD: 0 # Forwards (from upper level)
   latGETnl: 42822180 # GET request latency on next level
   latGETnet: 0 # GET request latency on network to next level
 mem: # Memory controller stats
  mem-0: # Memory controller stats
   rd: 118981 # Read requests
   wr: 33471 # Write requests
   rdlat: 17396395 # Total latency experienced by read requests
   wrlat: 5490378 # Total latency experienced by write requests
   rdhits: 11 # Read row hits
   wrhits: 76 # Write row hits
   mlh: # latency histogram for memory requests
    0: 0
    1: 0
    2: 0
    3: 0
    4: 0
    5: 0
    6: 0
    7: 0
    8: 0
    9: 0
    10: 0
    11: 0
    12: 0
    13: 76367
    14: 20614
    15: 6332
    16: 1656
    17: 5077
    18: 1017
    19: 1095
    20: 912
    21: 186
    22: 485
    23: 154
    24: 295
    25: 2993
    26: 341
    27: 118
    28: 169
    29: 96
    30: 53
    31: 75
    32: 56
    33: 48
    34: 59
    35: 79
    36: 58
    37: 51
    38: 74
    39: 61
    40: 67
    41: 64
    42: 60
    43: 55
    44: 33
    45: 14
    46: 15
    47: 40
    48: 51
    49: 22
    50: 7
    51: 5
    52: 4
    53: 3
    54: 4
    55: 7
    56: 1
    57: 2
    58: 3
    59: 2
    60: 1
    61: 0
    62: 0
    63: 0
    64: 0
    65: 0
    66: 0
    67: 0
    68: 0
    69: 0
    70: 0
    71: 0
    72: 0
    73: 0
    74: 0
    75: 0
    76: 0
    77: 0
    78: 0
    79: 0
    80: 0
    81: 0
    82: 0
    83: 0
    84: 0
    85: 0
    86: 0
    87: 0
    88: 0
    89: 0
    90: 0
    91: 0
    92: 0
    93: 0
    94: 0
    95: 0
    96: 0
    97: 0
    98: 0
    99: 0
  mem-1: # Memory controller stats
   rd: 118974 # Read requests
   wr: 33452 # Write requests
   rdlat: 17382267 # Total latency experienced by read requests
   wrlat: 5499159 # Total latency experienced by write requests
   rdhits: 8 # Read row hits
   wrhits: 83 # Write row hits
   mlh: # latency histogram for memory requests
    0: 0
    1: 0
    2: 0
    3: 0
    4: 0
    5: 0
    6: 0
    7: 0
    8: 0
    9: 0
    10: 0
    11: 0
    12: 0
    13: 76399
    14: 20584
    15: 6317
    16: 1713
    17: 5098
    18: 1059
    19: 1090
    20: 902
    21: 183
    22: 497
    23: 124
    24: 337
    25: 2948
    26: 329
    27: 126
    28: 163
    29: 73
    30: 60
    31: 43
    32: 49
    33: 48
    34: 54
    35: 89
    36: 82
    37: 55
    38: 65
    39: 41
    40: 61
    41: 48
    42: 68
    43: 46
    44: 22
    45: 21
    46: 18
    47: 53
    48: 39
    49: 23
    50: 7
    51: 9
    52: 4
    53: 3
    54: 0
    55: 7
    56: 4
    57: 2
    58: 6
    59: 5
    60: 0
    61: 0
    62: 0
    63: 0
    64: 0
    65: 0
    66: 0
    67: 0
    68: 0
    69: 0
    70: 0
    71: 0
    72: 0
    73: 0
    74: 0
    75: 0
    76: 0
    77: 0
    78: 0
    79: 0
    80: 0
    81: 0
    82: 0
    83: 0
    84: 0
    85: 0
    86: 0
    87: 0
    88: 0
    89: 0
    90: 0
    91: 0
    92: 0
    93: 0
    94: 0
    95: 0
    96: 0
    97: 0
    98: 0
    99: 0
  mem-2: # Memory controller stats
   rd: 118948 # Read requests
   wr: 33480 # Write requests
   rdlat: 17398433 # Total latency experienced by read requests
   wrlat: 5488859 # Total latency experienced by write requests
   rdhits: 2 # Read row hits
   wrhits: 102 # Write row hits
   mlh: # latency histogram for memory requests
    0: 0
    1: 0
    2: 0
    3: 0
    4: 0
    5: 0
    6: 0
    7: 0
    8: 0
    9: 0
    10: 0
    11: 0
    12: 0
    13: 76437
    14: 20608
    15: 6318
    16: 1594
    17: 5058
    18: 1038
    19: 1063
    20: 865
    21: 133
    22: 508
    23: 181
    24: 314
    25: 2960
    26: 375
    27: 126
    28: 158
    29: 79
    30: 67
    31: 61
    32: 55
    33: 46
    34: 63
    35: 112
    36: 64
    37: 75
    38: 63
    39: 64
    40: 88
    41: 56
    42: 60
    43: 57
    44: 26
    45: 14
    46: 15
    47: 40
    48: 43
    49: 14
    50: 15
    51: 5
    52: 3
    53: 3
    54: 4
    55: 9
    56: 3
    57: 2
    58: 3
    59: 3
    60: 0
    61: 0
    62: 0
    63: 0
    64: 0
    65: 0
    66: 0
    67: 0
    68: 0
    69: 0
    70: 0
    71: 0
    72: 0
    73: 0
    74: 0
    75: 0
    76: 0
    77: 0
    78: 0
    79: 0
    80: 0
    81: 0
    82: 0
    83: 0
    84: 0
    85: 0
    86: 0
    87: 0
    88: 0
    89: 0
    90: 0
    91: 0
    92: 0
    93: 0
    94: 0
    95: 0
    96: 0
    97: 0
    98: 0
    99: 0
  mem-3: # Memory controller stats
   rd: 118892 # Read requests
   wr: 33456 # Write requests
   rdlat: 17368903 # Total latency experienced by read requests
   wrlat: 5486022 # Total latency experienced by write requests
   rdhits: 1 # Read row hits
   wrhits: 80 # Write row hits
   mlh: # latency histogram for memory requests
    0: 0
    1: 0
    2: 0
    3: 0
    4: 0
    5: 0
    6: 0
    7: 0
    8: 0
    9: 0
    10: 0
    11: 0
    12: 0
    13: 76462
    14: 20600
    15: 6266
    16: 1604
    17: 5086
    18: 1038
    19: 1093
    20: 898
    21: 152
    22: 507
    23: 198
    24: 306
    25: 2912
    26: 381
    27: 107
    28: 158
    29: 82
    30: 68
    31: 57
    32: 59
    33: 59
    34: 53
    35: 66
    36: 59
    37: 60
    38: 70
    39: 61
    40: 60
    41: 61
    42: 52
    43: 44
    44: 21
    45: 17
    46: 26
    47: 31
    48: 45
    49: 15
    50: 13
    51: 11
    52: 6
    53: 3
    54: 3
    55: 12
    56: 2
    57: 4
    58: 1
    59: 2
    60: 1
    61: 0
    62: 0
    63: 0
    64: 0
    65: 0
    66: 0
    67: 0
    68: 0
    69: 0
    70: 0
    71: 0
    72: 0
    73: 0
    74: 0
    75: 0
    76: 0
    77: 0
    78: 0
    79: 0
    80: 0
    81: 0
    82: 0
    83: 0
    84: 0
    85: 0
    86: 0
    87: 0
    88: 0
    89: 0
    90: 0
    91: 0
    92: 0
    93: 0
    94: 0
    95: 0
    96: 0
    97: 0
    98: 0
    99: 0
 sched: # Scheduler stats
  thCr: 1 # Threads created
  thFn: 1 # Threads finished
  schedEvs: 1 # Schedule events
  waitEvs: 0 # Wait events
  handoffEvs: 0 # Handoff events
  sleepEvs: 0 # Sleep events
  idlePhases: 0 # Phases with no thread active
  idlePeriods: 0 # Periods with no thread active
  occHist: # Occupancy histogram
   0: 0
   1: 8422
  rqSzHist: # Run queue size histogram
   0: 8422
   1: 0
   2: 0
   3: 0
   4: 0
   5: 0
   6: 0
   7: 0
   8: 0
   9: 0
   10: 0
   11: 0
   12: 0
   13: 0
   14: 0
   15: 0
   16: 0
 procCycles: # Per-process unhalted core cycles
  0: 84221018
  1: 0
  2: 0
  3: 0
  4: 0
  5: 0
  6: 0
  7: 0
  8: 0
  9: 0
  10: 0
  11: 0
  12: 0
  13: 0
  14: 0
  15: 0
  16: 0
  17: 0
  18: 0
  19: 0
  20: 0
  21: 0
  22: 0
  23: 0
  24: 0
  25: 0
  26: 0
  27: 0
  28: 0
  29: 0
  30: 0
  31: 0
  32: 0
  33: 0
  34: 0
  35: 0
  36: 0
  37: 0
  38: 0
  39: 0
  40: 0
  41: 0
  42: 0
  43: 0
  44: 0
  45: 0
  46: 0
  47: 0
  48: 0
  49: 0
  50: 0
  51: 0
  52: 0
  53: 0
  54: 0
  55: 0
  56: 0
  57: 0
  58: 0
  59: 0
  60: 0
  61: 0
  62: 0
  63: 0
 procInstrs: # Per-process instructions
  0: 100003754
  1: 0
  2: 0
  3: 0
  4: 0
  5: 0
  6: 0
  7: 0
  8: 0
  9: 0
  10: 0
  11: 0
  12: 0
  13: 0
  14: 0
  15: 0
  16: 0
  17: 0
  18: 0
  19: 0
  20: 0
  21: 0
  22: 0
  23: 0
  24: 0
  25: 0
  26: 0
  27: 0
  28: 0
  29: 0
  30: 0
  31: 0
  32: 0
  33: 0
  34: 0
  35: 0
  36: 0
  37: 0
  38: 0
  39: 0
  40: 0
  41: 0
  42: 0
  43: 0
  44: 0
  45: 0
  46: 0
  47: 0
  48: 0
  49: 0
  50: 0
  51: 0
  52: 0
  53: 0
  54: 0
  55: 0
  56: 0
  57: 0
  58: 0
  59: 0
  60: 0
  61: 0
  62: 0
  63: 0
 heartbeats: # Per-process heartbeats
  0: 0
  1: 0
  2: 0
  3: 0
  4: 0
  5: 0
  6: 0
  7: 0
  8: 0
  9: 0
  10: 0
  11: 0
  12: 0
  13: 0
  14: 0
  15: 0
  16: 0
  17: 0
  18: 0
  19: 0
  20: 0
  21: 0
  22: 0
  23: 0
  24: 0
  25: 0
  26: 0
  27: 0
  28: 0
  29: 0
  30: 0
  31: 0
  32: 0
  33: 0
  34: 0
  35: 0
  36: 0
  37: 0
  38: 0
  39: 0
  40: 0
  41: 0
  42: 0
  43: 0
  44: 0
  45: 0
  46: 0
  47: 0
  48: 0
  49: 0
  50: 0
  51: 0
  52: 0
  53: 0
  54: 0
  55: 0
  56: 0
  57: 0
  58: 0
  59: 0
  60: 0
  61: 0
  62: 0
  63: 0
===
