# zsim stats
===
root: # Stats
 contention: # Contention simulation stats
  domain-0: # Domain stats
   time: 156596200 # Weave simulation time
 time: # Simulator time breakdown
  init: 526011594
  bound: 62284321355
  weave: 921677034
  ff: 0
 trigger: 20000 # Reason for this stats dump
 phase: 39289 # Simulated phases
 westmere: # Core stats
  westmere-0: # Core stats
   cycles: 392890023 # Simulated unhalted cycles
   cCycles: 27055 # Cycles due to contention stalls
   instrs: 625010774 # Simulated instructions
   uops: 750427757 # Retired micro-ops
   bbls: 83821388 # Basic blocks
   approxInstrs: 6871306 # Instrs with approx uop decoding
   mispredBranches: 1800427 # Mispredicted branches
   condBranches: 64863422 # conditional branches
  westmere-1: # Core stats
   cycles: 392890006 # Simulated unhalted cycles
   cCycles: 29301 # Cycles due to contention stalls
   instrs: 625005593 # Simulated instructions
   uops: 750421016 # Retired micro-ops
   bbls: 83820398 # Basic blocks
   approxInstrs: 6871273 # Instrs with approx uop decoding
   mispredBranches: 1800378 # Mispredicted branches
   condBranches: 64862658 # conditional branches
  westmere-2: # Core stats
   cycles: 392880006 # Simulated unhalted cycles
   cCycles: 24254 # Cycles due to contention stalls
   instrs: 625013494 # Simulated instructions
   uops: 750430015 # Retired micro-ops
   bbls: 83821504 # Basic blocks
   approxInstrs: 6871290 # Instrs with approx uop decoding
   mispredBranches: 1800389 # Mispredicted branches
   condBranches: 64863742 # conditional branches
  westmere-3: # Core stats
   cycles: 392880029 # Simulated unhalted cycles
   cCycles: 29280 # Cycles due to contention stalls
   instrs: 625005803 # Simulated instructions
   uops: 750421270 # Retired micro-ops
   bbls: 83820435 # Basic blocks
   approxInstrs: 6871282 # Instrs with approx uop decoding
   mispredBranches: 1800378 # Mispredicted branches
   condBranches: 64862678 # conditional branches
  westmere-4: # Core stats
   cycles: 392880004 # Simulated unhalted cycles
   cCycles: 27882 # Cycles due to contention stalls
   instrs: 625006932 # Simulated instructions
   uops: 750422537 # Retired micro-ops
   bbls: 83820588 # Basic blocks
   approxInstrs: 6871290 # Instrs with approx uop decoding
   mispredBranches: 1800382 # Mispredicted branches
   condBranches: 64862826 # conditional branches
  westmere-5: # Core stats
   cycles: 392880004 # Simulated unhalted cycles
   cCycles: 29202 # Cycles due to contention stalls
   instrs: 625004370 # Simulated instructions
   uops: 750419529 # Retired micro-ops
   bbls: 83820221 # Basic blocks
   approxInstrs: 6871228 # Instrs with approx uop decoding
   mispredBranches: 1800361 # Mispredicted branches
   condBranches: 64862555 # conditional branches
  westmere-6: # Core stats
   cycles: 392880004 # Simulated unhalted cycles
   cCycles: 26614 # Cycles due to contention stalls
   instrs: 625012494 # Simulated instructions
   uops: 750428872 # Retired micro-ops
   bbls: 83821365 # Basic blocks
   approxInstrs: 6871290 # Instrs with approx uop decoding
   mispredBranches: 1800388 # Mispredicted branches
   condBranches: 64863603 # conditional branches
  westmere-7: # Core stats
   cycles: 392880003 # Simulated unhalted cycles
   cCycles: 28259 # Cycles due to contention stalls
   instrs: 624997473 # Simulated instructions
   uops: 750410924 # Retired micro-ops
   bbls: 83819315 # Basic blocks
   approxInstrs: 6870994 # Instrs with approx uop decoding
   mispredBranches: 1800292 # Mispredicted branches
   condBranches: 64862034 # conditional branches
 l1i: # Cache stats
  l1i-0: # Filter cache stats
   fhGETS: 112022235 # Filtered GETS hits
   fhGETX: 0 # Filtered GETX hits
   hGETS: 1226289 # GETS hits
   hGETX: 0 # GETX hits
   mGETS: 45499 # GETS misses
   mGETXIM: 0 # GETX I->M misses
   mGETXSM: 0 # GETX S->M misses (upgrade misses)
   PUTS: 0 # Clean evictions (from lower level)
   PUTX: 0 # Dirty evictions (from lower level)
   INV: 0 # Invalidates (from upper level)
   INVX: 0 # Downgrades (from upper level)
   FWD: 0 # Forwards (from upper level)
   latGETnl: 481138 # GET request latency on next level
   latGETnet: 0 # GET request latency on network to next level
  l1i-1: # Filter cache stats
   fhGETS: 112021187 # Filtered GETS hits
   fhGETX: 0 # Filtered GETX hits
   hGETS: 1226160 # GETS hits
   hGETX: 0 # GETX hits
   mGETS: 45420 # GETS misses
   mGETXIM: 0 # GETX I->M misses
   mGETXSM: 0 # GETX S->M misses (upgrade misses)
   PUTS: 0 # Clean evictions (from lower level)
   PUTX: 0 # Dirty evictions (from lower level)
   INV: 0 # Invalidates (from upper level)
   INVX: 0 # Downgrades (from upper level)
   FWD: 0 # Forwards (from upper level)
   latGETnl: 484788 # GET request latency on next level
   latGETnet: 0 # GET request latency on network to next level
  l1i-2: # Filter cache stats
   fhGETS: 112022639 # Filtered GETS hits
   fhGETX: 0 # Filtered GETX hits
   hGETS: 1226164 # GETS hits
   hGETX: 0 # GETX hits
   mGETS: 45423 # GETS misses
   mGETXIM: 0 # GETX I->M misses
   mGETXSM: 0 # GETX S->M misses (upgrade misses)
   PUTS: 0 # Clean evictions (from lower level)
   PUTX: 0 # Dirty evictions (from lower level)
   INV: 0 # Invalidates (from upper level)
   INVX: 0 # Downgrades (from upper level)
   FWD: 0 # Forwards (from upper level)
   latGETnl: 474804 # GET request latency on next level
   latGETnet: 0 # GET request latency on network to next level
  l1i-3: # Filter cache stats
   fhGETS: 112021270 # Filtered GETS hits
   fhGETX: 0 # Filtered GETX hits
   hGETS: 1226159 # GETS hits
   hGETX: 0 # GETX hits
   mGETS: 45429 # GETS misses
   mGETXIM: 0 # GETX I->M misses
   mGETXSM: 0 # GETX S->M misses (upgrade misses)
   PUTS: 0 # Clean evictions (from lower level)
   PUTX: 0 # Dirty evictions (from lower level)
   INV: 0 # Invalidates (from upper level)
   INVX: 0 # Downgrades (from upper level)
   FWD: 0 # Forwards (from upper level)
   latGETnl: 473700 # GET request latency on next level
   latGETnet: 0 # GET request latency on network to next level
  l1i-4: # Filter cache stats
   fhGETS: 112021401 # Filtered GETS hits
   fhGETX: 0 # Filtered GETX hits
   hGETS: 1226166 # GETS hits
   hGETX: 0 # GETX hits
   mGETS: 45426 # GETS misses
   mGETXIM: 0 # GETX I->M misses
   mGETXSM: 0 # GETX S->M misses (upgrade misses)
   PUTS: 0 # Clean evictions (from lower level)
   PUTX: 0 # Dirty evictions (from lower level)
   INV: 0 # Invalidates (from upper level)
   INVX: 0 # Downgrades (from upper level)
   FWD: 0 # Forwards (from upper level)
   latGETnl: 475038 # GET request latency on next level
   latGETnet: 0 # GET request latency on network to next level
  l1i-5: # Filter cache stats
   fhGETS: 112020977 # Filtered GETS hits
   fhGETX: 0 # Filtered GETX hits
   hGETS: 1226159 # GETS hits
   hGETX: 0 # GETX hits
   mGETS: 45425 # GETS misses
   mGETXIM: 0 # GETX I->M misses
   mGETXSM: 0 # GETX S->M misses (upgrade misses)
   PUTS: 0 # Clean evictions (from lower level)
   PUTX: 0 # Dirty evictions (from lower level)
   INV: 0 # Invalidates (from upper level)
   INVX: 0 # Downgrades (from upper level)
   FWD: 0 # Forwards (from upper level)
   latGETnl: 473924 # GET request latency on next level
   latGETnet: 0 # GET request latency on network to next level
  l1i-6: # Filter cache stats
   fhGETS: 112022420 # Filtered GETS hits
   fhGETX: 0 # Filtered GETX hits
   hGETS: 1226170 # GETS hits
   hGETX: 0 # GETX hits
   mGETS: 45422 # GETS misses
   mGETXIM: 0 # GETX I->M misses
   mGETXSM: 0 # GETX S->M misses (upgrade misses)
   PUTS: 0 # Clean evictions (from lower level)
   PUTX: 0 # Dirty evictions (from lower level)
   INV: 0 # Invalidates (from upper level)
   INVX: 0 # Downgrades (from upper level)
   FWD: 0 # Forwards (from upper level)
   latGETnl: 476192 # GET request latency on next level
   latGETnet: 0 # GET request latency on network to next level
  l1i-7: # Filter cache stats
   fhGETS: 112019404 # Filtered GETS hits
   fhGETX: 0 # Filtered GETX hits
   hGETS: 1226152 # GETS hits
   hGETX: 0 # GETX hits
   mGETS: 45425 # GETS misses
   mGETXIM: 0 # GETX I->M misses
   mGETXSM: 0 # GETX S->M misses (upgrade misses)
   PUTS: 0 # Clean evictions (from lower level)
   PUTX: 0 # Dirty evictions (from lower level)
   INV: 0 # Invalidates (from upper level)
   INVX: 0 # Downgrades (from upper level)
   FWD: 0 # Forwards (from upper level)
   latGETnl: 474824 # GET request latency on next level
   latGETnet: 0 # GET request latency on network to next level
 l1d: # Cache stats
  l1d-0: # Filter cache stats
   fhGETS: 160974574 # Filtered GETS hits
   fhGETX: 38007693 # Filtered GETX hits
   hGETS: 11097033 # GETS hits
   hGETX: 11692577 # GETX hits
   mGETS: 1335893 # GETS misses
   mGETXIM: 1105302 # GETX I->M misses
   mGETXSM: 16 # GETX S->M misses (upgrade misses)
   PUTS: 0 # Clean evictions (from lower level)
   PUTX: 0 # Dirty evictions (from lower level)
   INV: 43 # Invalidates (from upper level)
   INVX: 38 # Downgrades (from upper level)
   FWD: 0 # Forwards (from upper level)
   latGETnl: 24582838 # GET request latency on next level
   latGETnet: 0 # GET request latency on network to next level
  l1d-1: # Filter cache stats
   fhGETS: 157364531 # Filtered GETS hits
   fhGETX: 37716360 # Filtered GETX hits
   hGETS: 14704045 # GETS hits
   hGETX: 11989325 # GETX hits
   mGETS: 1337988 # GETS misses
   mGETXIM: 1098616 # GETX I->M misses
   mGETXSM: 3 # GETX S->M misses (upgrade misses)
   PUTS: 0 # Clean evictions (from lower level)
   PUTX: 0 # Dirty evictions (from lower level)
   INV: 11 # Invalidates (from upper level)
   INVX: 109 # Downgrades (from upper level)
   FWD: 0 # Forwards (from upper level)
   latGETnl: 24528354 # GET request latency on next level
   latGETnet: 0 # GET request latency on network to next level
  l1d-2: # Filter cache stats
   fhGETS: 160969769 # Filtered GETS hits
   fhGETX: 38008436 # Filtered GETX hits
   hGETS: 11102354 # GETS hits
   hGETX: 11692014 # GETX hits
   mGETS: 1337313 # GETS misses
   mGETXIM: 1104096 # GETX I->M misses
   mGETXSM: 6 # GETX S->M misses (upgrade misses)
   PUTS: 0 # Clean evictions (from lower level)
   PUTX: 0 # Dirty evictions (from lower level)
   INV: 8 # Invalidates (from upper level)
   INVX: 48 # Downgrades (from upper level)
   FWD: 0 # Forwards (from upper level)
   latGETnl: 24571382 # GET request latency on next level
   latGETnet: 0 # GET request latency on network to next level
  l1d-3: # Filter cache stats
   fhGETS: 160982017 # Filtered GETS hits
   fhGETX: 38008793 # Filtered GETX hits
   hGETS: 11088832 # GETS hits
   hGETX: 11690878 # GETX hits
   mGETS: 1335764 # GETS misses
   mGETXIM: 1104640 # GETX I->M misses
   mGETXSM: 6 # GETX S->M misses (upgrade misses)
   PUTS: 0 # Clean evictions (from lower level)
   PUTX: 0 # Dirty evictions (from lower level)
   INV: 11 # Invalidates (from upper level)
   INVX: 59 # Downgrades (from upper level)
   FWD: 0 # Forwards (from upper level)
   latGETnl: 24562152 # GET request latency on next level
   latGETnet: 0 # GET request latency on network to next level
  l1d-4: # Filter cache stats
   fhGETS: 160888167 # Filtered GETS hits
   fhGETX: 38019592 # Filtered GETX hits
   hGETS: 11182742 # GETS hits
   hGETX: 11672398 # GETX hits
   mGETS: 1336089 # GETS misses
   mGETXIM: 1112354 # GETX I->M misses
   mGETXSM: 7 # GETX S->M misses (upgrade misses)
   PUTS: 0 # Clean evictions (from lower level)
   PUTX: 0 # Dirty evictions (from lower level)
   INV: 9 # Invalidates (from upper level)
   INVX: 80 # Downgrades (from upper level)
   FWD: 0 # Forwards (from upper level)
   latGETnl: 24644306 # GET request latency on next level
   latGETnet: 0 # GET request latency on network to next level
  l1d-5: # Filter cache stats
   fhGETS: 158857366 # Filtered GETS hits
   fhGETX: 38012067 # Filtered GETX hits
   hGETS: 13210674 # GETS hits
   hGETX: 11684655 # GETX hits
   mGETS: 1338191 # GETS misses
   mGETXIM: 1107506 # GETX I->M misses
   mGETXSM: 6 # GETX S->M misses (upgrade misses)
   PUTS: 0 # Clean evictions (from lower level)
   PUTX: 0 # Dirty evictions (from lower level)
   INV: 8 # Invalidates (from upper level)
   INVX: 58 # Downgrades (from upper level)
   FWD: 0 # Forwards (from upper level)
   latGETnl: 24614579 # GET request latency on next level
   latGETnet: 0 # GET request latency on network to next level
  l1d-6: # Filter cache stats
   fhGETS: 156620004 # Filtered GETS hits
   fhGETX: 37728406 # Filtered GETX hits
   hGETS: 15449747 # GETS hits
   hGETX: 11976051 # GETX hits
   mGETS: 1339316 # GETS misses
   mGETXIM: 1100055 # GETX I->M misses
   mGETXSM: 6 # GETX S->M misses (upgrade misses)
   PUTS: 0 # Clean evictions (from lower level)
   PUTX: 0 # Dirty evictions (from lower level)
   INV: 9 # Invalidates (from upper level)
   INVX: 26 # Downgrades (from upper level)
   FWD: 0 # Forwards (from upper level)
   latGETnl: 24548331 # GET request latency on next level
   latGETnet: 0 # GET request latency on network to next level
  l1d-7: # Filter cache stats
   fhGETS: 161148961 # Filtered GETS hits
   fhGETX: 38009195 # Filtered GETX hits
   hGETS: 10917414 # GETS hits
   hGETX: 11694391 # GETX hits
   mGETS: 1337681 # GETS misses
   mGETXIM: 1100255 # GETX I->M misses
   mGETXSM: 6 # GETX S->M misses (upgrade misses)
   PUTS: 0 # Clean evictions (from lower level)
   PUTX: 0 # Dirty evictions (from lower level)
   INV: 6 # Invalidates (from upper level)
   INVX: 38 # Downgrades (from upper level)
   FWD: 0 # Forwards (from upper level)
   latGETnl: 24534680 # GET request latency on next level
   latGETnet: 0 # GET request latency on network to next level
 l2: # Cache stats
  l2-0: # Cache stats
   hGETS: 1380133 # GETS hits
   hGETX: 1104082 # GETX hits
   mGETS: 1259 # GETS misses
   mGETXIM: 1220 # GETX I->M misses
   mGETXSM: 16 # GETX S->M misses (upgrade misses)
   PUTS: 1190408 # Clean evictions (from lower level)
   PUTX: 1295238 # Dirty evictions (from lower level)
   INV: 43 # Invalidates (from upper level)
   INVX: 39 # Downgrades (from upper level)
   FWD: 0 # Forwards (from upper level)
   latGETnl: 196876 # GET request latency on next level
   latGETnet: 0 # GET request latency on network to next level
  l2-1: # Cache stats
   hGETS: 1382244 # GETS hits
   hGETX: 1097521 # GETX hits
   mGETS: 1164 # GETS misses
   mGETXIM: 1095 # GETX I->M misses
   mGETXSM: 3 # GETX S->M misses (upgrade misses)
   PUTS: 1192731 # Clean evictions (from lower level)
   PUTX: 1288288 # Dirty evictions (from lower level)
   INV: 11 # Invalidates (from upper level)
   INVX: 109 # Downgrades (from upper level)
   FWD: 0 # Forwards (from upper level)
   latGETnl: 192872 # GET request latency on next level
   latGETnet: 0 # GET request latency on network to next level
  l2-2: # Cache stats
   hGETS: 1381575 # GETS hits
   hGETX: 1103001 # GETX hits
   mGETS: 1161 # GETS misses
   mGETXIM: 1095 # GETX I->M misses
   mGETXSM: 6 # GETX S->M misses (upgrade misses)
   PUTS: 1191069 # Clean evictions (from lower level)
   PUTX: 1294762 # Dirty evictions (from lower level)
   INV: 8 # Invalidates (from upper level)
   INVX: 48 # Downgrades (from upper level)
   FWD: 0 # Forwards (from upper level)
   latGETnl: 177806 # GET request latency on next level
   latGETnet: 0 # GET request latency on network to next level
  l2-3: # Cache stats
   hGETS: 1380025 # GETS hits
   hGETX: 1103545 # GETX hits
   mGETS: 1168 # GETS misses
   mGETXIM: 1095 # GETX I->M misses
   mGETXSM: 6 # GETX S->M misses (upgrade misses)
   PUTS: 1189980 # Clean evictions (from lower level)
   PUTX: 1294848 # Dirty evictions (from lower level)
   INV: 11 # Invalidates (from upper level)
   INVX: 59 # Downgrades (from upper level)
   FWD: 0 # Forwards (from upper level)
   latGETnl: 177462 # GET request latency on next level
   latGETnet: 0 # GET request latency on network to next level
  l2-4: # Cache stats
   hGETS: 1380352 # GETS hits
   hGETX: 1111259 # GETX hits
   mGETS: 1163 # GETS misses
   mGETXIM: 1095 # GETX I->M misses
   mGETXSM: 7 # GETX S->M misses (upgrade misses)
   PUTS: 1190040 # Clean evictions (from lower level)
   PUTX: 1302826 # Dirty evictions (from lower level)
   INV: 9 # Invalidates (from upper level)
   INVX: 80 # Downgrades (from upper level)
   FWD: 0 # Forwards (from upper level)
   latGETnl: 180584 # GET request latency on next level
   latGETnet: 0 # GET request latency on network to next level
  l2-5: # Cache stats
   hGETS: 1382455 # GETS hits
   hGETX: 1106411 # GETX hits
   mGETS: 1161 # GETS misses
   mGETXIM: 1095 # GETX I->M misses
   mGETXSM: 6 # GETX S->M misses (upgrade misses)
   PUTS: 1191893 # Clean evictions (from lower level)
   PUTX: 1298230 # Dirty evictions (from lower level)
   INV: 8 # Invalidates (from upper level)
   INVX: 58 # Downgrades (from upper level)
   FWD: 0 # Forwards (from upper level)
   latGETnl: 177223 # GET request latency on next level
   latGETnet: 0 # GET request latency on network to next level
  l2-6: # Cache stats
   hGETS: 1383574 # GETS hits
   hGETX: 1098960 # GETX hits
   mGETS: 1164 # GETS misses
   mGETXIM: 1095 # GETX I->M misses
   mGETXSM: 6 # GETX S->M misses (upgrade misses)
   PUTS: 1191383 # Clean evictions (from lower level)
   PUTX: 1292408 # Dirty evictions (from lower level)
   INV: 9 # Invalidates (from upper level)
   INVX: 26 # Downgrades (from upper level)
   FWD: 0 # Forwards (from upper level)
   latGETnl: 176533 # GET request latency on next level
   latGETnet: 0 # GET request latency on network to next level
  l2-7: # Cache stats
   hGETS: 1381947 # GETS hits
   hGETX: 1099160 # GETX hits
   mGETS: 1159 # GETS misses
   mGETXIM: 1095 # GETX I->M misses
   mGETXSM: 6 # GETX S->M misses (upgrade misses)
   PUTS: 1192924 # Clean evictions (from lower level)
   PUTX: 1289440 # Dirty evictions (from lower level)
   INV: 6 # Invalidates (from upper level)
   INVX: 38 # Downgrades (from upper level)
   FWD: 0 # Forwards (from upper level)
   latGETnl: 175834 # GET request latency on next level
   latGETnet: 0 # GET request latency on network to next level
 l3: # Cache stats
  l3-0b0: # Cache stats
   hGETS: 866 # GETS hits
   hGETX: 5 # GETX hits
   mGETS: 296 # GETS misses
   mGETXIM: 1089 # GETX I->M misses
   mGETXSM: 0 # GETX S->M misses (upgrade misses)
   PUTS: 0 # Clean evictions (from lower level)
   PUTX: 0 # Dirty evictions (from lower level)
   INV: 0 # Invalidates (from upper level)
   INVX: 0 # Downgrades (from upper level)
   FWD: 0 # Forwards (from upper level)
   latGETnl: 124650 # GET request latency on next level
   latGETnet: 0 # GET request latency on network to next level
  l3-0b1: # Cache stats
   hGETS: 900 # GETS hits
   hGETX: 13 # GETX hits
   mGETS: 305 # GETS misses
   mGETXIM: 1092 # GETX I->M misses
   mGETXSM: 0 # GETX S->M misses (upgrade misses)
   PUTS: 1 # Clean evictions (from lower level)
   PUTX: 0 # Dirty evictions (from lower level)
   INV: 0 # Invalidates (from upper level)
   INVX: 0 # Downgrades (from upper level)
   FWD: 0 # Forwards (from upper level)
   latGETnl: 125730 # GET request latency on next level
   latGETnet: 0 # GET request latency on network to next level
  l3-0b2: # Cache stats
   hGETS: 903 # GETS hits
   hGETX: 7 # GETX hits
   mGETS: 278 # GETS misses
   mGETXIM: 1130 # GETX I->M misses
   mGETXSM: 0 # GETX S->M misses (upgrade misses)
   PUTS: 0 # Clean evictions (from lower level)
   PUTX: 0 # Dirty evictions (from lower level)
   INV: 0 # Invalidates (from upper level)
   INVX: 0 # Downgrades (from upper level)
   FWD: 0 # Forwards (from upper level)
   latGETnl: 126720 # GET request latency on next level
   latGETnet: 0 # GET request latency on network to next level
  l3-0b3: # Cache stats
   hGETS: 856 # GETS hits
   hGETX: 5 # GETX hits
   mGETS: 301 # GETS misses
   mGETXIM: 1100 # GETX I->M misses
   mGETXSM: 0 # GETX S->M misses (upgrade misses)
   PUTS: 0 # Clean evictions (from lower level)
   PUTX: 0 # Dirty evictions (from lower level)
   INV: 0 # Invalidates (from upper level)
   INVX: 0 # Downgrades (from upper level)
   FWD: 0 # Forwards (from upper level)
   latGETnl: 126090 # GET request latency on next level
   latGETnet: 0 # GET request latency on network to next level
  l3-0b4: # Cache stats
   hGETS: 849 # GETS hits
   hGETX: 9 # GETX hits
   mGETS: 278 # GETS misses
   mGETXIM: 1114 # GETX I->M misses
   mGETXSM: 0 # GETX S->M misses (upgrade misses)
   PUTS: 0 # Clean evictions (from lower level)
   PUTX: 1 # Dirty evictions (from lower level)
   INV: 0 # Invalidates (from upper level)
   INVX: 0 # Downgrades (from upper level)
   FWD: 0 # Forwards (from upper level)
   latGETnl: 125280 # GET request latency on next level
   latGETnet: 0 # GET request latency on network to next level
  l3-0b5: # Cache stats
   hGETS: 901 # GETS hits
   hGETX: 20 # GETX hits
   mGETS: 303 # GETS misses
   mGETXIM: 1104 # GETX I->M misses
   mGETXSM: 0 # GETX S->M misses (upgrade misses)
   PUTS: 0 # Clean evictions (from lower level)
   PUTX: 0 # Dirty evictions (from lower level)
   INV: 0 # Invalidates (from upper level)
   INVX: 0 # Downgrades (from upper level)
   FWD: 0 # Forwards (from upper level)
   latGETnl: 126630 # GET request latency on next level
   latGETnet: 0 # GET request latency on network to next level
  l3-0b6: # Cache stats
   hGETS: 877 # GETS hits
   hGETX: 15 # GETX hits
   mGETS: 296 # GETS misses
   mGETXIM: 1113 # GETX I->M misses
   mGETXSM: 0 # GETX S->M misses (upgrade misses)
   PUTS: 0 # Clean evictions (from lower level)
   PUTX: 0 # Dirty evictions (from lower level)
   INV: 0 # Invalidates (from upper level)
   INVX: 0 # Downgrades (from upper level)
   FWD: 0 # Forwards (from upper level)
   latGETnl: 126810 # GET request latency on next level
   latGETnet: 0 # GET request latency on network to next level
  l3-0b7: # Cache stats
   hGETS: 892 # GETS hits
   hGETX: 10 # GETX hits
   mGETS: 298 # GETS misses
   mGETXIM: 1115 # GETX I->M misses
   mGETXSM: 0 # GETX S->M misses (upgrade misses)
   PUTS: 1 # Clean evictions (from lower level)
   PUTX: 0 # Dirty evictions (from lower level)
   INV: 0 # Invalidates (from upper level)
   INVX: 0 # Downgrades (from upper level)
   FWD: 0 # Forwards (from upper level)
   latGETnl: 127170 # GET request latency on next level
   latGETnet: 0 # GET request latency on network to next level
 mem: # Memory controller stats
  mem-0: # Memory controller stats
   rd: 2845 # Read requests
   wr: 0 # Write requests
   rdlat: 539180 # Total latency experienced by read requests
   wrlat: 0 # Total latency experienced by write requests
   rdhits: 303 # Read row hits
   wrhits: 0 # Write row hits
   mlh: # latency histogram for memory requests
    0: 0
    1: 0
    2: 0
    3: 0
    4: 0
    5: 0
    6: 0
    7: 0
    8: 0
    9: 0
    10: 0
    11: 8
    12: 17
    13: 1663
    14: 235
    15: 98
    16: 84
    17: 48
    18: 36
    19: 35
    20: 34
    21: 44
    22: 35
    23: 40
    24: 33
    25: 40
    26: 22
    27: 25
    28: 20
    29: 10
    30: 13
    31: 11
    32: 12
    33: 16
    34: 8
    35: 11
    36: 8
    37: 11
    38: 5
    39: 10
    40: 8
    41: 13
    42: 2
    43: 4
    44: 8
    45: 5
    46: 7
    47: 5
    48: 3
    49: 5
    50: 3
    51: 10
    52: 8
    53: 8
    54: 3
    55: 1
    56: 6
    57: 3
    58: 6
    59: 3
    60: 1
    61: 1
    62: 6
    63: 12
    64: 15
    65: 13
    66: 15
    67: 4
    68: 3
    69: 6
    70: 3
    71: 3
    72: 5
    73: 5
    74: 4
    75: 1
    76: 3
    77: 1
    78: 0
    79: 1
    80: 0
    81: 0
    82: 0
    83: 0
    84: 0
    85: 0
    86: 0
    87: 0
    88: 0
    89: 0
    90: 0
    91: 0
    92: 0
    93: 0
    94: 0
    95: 0
    96: 0
    97: 0
    98: 0
    99: 0
  mem-1: # Memory controller stats
   rd: 2787 # Read requests
   wr: 0 # Write requests
   rdlat: 484950 # Total latency experienced by read requests
   wrlat: 0 # Total latency experienced by write requests
   rdhits: 292 # Read row hits
   wrhits: 0 # Write row hits
   mlh: # latency histogram for memory requests
    0: 0
    1: 0
    2: 0
    3: 0
    4: 0
    5: 0
    6: 0
    7: 0
    8: 0
    9: 0
    10: 0
    11: 11
    12: 20
    13: 1699
    14: 278
    15: 114
    16: 78
    17: 62
    18: 35
    19: 32
    20: 28
    21: 32
    22: 22
    23: 30
    24: 29
    25: 28
    26: 12
    27: 6
    28: 11
    29: 11
    30: 10
    31: 5
    32: 9
    33: 6
    34: 6
    35: 7
    36: 10
    37: 5
    38: 14
    39: 10
    40: 11
    41: 9
    42: 12
    43: 5
    44: 7
    45: 7
    46: 6
    47: 7
    48: 11
    49: 11
    50: 5
    51: 10
    52: 6
    53: 10
    54: 7
    55: 5
    56: 4
    57: 4
    58: 6
    59: 4
    60: 3
    61: 6
    62: 3
    63: 1
    64: 2
    65: 0
    66: 2
    67: 0
    68: 0
    69: 1
    70: 2
    71: 0
    72: 0
    73: 0
    74: 0
    75: 0
    76: 0
    77: 0
    78: 0
    79: 0
    80: 0
    81: 0
    82: 0
    83: 0
    84: 0
    85: 0
    86: 0
    87: 0
    88: 0
    89: 0
    90: 0
    91: 0
    92: 0
    93: 0
    94: 0
    95: 0
    96: 0
    97: 0
    98: 0
    99: 0
  mem-2: # Memory controller stats
   rd: 2795 # Read requests
   wr: 0 # Write requests
   rdlat: 506887 # Total latency experienced by read requests
   wrlat: 0 # Total latency experienced by write requests
   rdhits: 313 # Read row hits
   wrhits: 0 # Write row hits
   mlh: # latency histogram for memory requests
    0: 0
    1: 0
    2: 0
    3: 0
    4: 0
    5: 0
    6: 0
    7: 0
    8: 0
    9: 0
    10: 0
    11: 9
    12: 12
    13: 1643
    14: 211
    15: 89
    16: 81
    17: 67
    18: 44
    19: 48
    20: 46
    21: 38
    22: 42
    23: 39
    24: 42
    25: 35
    26: 29
    27: 26
    28: 22
    29: 18
    30: 10
    31: 13
    32: 10
    33: 9
    34: 6
    35: 8
    36: 12
    37: 12
    38: 6
    39: 5
    40: 5
    41: 9
    42: 6
    43: 6
    44: 4
    45: 4
    46: 3
    47: 5
    48: 5
    49: 0
    50: 3
    51: 6
    52: 5
    53: 10
    54: 11
    55: 11
    56: 9
    57: 8
    58: 6
    59: 6
    60: 9
    61: 8
    62: 10
    63: 6
    64: 0
    65: 0
    66: 1
    67: 1
    68: 1
    69: 2
    70: 1
    71: 1
    72: 1
    73: 0
    74: 0
    75: 0
    76: 0
    77: 0
    78: 0
    79: 0
    80: 0
    81: 0
    82: 0
    83: 0
    84: 0
    85: 0
    86: 0
    87: 0
    88: 0
    89: 0
    90: 0
    91: 0
    92: 0
    93: 0
    94: 0
    95: 0
    96: 0
    97: 0
    98: 0
    99: 0
  mem-3: # Memory controller stats
   rd: 2785 # Read requests
   wr: 0 # Write requests
   rdlat: 483959 # Total latency experienced by read requests
   wrlat: 0 # Total latency experienced by write requests
   rdhits: 275 # Read row hits
   wrhits: 0 # Write row hits
   mlh: # latency histogram for memory requests
    0: 0
    1: 0
    2: 0
    3: 0
    4: 0
    5: 0
    6: 0
    7: 0
    8: 0
    9: 0
    10: 0
    11: 11
    12: 21
    13: 1698
    14: 260
    15: 96
    16: 91
    17: 62
    18: 38
    19: 42
    20: 36
    21: 34
    22: 23
    23: 26
    24: 17
    25: 23
    26: 19
    27: 13
    28: 13
    29: 5
    30: 8
    31: 6
    32: 11
    33: 13
    34: 12
    35: 11
    36: 9
    37: 10
    38: 11
    39: 13
    40: 9
    41: 4
    42: 8
    43: 6
    44: 10
    45: 9
    46: 10
    47: 16
    48: 13
    49: 8
    50: 2
    51: 7
    52: 7
    53: 5
    54: 6
    55: 7
    56: 5
    57: 3
    58: 3
    59: 3
    60: 1
    61: 0
    62: 1
    63: 3
    64: 1
    65: 2
    66: 0
    67: 1
    68: 0
    69: 0
    70: 0
    71: 0
    72: 0
    73: 0
    74: 0
    75: 0
    76: 1
    77: 0
    78: 0
    79: 0
    80: 0
    81: 0
    82: 0
    83: 0
    84: 0
    85: 0
    86: 0
    87: 0
    88: 0
    89: 0
    90: 0
    91: 0
    92: 0
    93: 0
    94: 1
    95: 0
    96: 0
    97: 0
    98: 0
    99: 1
 sched: # Scheduler stats
  thCr: 9 # Threads created
  thFn: 0 # Threads finished
  schedEvs: 9 # Schedule events
  waitEvs: 1 # Wait events
  handoffEvs: 0 # Handoff events
  sleepEvs: 0 # Sleep events
  idlePhases: 0 # Phases with no thread active
  idlePeriods: 0 # Periods with no thread active
  occHist: # Occupancy histogram
   0: 0
   1: 0
   2: 1
   3: 0
   4: 0
   5: 0
   6: 0
   7: 0
   8: 39288
  rqSzHist: # Run queue size histogram
   0: 39289
   1: 0
   2: 0
   3: 0
   4: 0
   5: 0
   6: 0
   7: 0
   8: 0
   9: 0
   10: 0
   11: 0
   12: 0
   13: 0
   14: 0
   15: 0
   16: 0
 procCycles: # Per-process unhalted core cycles
  0: 3143060079
  1: 0
  2: 0
  3: 0
  4: 0
  5: 0
  6: 0
  7: 0
  8: 0
  9: 0
  10: 0
  11: 0
  12: 0
  13: 0
  14: 0
  15: 0
  16: 0
  17: 0
  18: 0
  19: 0
  20: 0
  21: 0
  22: 0
  23: 0
  24: 0
  25: 0
  26: 0
  27: 0
  28: 0
  29: 0
  30: 0
  31: 0
  32: 0
  33: 0
  34: 0
  35: 0
  36: 0
  37: 0
  38: 0
  39: 0
  40: 0
  41: 0
  42: 0
  43: 0
  44: 0
  45: 0
  46: 0
  47: 0
  48: 0
  49: 0
  50: 0
  51: 0
  52: 0
  53: 0
  54: 0
  55: 0
  56: 0
  57: 0
  58: 0
  59: 0
  60: 0
  61: 0
  62: 0
  63: 0
 procInstrs: # Per-process instructions
  0: 5000056933
  1: 0
  2: 0
  3: 0
  4: 0
  5: 0
  6: 0
  7: 0
  8: 0
  9: 0
  10: 0
  11: 0
  12: 0
  13: 0
  14: 0
  15: 0
  16: 0
  17: 0
  18: 0
  19: 0
  20: 0
  21: 0
  22: 0
  23: 0
  24: 0
  25: 0
  26: 0
  27: 0
  28: 0
  29: 0
  30: 0
  31: 0
  32: 0
  33: 0
  34: 0
  35: 0
  36: 0
  37: 0
  38: 0
  39: 0
  40: 0
  41: 0
  42: 0
  43: 0
  44: 0
  45: 0
  46: 0
  47: 0
  48: 0
  49: 0
  50: 0
  51: 0
  52: 0
  53: 0
  54: 0
  55: 0
  56: 0
  57: 0
  58: 0
  59: 0
  60: 0
  61: 0
  62: 0
  63: 0
 heartbeats: # Per-process heartbeats
  0: 0
  1: 0
  2: 0
  3: 0
  4: 0
  5: 0
  6: 0
  7: 0
  8: 0
  9: 0
  10: 0
  11: 0
  12: 0
  13: 0
  14: 0
  15: 0
  16: 0
  17: 0
  18: 0
  19: 0
  20: 0
  21: 0
  22: 0
  23: 0
  24: 0
  25: 0
  26: 0
  27: 0
  28: 0
  29: 0
  30: 0
  31: 0
  32: 0
  33: 0
  34: 0
  35: 0
  36: 0
  37: 0
  38: 0
  39: 0
  40: 0
  41: 0
  42: 0
  43: 0
  44: 0
  45: 0
  46: 0
  47: 0
  48: 0
  49: 0
  50: 0
  51: 0
  52: 0
  53: 0
  54: 0
  55: 0
  56: 0
  57: 0
  58: 0
  59: 0
  60: 0
  61: 0
  62: 0
  63: 0
===
