# zsim stats
===
root: # Stats
 contention: # Contention simulation stats
  domain-0: # Domain stats
   time: 120421255 # Weave simulation time
 time: # Simulator time breakdown
  init: 2830073267248
  bound: 6833222727
  weave: 198121094
  ff: 0
 trigger: 20000 # Reason for this stats dump
 phase: 6378 # Simulated phases
 westmere: # Core stats
  westmere-0: # Core stats
   cycles: 63780986 # Simulated unhalted cycles
   cCycles: 5465673 # Cycles due to contention stalls
   instrs: 100015038 # Simulated instructions
   uops: 142689928 # Retired micro-ops
   bbls: 4786109 # Basic blocks
   approxInstrs: 432 # Instrs with approx uop decoding
   mispredBranches: 23094 # Mispredicted branches
   condBranches: 4718798 # conditional branches
 l1i: # Cache stats
  l1i-0: # Filter cache stats
   fhGETS: 9441348 # Filtered GETS hits
   fhGETX: 0 # Filtered GETX hits
   hGETS: 20746 # GETS hits
   hGETX: 0 # GETX hits
   mGETS: 1896 # GETS misses
   mGETXIM: 0 # GETX I->M misses
   mGETXSM: 0 # GETX S->M misses (upgrade misses)
   PUTS: 0 # Clean evictions (from lower level)
   PUTX: 0 # Dirty evictions (from lower level)
   INV: 0 # Invalidates (from upper level)
   INVX: 0 # Downgrades (from upper level)
   FWD: 0 # Forwards (from upper level)
   latGETnl: 104526 # GET request latency on next level
   latGETnet: 0 # GET request latency on network to next level
 l1d: # Cache stats
  l1d-0: # Filter cache stats
   fhGETS: 27554419 # Filtered GETS hits
   fhGETX: 9110096 # Filtered GETX hits
   hGETS: 15289166 # GETS hits
   hGETX: 5945591 # GETX hits
   mGETS: 236033 # GETS misses
   mGETXIM: 291835 # GETX I->M misses
   mGETXSM: 0 # GETX S->M misses (upgrade misses)
   PUTS: 0 # Clean evictions (from lower level)
   PUTX: 0 # Dirty evictions (from lower level)
   INV: 0 # Invalidates (from upper level)
   INVX: 0 # Downgrades (from upper level)
   FWD: 0 # Forwards (from upper level)
   latGETnl: 25937712 # GET request latency on next level
   latGETnet: 0 # GET request latency on network to next level
 l2: # Cache stats
  l2-0: # Cache stats
   hGETS: 208145 # GETS hits
   hGETX: 1337 # GETX hits
   mGETS: 29784 # GETS misses
   mGETXIM: 290498 # GETX I->M misses
   mGETXSM: 0 # GETX S->M misses (upgrade misses)
   PUTS: 236266 # Clean evictions (from lower level)
   PUTX: 292550 # Dirty evictions (from lower level)
   INV: 0 # Invalidates (from upper level)
   INVX: 0 # Downgrades (from upper level)
   FWD: 0 # Forwards (from upper level)
   latGETnl: 20744598 # GET request latency on next level
   latGETnet: 0 # GET request latency on network to next level
 l3: # Cache stats
  l3-0: # Cache stats
   hGETS: 25483 # GETS hits
   hGETX: 149712 # GETX hits
   mGETS: 4301 # GETS misses
   mGETXIM: 140786 # GETX I->M misses
   mGETXSM: 0 # GETX S->M misses (upgrade misses)
   PUTS: 27514 # Clean evictions (from lower level)
   PUTX: 288672 # Dirty evictions (from lower level)
   INV: 0 # Invalidates (from upper level)
   INVX: 0 # Downgrades (from upper level)
   FWD: 0 # Forwards (from upper level)
   latGETnl: 13057830 # GET request latency on next level
   latGETnet: 0 # GET request latency on network to next level
 mem: # Memory controller stats
  mem-0: # Memory controller stats
   rd: 36287 # Read requests
   wr: 27589 # Write requests
   rdlat: 5534510 # Total latency experienced by read requests
   wrlat: 4097110 # Total latency experienced by write requests
   rdhits: 5 # Read row hits
   wrhits: 183 # Write row hits
   mlh: # latency histogram for memory requests
    0: 0
    1: 0
    2: 0
    3: 0
    4: 0
    5: 0
    6: 0
    7: 0
    8: 0
    9: 0
    10: 0
    11: 3
    12: 1
    13: 27551
    14: 2408
    15: 23
    16: 17
    17: 13
    18: 27
    19: 7
    20: 23
    21: 14
    22: 49
    23: 5637
    24: 11
    25: 16
    26: 18
    27: 25
    28: 18
    29: 16
    30: 16
    31: 25
    32: 28
    33: 26
    34: 30
    35: 30
    36: 22
    37: 18
    38: 15
    39: 22
    40: 21
    41: 23
    42: 29
    43: 14
    44: 4
    45: 7
    46: 6
    47: 29
    48: 8
    49: 7
    50: 7
    51: 9
    52: 10
    53: 4
    54: 0
    55: 0
    56: 0
    57: 0
    58: 0
    59: 0
    60: 0
    61: 0
    62: 0
    63: 0
    64: 0
    65: 0
    66: 0
    67: 0
    68: 0
    69: 0
    70: 0
    71: 0
    72: 0
    73: 0
    74: 0
    75: 0
    76: 0
    77: 0
    78: 0
    79: 0
    80: 0
    81: 0
    82: 0
    83: 0
    84: 0
    85: 0
    86: 0
    87: 0
    88: 0
    89: 0
    90: 0
    91: 0
    92: 0
    93: 0
    94: 0
    95: 0
    96: 0
    97: 0
    98: 0
    99: 0
  mem-1: # Memory controller stats
   rd: 36252 # Read requests
   wr: 27581 # Write requests
   rdlat: 5516367 # Total latency experienced by read requests
   wrlat: 4089393 # Total latency experienced by write requests
   rdhits: 4 # Read row hits
   wrhits: 194 # Write row hits
   mlh: # latency histogram for memory requests
    0: 0
    1: 0
    2: 0
    3: 0
    4: 0
    5: 0
    6: 0
    7: 0
    8: 0
    9: 0
    10: 0
    11: 2
    12: 1
    13: 27546
    14: 2452
    15: 25
    16: 16
    17: 19
    18: 10
    19: 11
    20: 21
    21: 13
    22: 56
    23: 5615
    24: 15
    25: 12
    26: 15
    27: 19
    28: 32
    29: 20
    30: 18
    31: 16
    32: 20
    33: 26
    34: 14
    35: 24
    36: 19
    37: 20
    38: 16
    39: 18
    40: 21
    41: 17
    42: 20
    43: 16
    44: 3
    45: 4
    46: 7
    47: 34
    48: 6
    49: 7
    50: 4
    51: 6
    52: 9
    53: 7
    54: 0
    55: 0
    56: 0
    57: 0
    58: 0
    59: 0
    60: 0
    61: 0
    62: 0
    63: 0
    64: 0
    65: 0
    66: 0
    67: 0
    68: 0
    69: 0
    70: 0
    71: 0
    72: 0
    73: 0
    74: 0
    75: 0
    76: 0
    77: 0
    78: 0
    79: 0
    80: 0
    81: 0
    82: 0
    83: 0
    84: 0
    85: 0
    86: 0
    87: 0
    88: 0
    89: 0
    90: 0
    91: 0
    92: 0
    93: 0
    94: 0
    95: 0
    96: 0
    97: 0
    98: 0
    99: 0
  mem-2: # Memory controller stats
   rd: 36275 # Read requests
   wr: 27589 # Write requests
   rdlat: 5511046 # Total latency experienced by read requests
   wrlat: 4095394 # Total latency experienced by write requests
   rdhits: 3 # Read row hits
   wrhits: 185 # Write row hits
   mlh: # latency histogram for memory requests
    0: 0
    1: 0
    2: 0
    3: 0
    4: 0
    5: 0
    6: 0
    7: 0
    8: 0
    9: 0
    10: 0
    11: 1
    12: 0
    13: 27595
    14: 2444
    15: 26
    16: 18
    17: 8
    18: 20
    19: 12
    20: 9
    21: 20
    22: 46
    23: 5654
    24: 24
    25: 20
    26: 16
    27: 13
    28: 19
    29: 21
    30: 15
    31: 16
    32: 12
    33: 17
    34: 14
    35: 12
    36: 20
    37: 17
    38: 22
    39: 17
    40: 13
    41: 25
    42: 24
    43: 15
    44: 1
    45: 1
    46: 5
    47: 33
    48: 6
    49: 4
    50: 7
    51: 5
    52: 4
    53: 4
    54: 0
    55: 0
    56: 0
    57: 0
    58: 0
    59: 0
    60: 0
    61: 0
    62: 0
    63: 0
    64: 0
    65: 0
    66: 0
    67: 0
    68: 0
    69: 0
    70: 0
    71: 0
    72: 0
    73: 0
    74: 0
    75: 0
    76: 0
    77: 0
    78: 0
    79: 0
    80: 0
    81: 0
    82: 0
    83: 0
    84: 0
    85: 0
    86: 0
    87: 0
    88: 0
    89: 0
    90: 0
    91: 0
    92: 0
    93: 0
    94: 0
    95: 0
    96: 0
    97: 0
    98: 0
    99: 0
  mem-3: # Memory controller stats
   rd: 36269 # Read requests
   wr: 27610 # Write requests
   rdlat: 5529726 # Total latency experienced by read requests
   wrlat: 4101875 # Total latency experienced by write requests
   rdhits: 2 # Read row hits
   wrhits: 193 # Write row hits
   mlh: # latency histogram for memory requests
    0: 0
    1: 0
    2: 0
    3: 0
    4: 0
    5: 0
    6: 0
    7: 0
    8: 0
    9: 0
    10: 0
    11: 0
    12: 1
    13: 27505
    14: 2435
    15: 31
    16: 16
    17: 24
    18: 15
    19: 18
    20: 16
    21: 9
    22: 59
    23: 5648
    24: 22
    25: 9
    26: 19
    27: 17
    28: 23
    29: 25
    30: 18
    31: 21
    32: 23
    33: 20
    34: 21
    35: 18
    36: 21
    37: 13
    38: 14
    39: 19
    40: 25
    41: 18
    42: 30
    43: 13
    44: 8
    45: 2
    46: 3
    47: 46
    48: 12
    49: 7
    50: 6
    51: 9
    52: 7
    53: 3
    54: 0
    55: 0
    56: 0
    57: 0
    58: 0
    59: 0
    60: 0
    61: 0
    62: 0
    63: 0
    64: 0
    65: 0
    66: 0
    67: 0
    68: 0
    69: 0
    70: 0
    71: 0
    72: 0
    73: 0
    74: 0
    75: 0
    76: 0
    77: 0
    78: 0
    79: 0
    80: 0
    81: 0
    82: 0
    83: 0
    84: 0
    85: 0
    86: 0
    87: 0
    88: 0
    89: 0
    90: 0
    91: 0
    92: 0
    93: 0
    94: 0
    95: 0
    96: 0
    97: 0
    98: 0
    99: 0
 sched: # Scheduler stats
  thCr: 1 # Threads created
  thFn: 1 # Threads finished
  schedEvs: 1 # Schedule events
  waitEvs: 0 # Wait events
  handoffEvs: 0 # Handoff events
  sleepEvs: 0 # Sleep events
  idlePhases: 0 # Phases with no thread active
  idlePeriods: 0 # Periods with no thread active
  occHist: # Occupancy histogram
   0: 0
   1: 6378
  rqSzHist: # Run queue size histogram
   0: 6378
   1: 0
   2: 0
   3: 0
   4: 0
   5: 0
   6: 0
   7: 0
   8: 0
   9: 0
   10: 0
   11: 0
   12: 0
   13: 0
   14: 0
   15: 0
   16: 0
 procCycles: # Per-process unhalted core cycles
  0: 63780986
  1: 0
  2: 0
  3: 0
  4: 0
  5: 0
  6: 0
  7: 0
  8: 0
  9: 0
  10: 0
  11: 0
  12: 0
  13: 0
  14: 0
  15: 0
  16: 0
  17: 0
  18: 0
  19: 0
  20: 0
  21: 0
  22: 0
  23: 0
  24: 0
  25: 0
  26: 0
  27: 0
  28: 0
  29: 0
  30: 0
  31: 0
  32: 0
  33: 0
  34: 0
  35: 0
  36: 0
  37: 0
  38: 0
  39: 0
  40: 0
  41: 0
  42: 0
  43: 0
  44: 0
  45: 0
  46: 0
  47: 0
  48: 0
  49: 0
  50: 0
  51: 0
  52: 0
  53: 0
  54: 0
  55: 0
  56: 0
  57: 0
  58: 0
  59: 0
  60: 0
  61: 0
  62: 0
  63: 0
 procInstrs: # Per-process instructions
  0: 100015038
  1: 0
  2: 0
  3: 0
  4: 0
  5: 0
  6: 0
  7: 0
  8: 0
  9: 0
  10: 0
  11: 0
  12: 0
  13: 0
  14: 0
  15: 0
  16: 0
  17: 0
  18: 0
  19: 0
  20: 0
  21: 0
  22: 0
  23: 0
  24: 0
  25: 0
  26: 0
  27: 0
  28: 0
  29: 0
  30: 0
  31: 0
  32: 0
  33: 0
  34: 0
  35: 0
  36: 0
  37: 0
  38: 0
  39: 0
  40: 0
  41: 0
  42: 0
  43: 0
  44: 0
  45: 0
  46: 0
  47: 0
  48: 0
  49: 0
  50: 0
  51: 0
  52: 0
  53: 0
  54: 0
  55: 0
  56: 0
  57: 0
  58: 0
  59: 0
  60: 0
  61: 0
  62: 0
  63: 0
 heartbeats: # Per-process heartbeats
  0: 0
  1: 0
  2: 0
  3: 0
  4: 0
  5: 0
  6: 0
  7: 0
  8: 0
  9: 0
  10: 0
  11: 0
  12: 0
  13: 0
  14: 0
  15: 0
  16: 0
  17: 0
  18: 0
  19: 0
  20: 0
  21: 0
  22: 0
  23: 0
  24: 0
  25: 0
  26: 0
  27: 0
  28: 0
  29: 0
  30: 0
  31: 0
  32: 0
  33: 0
  34: 0
  35: 0
  36: 0
  37: 0
  38: 0
  39: 0
  40: 0
  41: 0
  42: 0
  43: 0
  44: 0
  45: 0
  46: 0
  47: 0
  48: 0
  49: 0
  50: 0
  51: 0
  52: 0
  53: 0
  54: 0
  55: 0
  56: 0
  57: 0
  58: 0
  59: 0
  60: 0
  61: 0
  62: 0
  63: 0
===
