# zsim stats
===
root: # Stats
 contention: # Contention simulation stats
  domain-0: # Domain stats
   time: 193650966 # Weave simulation time
 time: # Simulator time breakdown
  init: 2647442133
  bound: 33814242068
  weave: 1010550043
  ff: 17444456
 trigger: 20000 # Reason for this stats dump
 phase: 37188 # Simulated phases
 westmere: # Core stats
  westmere-0: # Core stats
   cycles: 371875947 # Simulated unhalted cycles
   cCycles: 85082 # Cycles due to contention stalls
   instrs: 507838614 # Simulated instructions
   uops: 621931270 # Retired micro-ops
   bbls: 48855703 # Basic blocks
   approxInstrs: 6665768 # Instrs with approx uop decoding
   mispredBranches: 251368 # Mispredicted branches
   condBranches: 30583394 # conditional branches
  westmere-1: # Core stats
   cycles: 371712734 # Simulated unhalted cycles
   cCycles: 85981 # Cycles due to contention stalls
   instrs: 507826013 # Simulated instructions
   uops: 621914800 # Retired micro-ops
   bbls: 48856747 # Basic blocks
   approxInstrs: 6666304 # Instrs with approx uop decoding
   mispredBranches: 251611 # Mispredicted branches
   condBranches: 30582723 # conditional branches
  westmere-2: # Core stats
   cycles: 371711961 # Simulated unhalted cycles
   cCycles: 84934 # Cycles due to contention stalls
   instrs: 507838513 # Simulated instructions
   uops: 621931700 # Retired micro-ops
   bbls: 48854447 # Basic blocks
   approxInstrs: 6666504 # Instrs with approx uop decoding
   mispredBranches: 250802 # Mispredicted branches
   condBranches: 30582523 # conditional branches
  westmere-3: # Core stats
   cycles: 371728881 # Simulated unhalted cycles
   cCycles: 85569 # Cycles due to contention stalls
   instrs: 507819013 # Simulated instructions
   uops: 621906700 # Retired micro-ops
   bbls: 48856447 # Basic blocks
   approxInstrs: 6665804 # Instrs with approx uop decoding
   mispredBranches: 253092 # Mispredicted branches
   condBranches: 30582823 # conditional branches
  westmere-4: # Core stats
   cycles: 371736507 # Simulated unhalted cycles
   cCycles: 83593 # Cycles due to contention stalls
   instrs: 507858713 # Simulated instructions
   uops: 621955800 # Retired micro-ops
   bbls: 48856747 # Basic blocks
   approxInstrs: 6668804 # Instrs with approx uop decoding
   mispredBranches: 250894 # Mispredicted branches
   condBranches: 30582323 # conditional branches
  westmere-5: # Core stats
   cycles: 371739031 # Simulated unhalted cycles
   cCycles: 82955 # Cycles due to contention stalls
   instrs: 507846413 # Simulated instructions
   uops: 621940300 # Retired micro-ops
   bbls: 48859247 # Basic blocks
   approxInstrs: 6669604 # Instrs with approx uop decoding
   mispredBranches: 251697 # Mispredicted branches
   condBranches: 30582723 # conditional branches
  westmere-6: # Core stats
   cycles: 371757601 # Simulated unhalted cycles
   cCycles: 83673 # Cycles due to contention stalls
   instrs: 507837413 # Simulated instructions
   uops: 621928900 # Retired micro-ops
   bbls: 48855047 # Basic blocks
   approxInstrs: 6666004 # Instrs with approx uop decoding
   mispredBranches: 254062 # Mispredicted branches
   condBranches: 30582423 # conditional branches
  westmere-7: # Core stats
   cycles: 371708382 # Simulated unhalted cycles
   cCycles: 84537 # Cycles due to contention stalls
   instrs: 507835262 # Simulated instructions
   uops: 621928248 # Retired micro-ops
   bbls: 48857802 # Basic blocks
   approxInstrs: 6667526 # Instrs with approx uop decoding
   mispredBranches: 251177 # Mispredicted branches
   condBranches: 30583628 # conditional branches
 l1i: # Cache stats
  l1i-0: # Filter cache stats
   fhGETS: 54403765 # Filtered GETS hits
   fhGETX: 0 # Filtered GETX hits
   hGETS: 15644448 # GETS hits
   hGETX: 0 # GETX hits
   mGETS: 201 # GETS misses
   mGETXIM: 0 # GETX I->M misses
   mGETXSM: 0 # GETX S->M misses (upgrade misses)
   PUTS: 0 # Clean evictions (from lower level)
   PUTX: 0 # Dirty evictions (from lower level)
   INV: 0 # Invalidates (from upper level)
   INVX: 0 # Downgrades (from upper level)
   FWD: 0 # Forwards (from upper level)
   latGETnl: 17184 # GET request latency on next level
   latGETnet: 0 # GET request latency on network to next level
  l1i-1: # Filter cache stats
   fhGETS: 54414472 # Filtered GETS hits
   fhGETX: 0 # Filtered GETX hits
   hGETS: 15635990 # GETS hits
   hGETX: 0 # GETX hits
   mGETS: 87 # GETS misses
   mGETXIM: 0 # GETX I->M misses
   mGETXSM: 0 # GETX S->M misses (upgrade misses)
   PUTS: 0 # Clean evictions (from lower level)
   PUTX: 0 # Dirty evictions (from lower level)
   INV: 0 # Invalidates (from upper level)
   INVX: 0 # Downgrades (from upper level)
   FWD: 0 # Forwards (from upper level)
   latGETnl: 7098 # GET request latency on next level
   latGETnet: 0 # GET request latency on network to next level
  l1i-2: # Filter cache stats
   fhGETS: 54396671 # Filtered GETS hits
   fhGETX: 0 # Filtered GETX hits
   hGETS: 15647752 # GETS hits
   hGETX: 0 # GETX hits
   mGETS: 92 # GETS misses
   mGETXIM: 0 # GETX I->M misses
   mGETXSM: 0 # GETX S->M misses (upgrade misses)
   PUTS: 0 # Clean evictions (from lower level)
   PUTX: 0 # Dirty evictions (from lower level)
   INV: 0 # Invalidates (from upper level)
   INVX: 0 # Downgrades (from upper level)
   FWD: 0 # Forwards (from upper level)
   latGETnl: 3758 # GET request latency on next level
   latGETnet: 0 # GET request latency on network to next level
  l1i-3: # Filter cache stats
   fhGETS: 54413588 # Filtered GETS hits
   fhGETX: 0 # Filtered GETX hits
   hGETS: 15643781 # GETS hits
   hGETX: 0 # GETX hits
   mGETS: 89 # GETS misses
   mGETXIM: 0 # GETX I->M misses
   mGETXSM: 0 # GETX S->M misses (upgrade misses)
   PUTS: 0 # Clean evictions (from lower level)
   PUTX: 0 # Dirty evictions (from lower level)
   INV: 0 # Invalidates (from upper level)
   INVX: 0 # Downgrades (from upper level)
   FWD: 0 # Forwards (from upper level)
   latGETnl: 5006 # GET request latency on next level
   latGETnet: 0 # GET request latency on network to next level
  l1i-4: # Filter cache stats
   fhGETS: 54402212 # Filtered GETS hits
   fhGETX: 0 # Filtered GETX hits
   hGETS: 15645371 # GETS hits
   hGETX: 0 # GETX hits
   mGETS: 90 # GETS misses
   mGETXIM: 0 # GETX I->M misses
   mGETXSM: 0 # GETX S->M misses (upgrade misses)
   PUTS: 0 # Clean evictions (from lower level)
   PUTX: 0 # Dirty evictions (from lower level)
   INV: 0 # Invalidates (from upper level)
   INVX: 0 # Downgrades (from upper level)
   FWD: 0 # Forwards (from upper level)
   latGETnl: 3060 # GET request latency on next level
   latGETnet: 0 # GET request latency on network to next level
  l1i-5: # Filter cache stats
   fhGETS: 54412112 # Filtered GETS hits
   fhGETX: 0 # Filtered GETX hits
   hGETS: 15641084 # GETS hits
   hGETX: 0 # GETX hits
   mGETS: 86 # GETS misses
   mGETXIM: 0 # GETX I->M misses
   mGETXSM: 0 # GETX S->M misses (upgrade misses)
   PUTS: 0 # Clean evictions (from lower level)
   PUTX: 0 # Dirty evictions (from lower level)
   INV: 0 # Invalidates (from upper level)
   INVX: 0 # Downgrades (from upper level)
   FWD: 0 # Forwards (from upper level)
   latGETnl: 2924 # GET request latency on next level
   latGETnet: 0 # GET request latency on network to next level
  l1i-6: # Filter cache stats
   fhGETS: 54410405 # Filtered GETS hits
   fhGETX: 0 # Filtered GETX hits
   hGETS: 15651224 # GETS hits
   hGETX: 0 # GETX hits
   mGETS: 88 # GETS misses
   mGETXIM: 0 # GETX I->M misses
   mGETXSM: 0 # GETX S->M misses (upgrade misses)
   PUTS: 0 # Clean evictions (from lower level)
   PUTX: 0 # Dirty evictions (from lower level)
   INV: 0 # Invalidates (from upper level)
   INVX: 0 # Downgrades (from upper level)
   FWD: 0 # Forwards (from upper level)
   latGETnl: 2992 # GET request latency on next level
   latGETnet: 0 # GET request latency on network to next level
  l1i-7: # Filter cache stats
   fhGETS: 54404646 # Filtered GETS hits
   fhGETX: 0 # Filtered GETX hits
   hGETS: 15644087 # GETS hits
   hGETX: 0 # GETX hits
   mGETS: 243 # GETS misses
   mGETXIM: 0 # GETX I->M misses
   mGETXSM: 0 # GETX S->M misses (upgrade misses)
   PUTS: 0 # Clean evictions (from lower level)
   PUTX: 0 # Dirty evictions (from lower level)
   INV: 0 # Invalidates (from upper level)
   INVX: 0 # Downgrades (from upper level)
   FWD: 0 # Forwards (from upper level)
   latGETnl: 20502 # GET request latency on next level
   latGETnet: 0 # GET request latency on network to next level
 l1d: # Cache stats
  l1d-0: # Filter cache stats
   fhGETS: 96463067 # Filtered GETS hits
   fhGETX: 39154287 # Filtered GETX hits
   hGETS: 9704210 # GETS hits
   hGETX: 1995931 # GETX hits
   mGETS: 452908 # GETS misses
   mGETXIM: 51433 # GETX I->M misses
   mGETXSM: 7 # GETX S->M misses (upgrade misses)
   PUTS: 0 # Clean evictions (from lower level)
   PUTX: 0 # Dirty evictions (from lower level)
   INV: 36 # Invalidates (from upper level)
   INVX: 37 # Downgrades (from upper level)
   FWD: 0 # Forwards (from upper level)
   latGETnl: 6134352 # GET request latency on next level
   latGETnet: 0 # GET request latency on network to next level
  l1d-1: # Filter cache stats
   fhGETS: 96454905 # Filtered GETS hits
   fhGETX: 39148932 # Filtered GETX hits
   hGETS: 9700879 # GETS hits
   hGETX: 1999792 # GETX hits
   mGETS: 461977 # GETS misses
   mGETXIM: 51522 # GETX I->M misses
   mGETXSM: 2 # GETX S->M misses (upgrade misses)
   PUTS: 0 # Clean evictions (from lower level)
   PUTX: 0 # Dirty evictions (from lower level)
   INV: 313 # Invalidates (from upper level)
   INVX: 41 # Downgrades (from upper level)
   FWD: 0 # Forwards (from upper level)
   latGETnl: 5207279 # GET request latency on next level
   latGETnet: 0 # GET request latency on network to next level
  l1d-2: # Filter cache stats
   fhGETS: 96442604 # Filtered GETS hits
   fhGETX: 39157032 # Filtered GETX hits
   hGETS: 9727077 # GETS hits
   hGETX: 1992355 # GETX hits
   mGETS: 450080 # GETS misses
   mGETXIM: 51559 # GETX I->M misses
   mGETXSM: 2 # GETX S->M misses (upgrade misses)
   PUTS: 0 # Clean evictions (from lower level)
   PUTX: 0 # Dirty evictions (from lower level)
   INV: 354 # Invalidates (from upper level)
   INVX: 47 # Downgrades (from upper level)
   FWD: 0 # Forwards (from upper level)
   latGETnl: 5181911 # GET request latency on next level
   latGETnet: 0 # GET request latency on network to next level
  l1d-3: # Filter cache stats
   fhGETS: 96457102 # Filtered GETS hits
   fhGETX: 39154132 # Filtered GETX hits
   hGETS: 9703880 # GETS hits
   hGETX: 1994878 # GETX hits
   mGETS: 455379 # GETS misses
   mGETXIM: 51336 # GETX I->M misses
   mGETXSM: 2 # GETX S->M misses (upgrade misses)
   PUTS: 0 # Clean evictions (from lower level)
   PUTX: 0 # Dirty evictions (from lower level)
   INV: 128 # Invalidates (from upper level)
   INVX: 51 # Downgrades (from upper level)
   FWD: 0 # Forwards (from upper level)
   latGETnl: 5170630 # GET request latency on next level
   latGETnet: 0 # GET request latency on network to next level
  l1d-4: # Filter cache stats
   fhGETS: 96472711 # Filtered GETS hits
   fhGETX: 39162132 # Filtered GETX hits
   hGETS: 9696870 # GETS hits
   hGETX: 1987993 # GETX hits
   mGETS: 454280 # GETS misses
   mGETXIM: 51421 # GETX I->M misses
   mGETXSM: 2 # GETX S->M misses (upgrade misses)
   PUTS: 0 # Clean evictions (from lower level)
   PUTX: 0 # Dirty evictions (from lower level)
   INV: 213 # Invalidates (from upper level)
   INVX: 43 # Downgrades (from upper level)
   FWD: 0 # Forwards (from upper level)
   latGETnl: 5227799 # GET request latency on next level
   latGETnet: 0 # GET request latency on network to next level
  l1d-5: # Filter cache stats
   fhGETS: 96486799 # Filtered GETS hits
   fhGETX: 39161932 # Filtered GETX hits
   hGETS: 9657117 # GETS hits
   hGETX: 1987905 # GETX hits
   mGETS: 477145 # GETS misses
   mGETXIM: 51409 # GETX I->M misses
   mGETXSM: 2 # GETX S->M misses (upgrade misses)
   PUTS: 0 # Clean evictions (from lower level)
   PUTX: 0 # Dirty evictions (from lower level)
   INV: 202 # Invalidates (from upper level)
   INVX: 22 # Downgrades (from upper level)
   FWD: 0 # Forwards (from upper level)
   latGETnl: 5306975 # GET request latency on next level
   latGETnet: 0 # GET request latency on network to next level
  l1d-6: # Filter cache stats
   fhGETS: 96464821 # Filtered GETS hits
   fhGETX: 39151032 # Filtered GETX hits
   hGETS: 9686556 # GETS hits
   hGETX: 1997995 # GETX hits
   mGETS: 468784 # GETS misses
   mGETXIM: 51319 # GETX I->M misses
   mGETXSM: 2 # GETX S->M misses (upgrade misses)
   PUTS: 0 # Clean evictions (from lower level)
   PUTX: 0 # Dirty evictions (from lower level)
   INV: 14 # Invalidates (from upper level)
   INVX: 25 # Downgrades (from upper level)
   FWD: 0 # Forwards (from upper level)
   latGETnl: 5226939 # GET request latency on next level
   latGETnet: 0 # GET request latency on network to next level
  l1d-7: # Filter cache stats
   fhGETS: 96444320 # Filtered GETS hits
   fhGETX: 39161208 # Filtered GETX hits
   hGETS: 9720438 # GETS hits
   hGETX: 1989359 # GETX hits
   mGETS: 454371 # GETS misses
   mGETXIM: 51338 # GETX I->M misses
   mGETXSM: 23 # GETX S->M misses (upgrade misses)
   PUTS: 0 # Clean evictions (from lower level)
   PUTX: 0 # Dirty evictions (from lower level)
   INV: 210 # Invalidates (from upper level)
   INVX: 15 # Downgrades (from upper level)
   FWD: 0 # Forwards (from upper level)
   latGETnl: 5147097 # GET request latency on next level
   latGETnet: 0 # GET request latency on network to next level
 l2: # Cache stats
  l2-0: # Cache stats
   hGETS: 381165 # GETS hits
   hGETX: 39303 # GETX hits
   mGETS: 71944 # GETS misses
   mGETXIM: 12130 # GETX I->M misses
   mGETXSM: 7 # GETX S->M misses (upgrade misses)
   PUTS: 452463 # Clean evictions (from lower level)
   PUTX: 51331 # Dirty evictions (from lower level)
   INV: 152 # Invalidates (from upper level)
   INVX: 61 # Downgrades (from upper level)
   FWD: 0 # Forwards (from upper level)
   latGETnl: 2619693 # GET request latency on next level
   latGETnet: 0 # GET request latency on network to next level
  l2-1: # Cache stats
   hGETS: 421440 # GETS hits
   hGETX: 44550 # GETX hits
   mGETS: 40624 # GETS misses
   mGETXIM: 6972 # GETX I->M misses
   mGETXSM: 2 # GETX S->M misses (upgrade misses)
   PUTS: 461528 # Clean evictions (from lower level)
   PUTX: 51148 # Dirty evictions (from lower level)
   INV: 315 # Invalidates (from upper level)
   INVX: 41 # Downgrades (from upper level)
   FWD: 0 # Forwards (from upper level)
   latGETnl: 1619261 # GET request latency on next level
   latGETnet: 0 # GET request latency on network to next level
  l2-2: # Cache stats
   hGETS: 407864 # GETS hits
   hGETX: 44192 # GETX hits
   mGETS: 42308 # GETS misses
   mGETXIM: 7367 # GETX I->M misses
   mGETXSM: 2 # GETX S->M misses (upgrade misses)
   PUTS: 449631 # Clean evictions (from lower level)
   PUTX: 51145 # Dirty evictions (from lower level)
   INV: 415 # Invalidates (from upper level)
   INVX: 47 # Downgrades (from upper level)
   FWD: 0 # Forwards (from upper level)
   latGETnl: 1673538 # GET request latency on next level
   latGETnet: 0 # GET request latency on network to next level
  l2-3: # Cache stats
   hGETS: 414449 # GETS hits
   hGETX: 44352 # GETX hits
   mGETS: 41019 # GETS misses
   mGETXIM: 6984 # GETX I->M misses
   mGETXSM: 2 # GETX S->M misses (upgrade misses)
   PUTS: 454930 # Clean evictions (from lower level)
   PUTX: 51147 # Dirty evictions (from lower level)
   INV: 229 # Invalidates (from upper level)
   INVX: 52 # Downgrades (from upper level)
   FWD: 0 # Forwards (from upper level)
   latGETnl: 1627994 # GET request latency on next level
   latGETnet: 0 # GET request latency on network to next level
  l2-4: # Cache stats
   hGETS: 411369 # GETS hits
   hGETX: 44059 # GETX hits
   mGETS: 43001 # GETS misses
   mGETXIM: 7362 # GETX I->M misses
   mGETXSM: 2 # GETX S->M misses (upgrade misses)
   PUTS: 453831 # Clean evictions (from lower level)
   PUTX: 51147 # Dirty evictions (from lower level)
   INV: 310 # Invalidates (from upper level)
   INVX: 47 # Downgrades (from upper level)
   FWD: 0 # Forwards (from upper level)
   latGETnl: 1690308 # GET request latency on next level
   latGETnet: 0 # GET request latency on network to next level
  l2-5: # Cache stats
   hGETS: 436707 # GETS hits
   hGETX: 44468 # GETX hits
   mGETS: 40524 # GETS misses
   mGETXIM: 6941 # GETX I->M misses
   mGETXSM: 2 # GETX S->M misses (upgrade misses)
   PUTS: 476696 # Clean evictions (from lower level)
   PUTX: 51147 # Dirty evictions (from lower level)
   INV: 285 # Invalidates (from upper level)
   INVX: 22 # Downgrades (from upper level)
   FWD: 0 # Forwards (from upper level)
   latGETnl: 1609405 # GET request latency on next level
   latGETnet: 0 # GET request latency on network to next level
  l2-6: # Cache stats
   hGETS: 428944 # GETS hits
   hGETX: 44551 # GETX hits
   mGETS: 39928 # GETS misses
   mGETXIM: 6768 # GETX I->M misses
   mGETXSM: 2 # GETX S->M misses (upgrade misses)
   PUTS: 468335 # Clean evictions (from lower level)
   PUTX: 51244 # Dirty evictions (from lower level)
   INV: 211 # Invalidates (from upper level)
   INVX: 26 # Downgrades (from upper level)
   FWD: 0 # Forwards (from upper level)
   latGETnl: 1588580 # GET request latency on next level
   latGETnet: 0 # GET request latency on network to next level
  l2-7: # Cache stats
   hGETS: 413950 # GETS hits
   hGETX: 44455 # GETX hits
   mGETS: 40664 # GETS misses
   mGETXIM: 6883 # GETX I->M misses
   mGETXSM: 23 # GETX S->M misses (upgrade misses)
   PUTS: 453926 # Clean evictions (from lower level)
   PUTX: 51063 # Dirty evictions (from lower level)
   INV: 211 # Invalidates (from upper level)
   INVX: 15 # Downgrades (from upper level)
   FWD: 0 # Forwards (from upper level)
   latGETnl: 1625774 # GET request latency on next level
   latGETnet: 0 # GET request latency on network to next level
 l3: # Cache stats
  l3-0b0: # Cache stats
   hGETS: 37897 # GETS hits
   hGETX: 6252 # GETX hits
   mGETS: 3147 # GETS misses
   mGETXIM: 536 # GETX I->M misses
   mGETXSM: 0 # GETX S->M misses (upgrade misses)
   PUTS: 37707 # Clean evictions (from lower level)
   PUTX: 6296 # Dirty evictions (from lower level)
   INV: 0 # Invalidates (from upper level)
   INVX: 0 # Downgrades (from upper level)
   FWD: 0 # Forwards (from upper level)
   latGETnl: 331470 # GET request latency on next level
   latGETnet: 0 # GET request latency on network to next level
  l3-0b1: # Cache stats
   hGETS: 38524 # GETS hits
   hGETX: 6343 # GETX hits
   mGETS: 3151 # GETS misses
   mGETXIM: 534 # GETX I->M misses
   mGETXSM: 0 # GETX S->M misses (upgrade misses)
   PUTS: 38266 # Clean evictions (from lower level)
   PUTX: 6389 # Dirty evictions (from lower level)
   INV: 0 # Invalidates (from upper level)
   INVX: 0 # Downgrades (from upper level)
   FWD: 0 # Forwards (from upper level)
   latGETnl: 331650 # GET request latency on next level
   latGETnet: 0 # GET request latency on network to next level
  l3-0b2: # Cache stats
   hGETS: 34855 # GETS hits
   hGETX: 5556 # GETX hits
   mGETS: 3142 # GETS misses
   mGETXIM: 531 # GETX I->M misses
   mGETXSM: 0 # GETX S->M misses (upgrade misses)
   PUTS: 34604 # Clean evictions (from lower level)
   PUTX: 5591 # Dirty evictions (from lower level)
   INV: 0 # Invalidates (from upper level)
   INVX: 0 # Downgrades (from upper level)
   FWD: 0 # Forwards (from upper level)
   latGETnl: 330570 # GET request latency on next level
   latGETnet: 0 # GET request latency on network to next level
  l3-0b3: # Cache stats
   hGETS: 38292 # GETS hits
   hGETX: 8493 # GETX hits
   mGETS: 3148 # GETS misses
   mGETXIM: 535 # GETX I->M misses
   mGETXSM: 0 # GETX S->M misses (upgrade misses)
   PUTS: 38079 # Clean evictions (from lower level)
   PUTX: 6495 # Dirty evictions (from lower level)
   INV: 0 # Invalidates (from upper level)
   INVX: 0 # Downgrades (from upper level)
   FWD: 0 # Forwards (from upper level)
   latGETnl: 331470 # GET request latency on next level
   latGETnet: 0 # GET request latency on network to next level
  l3-0b4: # Cache stats
   hGETS: 34571 # GETS hits
   hGETX: 5366 # GETX hits
   mGETS: 3153 # GETS misses
   mGETXIM: 536 # GETX I->M misses
   mGETXSM: 0 # GETX S->M misses (upgrade misses)
   PUTS: 34327 # Clean evictions (from lower level)
   PUTX: 5409 # Dirty evictions (from lower level)
   INV: 0 # Invalidates (from upper level)
   INVX: 0 # Downgrades (from upper level)
   FWD: 0 # Forwards (from upper level)
   latGETnl: 332010 # GET request latency on next level
   latGETnet: 0 # GET request latency on network to next level
  l3-0b5: # Cache stats
   hGETS: 42273 # GETS hits
   hGETX: 7234 # GETX hits
   mGETS: 3145 # GETS misses
   mGETXIM: 533 # GETX I->M misses
   mGETXSM: 0 # GETX S->M misses (upgrade misses)
   PUTS: 42041 # Clean evictions (from lower level)
   PUTX: 7293 # Dirty evictions (from lower level)
   INV: 0 # Invalidates (from upper level)
   INVX: 0 # Downgrades (from upper level)
   FWD: 0 # Forwards (from upper level)
   latGETnl: 331020 # GET request latency on next level
   latGETnet: 0 # GET request latency on network to next level
  l3-0b6: # Cache stats
   hGETS: 54461 # GETS hits
   hGETX: 9016 # GETX hits
   mGETS: 3151 # GETS misses
   mGETXIM: 530 # GETX I->M misses
   mGETXSM: 0 # GETX S->M misses (upgrade misses)
   PUTS: 54209 # Clean evictions (from lower level)
   PUTX: 9080 # Dirty evictions (from lower level)
   INV: 0 # Invalidates (from upper level)
   INVX: 0 # Downgrades (from upper level)
   FWD: 0 # Forwards (from upper level)
   latGETnl: 331290 # GET request latency on next level
   latGETnet: 0 # GET request latency on network to next level
  l3-0b7: # Cache stats
   hGETS: 53951 # GETS hits
   hGETX: 8921 # GETX hits
   mGETS: 3151 # GETS misses
   mGETXIM: 533 # GETX I->M misses
   mGETXSM: 0 # GETX S->M misses (upgrade misses)
   PUTS: 53723 # Clean evictions (from lower level)
   PUTX: 8982 # Dirty evictions (from lower level)
   INV: 0 # Invalidates (from upper level)
   INVX: 0 # Downgrades (from upper level)
   FWD: 0 # Forwards (from upper level)
   latGETnl: 331560 # GET request latency on next level
   latGETnet: 0 # GET request latency on network to next level
 mem: # Memory controller stats
  mem-0: # Memory controller stats
   rd: 7379 # Read requests
   wr: 0 # Write requests
   rdlat: 1210624 # Total latency experienced by read requests
   wrlat: 0 # Total latency experienced by write requests
   rdhits: 3098 # Read row hits
   wrhits: 0 # Write row hits
   mlh: # latency histogram for memory requests
    0: 0
    1: 0
    2: 0
    3: 0
    4: 0
    5: 0
    6: 0
    7: 0
    8: 0
    9: 0
    10: 0
    11: 5
    12: 2
    13: 2097
    14: 1021
    15: 915
    16: 119
    17: 1008
    18: 997
    19: 868
    20: 167
    21: 22
    22: 16
    23: 10
    24: 9
    25: 4
    26: 5
    27: 5
    28: 4
    29: 6
    30: 5
    31: 7
    32: 3
    33: 6
    34: 4
    35: 4
    36: 2
    37: 2
    38: 6
    39: 7
    40: 3
    41: 4
    42: 8
    43: 7
    44: 5
    45: 3
    46: 2
    47: 3
    48: 3
    49: 1
    50: 3
    51: 2
    52: 1
    53: 2
    54: 2
    55: 2
    56: 0
    57: 0
    58: 0
    59: 0
    60: 1
    61: 0
    62: 0
    63: 0
    64: 1
    65: 0
    66: 0
    67: 0
    68: 0
    69: 0
    70: 0
    71: 0
    72: 0
    73: 0
    74: 0
    75: 0
    76: 0
    77: 0
    78: 0
    79: 0
    80: 0
    81: 0
    82: 0
    83: 0
    84: 0
    85: 0
    86: 0
    87: 0
    88: 0
    89: 0
    90: 0
    91: 0
    92: 0
    93: 0
    94: 0
    95: 0
    96: 0
    97: 0
    98: 0
    99: 0
  mem-1: # Memory controller stats
   rd: 7354 # Read requests
   wr: 0 # Write requests
   rdlat: 1206439 # Total latency experienced by read requests
   wrlat: 0 # Total latency experienced by write requests
   rdhits: 3095 # Read row hits
   wrhits: 0 # Write row hits
   mlh: # latency histogram for memory requests
    0: 0
    1: 0
    2: 0
    3: 0
    4: 0
    5: 0
    6: 0
    7: 0
    8: 0
    9: 0
    10: 0
    11: 3
    12: 5
    13: 2100
    14: 1012
    15: 883
    16: 144
    17: 1006
    18: 1000
    19: 830
    20: 196
    21: 16
    22: 14
    23: 4
    24: 8
    25: 8
    26: 3
    27: 5
    28: 6
    29: 4
    30: 5
    31: 9
    32: 5
    33: 5
    34: 7
    35: 6
    36: 4
    37: 8
    38: 5
    39: 7
    40: 7
    41: 5
    42: 3
    43: 3
    44: 3
    45: 0
    46: 0
    47: 1
    48: 3
    49: 7
    50: 3
    51: 4
    52: 3
    53: 3
    54: 0
    55: 0
    56: 0
    57: 1
    58: 0
    59: 0
    60: 0
    61: 0
    62: 0
    63: 0
    64: 0
    65: 0
    66: 0
    67: 0
    68: 0
    69: 0
    70: 0
    71: 0
    72: 0
    73: 0
    74: 0
    75: 0
    76: 0
    77: 0
    78: 0
    79: 0
    80: 0
    81: 0
    82: 0
    83: 0
    84: 0
    85: 0
    86: 0
    87: 0
    88: 0
    89: 0
    90: 0
    91: 0
    92: 0
    93: 0
    94: 0
    95: 0
    96: 0
    97: 0
    98: 0
    99: 0
  mem-2: # Memory controller stats
   rd: 7348 # Read requests
   wr: 0 # Write requests
   rdlat: 1204882 # Total latency experienced by read requests
   wrlat: 0 # Total latency experienced by write requests
   rdhits: 3090 # Read row hits
   wrhits: 0 # Write row hits
   mlh: # latency histogram for memory requests
    0: 0
    1: 0
    2: 0
    3: 0
    4: 0
    5: 0
    6: 0
    7: 0
    8: 0
    9: 0
    10: 0
    11: 4
    12: 3
    13: 2112
    14: 1004
    15: 891
    16: 141
    17: 998
    18: 1004
    19: 849
    20: 176
    21: 20
    22: 10
    23: 5
    24: 3
    25: 5
    26: 6
    27: 4
    28: 5
    29: 5
    30: 6
    31: 6
    32: 8
    33: 2
    34: 7
    35: 5
    36: 5
    37: 2
    38: 5
    39: 5
    40: 3
    41: 3
    42: 5
    43: 4
    44: 3
    45: 4
    46: 3
    47: 2
    48: 5
    49: 5
    50: 3
    51: 1
    52: 4
    53: 4
    54: 0
    55: 0
    56: 0
    57: 0
    58: 0
    59: 1
    60: 1
    61: 0
    62: 1
    63: 0
    64: 0
    65: 0
    66: 0
    67: 0
    68: 0
    69: 0
    70: 0
    71: 0
    72: 0
    73: 0
    74: 0
    75: 0
    76: 0
    77: 0
    78: 0
    79: 0
    80: 0
    81: 0
    82: 0
    83: 0
    84: 0
    85: 0
    86: 0
    87: 0
    88: 0
    89: 0
    90: 0
    91: 0
    92: 0
    93: 0
    94: 0
    95: 0
    96: 0
    97: 0
    98: 0
    99: 0
  mem-3: # Memory controller stats
   rd: 7356 # Read requests
   wr: 0 # Write requests
   rdlat: 1201177 # Total latency experienced by read requests
   wrlat: 0 # Total latency experienced by write requests
   rdhits: 3098 # Read row hits
   wrhits: 0 # Write row hits
   mlh: # latency histogram for memory requests
    0: 0
    1: 0
    2: 0
    3: 0
    4: 0
    5: 0
    6: 0
    7: 0
    8: 0
    9: 0
    10: 0
    11: 5
    12: 2
    13: 2111
    14: 1003
    15: 909
    16: 121
    17: 998
    18: 1007
    19: 864
    20: 168
    21: 17
    22: 12
    23: 11
    24: 11
    25: 8
    26: 6
    27: 11
    28: 8
    29: 8
    30: 5
    31: 7
    32: 6
    33: 2
    34: 4
    35: 5
    36: 5
    37: 4
    38: 2
    39: 4
    40: 1
    41: 4
    42: 6
    43: 3
    44: 1
    45: 1
    46: 2
    47: 2
    48: 3
    49: 3
    50: 1
    51: 1
    52: 2
    53: 1
    54: 0
    55: 1
    56: 0
    57: 0
    58: 0
    59: 0
    60: 0
    61: 0
    62: 0
    63: 0
    64: 0
    65: 0
    66: 0
    67: 0
    68: 0
    69: 0
    70: 0
    71: 0
    72: 0
    73: 0
    74: 0
    75: 0
    76: 0
    77: 0
    78: 0
    79: 0
    80: 0
    81: 0
    82: 0
    83: 0
    84: 0
    85: 0
    86: 0
    87: 0
    88: 0
    89: 0
    90: 0
    91: 0
    92: 0
    93: 0
    94: 0
    95: 0
    96: 0
    97: 0
    98: 0
    99: 0
 sched: # Scheduler stats
  thCr: 9 # Threads created
  thFn: 9 # Threads finished
  schedEvs: 10 # Schedule events
  waitEvs: 1 # Wait events
  handoffEvs: 0 # Handoff events
  sleepEvs: 0 # Sleep events
  idlePhases: 0 # Phases with no thread active
  idlePeriods: 0 # Periods with no thread active
  occHist: # Occupancy histogram
   0: 0
   1: 2
   2: 11
   3: 2
   4: 0
   5: 1
   6: 1
   7: 2
   8: 37169
  rqSzHist: # Run queue size histogram
   0: 37188
   1: 0
   2: 0
   3: 0
   4: 0
   5: 0
   6: 0
   7: 0
   8: 0
   9: 0
   10: 0
   11: 0
   12: 0
   13: 0
   14: 0
   15: 0
   16: 0
 procCycles: # Per-process unhalted core cycles
  0: 2973970717
  1: 0
  2: 0
  3: 0
  4: 0
  5: 0
  6: 0
  7: 0
  8: 0
  9: 0
  10: 0
  11: 0
  12: 0
  13: 0
  14: 0
  15: 0
  16: 0
  17: 0
  18: 0
  19: 0
  20: 0
  21: 0
  22: 0
  23: 0
  24: 0
  25: 0
  26: 0
  27: 0
  28: 0
  29: 0
  30: 0
  31: 0
  32: 0
  33: 0
  34: 0
  35: 0
  36: 0
  37: 0
  38: 0
  39: 0
  40: 0
  41: 0
  42: 0
  43: 0
  44: 0
  45: 0
  46: 0
  47: 0
  48: 0
  49: 0
  50: 0
  51: 0
  52: 0
  53: 0
  54: 0
  55: 0
  56: 0
  57: 0
  58: 0
  59: 0
  60: 0
  61: 0
  62: 0
  63: 0
 procInstrs: # Per-process instructions
  0: 4062699954
  1: 0
  2: 0
  3: 0
  4: 0
  5: 0
  6: 0
  7: 0
  8: 0
  9: 0
  10: 0
  11: 0
  12: 0
  13: 0
  14: 0
  15: 0
  16: 0
  17: 0
  18: 0
  19: 0
  20: 0
  21: 0
  22: 0
  23: 0
  24: 0
  25: 0
  26: 0
  27: 0
  28: 0
  29: 0
  30: 0
  31: 0
  32: 0
  33: 0
  34: 0
  35: 0
  36: 0
  37: 0
  38: 0
  39: 0
  40: 0
  41: 0
  42: 0
  43: 0
  44: 0
  45: 0
  46: 0
  47: 0
  48: 0
  49: 0
  50: 0
  51: 0
  52: 0
  53: 0
  54: 0
  55: 0
  56: 0
  57: 0
  58: 0
  59: 0
  60: 0
  61: 0
  62: 0
  63: 0
 heartbeats: # Per-process heartbeats
  0: 0
  1: 0
  2: 0
  3: 0
  4: 0
  5: 0
  6: 0
  7: 0
  8: 0
  9: 0
  10: 0
  11: 0
  12: 0
  13: 0
  14: 0
  15: 0
  16: 0
  17: 0
  18: 0
  19: 0
  20: 0
  21: 0
  22: 0
  23: 0
  24: 0
  25: 0
  26: 0
  27: 0
  28: 0
  29: 0
  30: 0
  31: 0
  32: 0
  33: 0
  34: 0
  35: 0
  36: 0
  37: 0
  38: 0
  39: 0
  40: 0
  41: 0
  42: 0
  43: 0
  44: 0
  45: 0
  46: 0
  47: 0
  48: 0
  49: 0
  50: 0
  51: 0
  52: 0
  53: 0
  54: 0
  55: 0
  56: 0
  57: 0
  58: 0
  59: 0
  60: 0
  61: 0
  62: 0
  63: 0
===
