# zsim stats
===
root: # Stats
 contention: # Contention simulation stats
  domain-0: # Domain stats
   time: 17171316121 # Weave simulation time
 time: # Simulator time breakdown
  init: 31631352719
  bound: 47578108690
  weave: 18689302342
  ff: 7942191
 trigger: 20000 # Reason for this stats dump
 phase: 61865 # Simulated phases
 westmere: # Core stats
  westmere-0: # Core stats
   cycles: 609949615 # Simulated unhalted cycles
   cCycles: 116688134 # Cycles due to contention stalls
   instrs: 215311876 # Simulated instructions
   uops: 272209386 # Retired micro-ops
   bbls: 21787010 # Basic blocks
   approxInstrs: 15796819 # Instrs with approx uop decoding
   mispredBranches: 798934 # Mispredicted branches
   condBranches: 13968590 # conditional branches
  westmere-1: # Core stats
   cycles: 610234488 # Simulated unhalted cycles
   cCycles: 116782276 # Cycles due to contention stalls
   instrs: 215268815 # Simulated instructions
   uops: 272155308 # Retired micro-ops
   bbls: 21785496 # Basic blocks
   approxInstrs: 15795829 # Instrs with approx uop decoding
   mispredBranches: 798838 # Mispredicted branches
   condBranches: 13967706 # conditional branches
  westmere-2: # Core stats
   cycles: 609290785 # Simulated unhalted cycles
   cCycles: 116612028 # Cycles due to contention stalls
   instrs: 215067925 # Simulated instructions
   uops: 271899531 # Retired micro-ops
   bbls: 21772215 # Basic blocks
   approxInstrs: 15773019 # Instrs with approx uop decoding
   mispredBranches: 798509 # Mispredicted branches
   condBranches: 13957761 # conditional branches
  westmere-3: # Core stats
   cycles: 609227646 # Simulated unhalted cycles
   cCycles: 116596959 # Cycles due to contention stalls
   instrs: 215150664 # Simulated instructions
   uops: 271975435 # Retired micro-ops
   bbls: 21784426 # Basic blocks
   approxInstrs: 15772497 # Instrs with approx uop decoding
   mispredBranches: 797076 # Mispredicted branches
   condBranches: 13966376 # conditional branches
  westmere-4: # Core stats
   cycles: 610248178 # Simulated unhalted cycles
   cCycles: 116702872 # Cycles due to contention stalls
   instrs: 215504175 # Simulated instructions
   uops: 272452840 # Retired micro-ops
   bbls: 21805085 # Basic blocks
   approxInstrs: 15815987 # Instrs with approx uop decoding
   mispredBranches: 800264 # Mispredicted branches
   condBranches: 13980887 # conditional branches
  westmere-5: # Core stats
   cycles: 610004892 # Simulated unhalted cycles
   cCycles: 116673374 # Cycles due to contention stalls
   instrs: 215355574 # Simulated instructions
   uops: 272273913 # Retired micro-ops
   bbls: 21786696 # Basic blocks
   approxInstrs: 15805499 # Instrs with approx uop decoding
   mispredBranches: 798647 # Mispredicted branches
   condBranches: 13968165 # conditional branches
  westmere-6: # Core stats
   cycles: 609335107 # Simulated unhalted cycles
   cCycles: 116602140 # Cycles due to contention stalls
   instrs: 215142743 # Simulated instructions
   uops: 271999649 # Retired micro-ops
   bbls: 21774199 # Basic blocks
   approxInstrs: 15783145 # Instrs with approx uop decoding
   mispredBranches: 799308 # Mispredicted branches
   condBranches: 13958606 # conditional branches
  westmere-7: # Core stats
   cycles: 609056246 # Simulated unhalted cycles
   cCycles: 116509910 # Cycles due to contention stalls
   instrs: 215149427 # Simulated instructions
   uops: 271995521 # Retired micro-ops
   bbls: 21780316 # Basic blocks
   approxInstrs: 15778121 # Instrs with approx uop decoding
   mispredBranches: 799585 # Mispredicted branches
   condBranches: 13962530 # conditional branches
 l1i: # Cache stats
  l1i-0: # Filter cache stats
   fhGETS: 30448838 # Filtered GETS hits
   fhGETX: 0 # Filtered GETX hits
   hGETS: 526392 # GETS hits
   hGETX: 0 # GETX hits
   mGETS: 428 # GETS misses
   mGETXIM: 0 # GETX I->M misses
   mGETXSM: 0 # GETX S->M misses (upgrade misses)
   PUTS: 0 # Clean evictions (from lower level)
   PUTX: 0 # Dirty evictions (from lower level)
   INV: 37 # Invalidates (from upper level)
   INVX: 0 # Downgrades (from upper level)
   FWD: 0 # Forwards (from upper level)
   latGETnl: 27824 # GET request latency on next level
   latGETnet: 0 # GET request latency on network to next level
  l1i-1: # Filter cache stats
   fhGETS: 30444805 # Filtered GETS hits
   fhGETX: 0 # Filtered GETX hits
   hGETS: 526219 # GETS hits
   hGETX: 0 # GETX hits
   mGETS: 478 # GETS misses
   mGETXIM: 0 # GETX I->M misses
   mGETXSM: 0 # GETX S->M misses (upgrade misses)
   PUTS: 0 # Clean evictions (from lower level)
   PUTX: 0 # Dirty evictions (from lower level)
   INV: 27 # Invalidates (from upper level)
   INVX: 0 # Downgrades (from upper level)
   FWD: 0 # Forwards (from upper level)
   latGETnl: 29818 # GET request latency on next level
   latGETnet: 0 # GET request latency on network to next level
  l1i-2: # Filter cache stats
   fhGETS: 30425690 # Filtered GETS hits
   fhGETX: 0 # Filtered GETX hits
   hGETS: 525612 # GETS hits
   hGETX: 0 # GETX hits
   mGETS: 491 # GETS misses
   mGETXIM: 0 # GETX I->M misses
   mGETXSM: 0 # GETX S->M misses (upgrade misses)
   PUTS: 0 # Clean evictions (from lower level)
   PUTX: 0 # Dirty evictions (from lower level)
   INV: 38 # Invalidates (from upper level)
   INVX: 0 # Downgrades (from upper level)
   FWD: 0 # Forwards (from upper level)
   latGETnl: 19370 # GET request latency on next level
   latGETnet: 0 # GET request latency on network to next level
  l1i-3: # Filter cache stats
   fhGETS: 30432069 # Filtered GETS hits
   fhGETX: 0 # Filtered GETX hits
   hGETS: 526313 # GETS hits
   hGETX: 0 # GETX hits
   mGETS: 593 # GETS misses
   mGETXIM: 0 # GETX I->M misses
   mGETXSM: 0 # GETX S->M misses (upgrade misses)
   PUTS: 0 # Clean evictions (from lower level)
   PUTX: 0 # Dirty evictions (from lower level)
   INV: 36 # Invalidates (from upper level)
   INVX: 0 # Downgrades (from upper level)
   FWD: 0 # Forwards (from upper level)
   latGETnl: 45272 # GET request latency on next level
   latGETnet: 0 # GET request latency on network to next level
  l1i-4: # Filter cache stats
   fhGETS: 30477618 # Filtered GETS hits
   fhGETX: 0 # Filtered GETX hits
   hGETS: 526776 # GETS hits
   hGETX: 0 # GETX hits
   mGETS: 477 # GETS misses
   mGETXIM: 0 # GETX I->M misses
   mGETXSM: 0 # GETX S->M misses (upgrade misses)
   PUTS: 0 # Clean evictions (from lower level)
   PUTX: 0 # Dirty evictions (from lower level)
   INV: 32 # Invalidates (from upper level)
   INVX: 0 # Downgrades (from upper level)
   FWD: 0 # Forwards (from upper level)
   latGETnl: 18084 # GET request latency on next level
   latGETnet: 0 # GET request latency on network to next level
  l1i-5: # Filter cache stats
   fhGETS: 30446610 # Filtered GETS hits
   fhGETX: 0 # Filtered GETX hits
   hGETS: 526571 # GETS hits
   hGETX: 0 # GETX hits
   mGETS: 333 # GETS misses
   mGETXIM: 0 # GETX I->M misses
   mGETXSM: 0 # GETX S->M misses (upgrade misses)
   PUTS: 0 # Clean evictions (from lower level)
   PUTX: 0 # Dirty evictions (from lower level)
   INV: 23 # Invalidates (from upper level)
   INVX: 0 # Downgrades (from upper level)
   FWD: 0 # Forwards (from upper level)
   latGETnl: 12828 # GET request latency on next level
   latGETnet: 0 # GET request latency on network to next level
  l1i-6: # Filter cache stats
   fhGETS: 30432939 # Filtered GETS hits
   fhGETX: 0 # Filtered GETX hits
   hGETS: 525740 # GETS hits
   hGETX: 0 # GETX hits
   mGETS: 332 # GETS misses
   mGETXIM: 0 # GETX I->M misses
   mGETXSM: 0 # GETX S->M misses (upgrade misses)
   PUTS: 0 # Clean evictions (from lower level)
   PUTX: 0 # Dirty evictions (from lower level)
   INV: 27 # Invalidates (from upper level)
   INVX: 0 # Downgrades (from upper level)
   FWD: 0 # Forwards (from upper level)
   latGETnl: 14774 # GET request latency on next level
   latGETnet: 0 # GET request latency on network to next level
  l1i-7: # Filter cache stats
   fhGETS: 30439411 # Filtered GETS hits
   fhGETX: 0 # Filtered GETX hits
   hGETS: 526921 # GETS hits
   hGETX: 0 # GETX hits
   mGETS: 465 # GETS misses
   mGETXIM: 0 # GETX I->M misses
   mGETXSM: 0 # GETX S->M misses (upgrade misses)
   PUTS: 0 # Clean evictions (from lower level)
   PUTX: 0 # Dirty evictions (from lower level)
   INV: 28 # Invalidates (from upper level)
   INVX: 0 # Downgrades (from upper level)
   FWD: 0 # Forwards (from upper level)
   latGETnl: 16170 # GET request latency on next level
   latGETnet: 0 # GET request latency on network to next level
 l1d: # Cache stats
  l1d-0: # Filter cache stats
   fhGETS: 46049237 # Filtered GETS hits
   fhGETX: 10742731 # Filtered GETX hits
   hGETS: 5852095 # GETS hits
   hGETX: 3717994 # GETX hits
   mGETS: 4692075 # GETS misses
   mGETXIM: 233 # GETX I->M misses
   mGETXSM: 56642 # GETX S->M misses (upgrade misses)
   PUTS: 0 # Clean evictions (from lower level)
   PUTX: 0 # Dirty evictions (from lower level)
   INV: 8058 # Invalidates (from upper level)
   INVX: 45791 # Downgrades (from upper level)
   FWD: 0 # Forwards (from upper level)
   latGETnl: 390342527 # GET request latency on next level
   latGETnet: 0 # GET request latency on network to next level
  l1d-1: # Filter cache stats
   fhGETS: 46023081 # Filtered GETS hits
   fhGETX: 10737509 # Filtered GETX hits
   hGETS: 5871582 # GETS hits
   hGETX: 3717989 # GETX hits
   mGETS: 4692862 # GETS misses
   mGETXIM: 187 # GETX I->M misses
   mGETXSM: 56439 # GETX S->M misses (upgrade misses)
   PUTS: 0 # Clean evictions (from lower level)
   PUTX: 0 # Dirty evictions (from lower level)
   INV: 8029 # Invalidates (from upper level)
   INVX: 46034 # Downgrades (from upper level)
   FWD: 0 # Forwards (from upper level)
   latGETnl: 390569790 # GET request latency on next level
   latGETnet: 0 # GET request latency on network to next level
  l1d-2: # Filter cache stats
   fhGETS: 45996401 # Filtered GETS hits
   fhGETX: 10739538 # Filtered GETX hits
   hGETS: 5843952 # GETS hits
   hGETX: 3714460 # GETX hits
   mGETS: 4685144 # GETS misses
   mGETXIM: 160 # GETX I->M misses
   mGETXSM: 55795 # GETX S->M misses (upgrade misses)
   PUTS: 0 # Clean evictions (from lower level)
   PUTX: 0 # Dirty evictions (from lower level)
   INV: 7954 # Invalidates (from upper level)
   INVX: 46068 # Downgrades (from upper level)
   FWD: 0 # Forwards (from upper level)
   latGETnl: 389872844 # GET request latency on next level
   latGETnet: 0 # GET request latency on network to next level
  l1d-3: # Filter cache stats
   fhGETS: 46002087 # Filtered GETS hits
   fhGETX: 10746203 # Filtered GETX hits
   hGETS: 5848306 # GETS hits
   hGETX: 3714292 # GETX hits
   mGETS: 4685783 # GETS misses
   mGETXIM: 207 # GETX I->M misses
   mGETXSM: 56359 # GETX S->M misses (upgrade misses)
   PUTS: 0 # Clean evictions (from lower level)
   PUTX: 0 # Dirty evictions (from lower level)
   INV: 8005 # Invalidates (from upper level)
   INVX: 45538 # Downgrades (from upper level)
   FWD: 0 # Forwards (from upper level)
   latGETnl: 389927482 # GET request latency on next level
   latGETnet: 0 # GET request latency on network to next level
  l1d-4: # Filter cache stats
   fhGETS: 46103921 # Filtered GETS hits
   fhGETX: 10743379 # Filtered GETX hits
   hGETS: 5847146 # GETS hits
   hGETX: 3722874 # GETX hits
   mGETS: 4697098 # GETS misses
   mGETXIM: 153 # GETX I->M misses
   mGETXSM: 56583 # GETX S->M misses (upgrade misses)
   PUTS: 0 # Clean evictions (from lower level)
   PUTX: 0 # Dirty evictions (from lower level)
   INV: 7794 # Invalidates (from upper level)
   INVX: 45601 # Downgrades (from upper level)
   FWD: 0 # Forwards (from upper level)
   latGETnl: 390663152 # GET request latency on next level
   latGETnet: 0 # GET request latency on network to next level
  l1d-5: # Filter cache stats
   fhGETS: 46071820 # Filtered GETS hits
   fhGETX: 10738646 # Filtered GETX hits
   hGETS: 5846739 # GETS hits
   hGETX: 3718910 # GETX hits
   mGETS: 4694954 # GETS misses
   mGETXIM: 114 # GETX I->M misses
   mGETXSM: 56971 # GETX S->M misses (upgrade misses)
   PUTS: 0 # Clean evictions (from lower level)
   PUTX: 0 # Dirty evictions (from lower level)
   INV: 7952 # Invalidates (from upper level)
   INVX: 45765 # Downgrades (from upper level)
   FWD: 0 # Forwards (from upper level)
   latGETnl: 390344269 # GET request latency on next level
   latGETnet: 0 # GET request latency on network to next level
  l1d-6: # Filter cache stats
   fhGETS: 46000685 # Filtered GETS hits
   fhGETX: 10738394 # Filtered GETX hits
   hGETS: 5862186 # GETS hits
   hGETX: 3715537 # GETX hits
   mGETS: 4688589 # GETS misses
   mGETXIM: 118 # GETX I->M misses
   mGETXSM: 56190 # GETX S->M misses (upgrade misses)
   PUTS: 0 # Clean evictions (from lower level)
   PUTX: 0 # Dirty evictions (from lower level)
   INV: 7995 # Invalidates (from upper level)
   INVX: 45923 # Downgrades (from upper level)
   FWD: 0 # Forwards (from upper level)
   latGETnl: 389957097 # GET request latency on next level
   latGETnet: 0 # GET request latency on network to next level
  l1d-7: # Filter cache stats
   fhGETS: 46002255 # Filtered GETS hits
   fhGETX: 10742626 # Filtered GETX hits
   hGETS: 5855508 # GETS hits
   hGETX: 3715101 # GETX hits
   mGETS: 4686651 # GETS misses
   mGETXIM: 163 # GETX I->M misses
   mGETXSM: 56616 # GETX S->M misses (upgrade misses)
   PUTS: 0 # Clean evictions (from lower level)
   PUTX: 0 # Dirty evictions (from lower level)
   INV: 8001 # Invalidates (from upper level)
   INVX: 46031 # Downgrades (from upper level)
   FWD: 0 # Forwards (from upper level)
   latGETnl: 389725087 # GET request latency on next level
   latGETnet: 0 # GET request latency on network to next level
 l2: # Cache stats
  l2-0: # Cache stats
   hGETS: 193864 # GETS hits
   hGETX: 53 # GETX hits
   mGETS: 4498639 # GETS misses
   mGETXIM: 184 # GETX I->M misses
   mGETXSM: 56638 # GETX S->M misses (upgrade misses)
   PUTS: 2661561 # Clean evictions (from lower level)
   PUTX: 2022214 # Dirty evictions (from lower level)
   INV: 56426 # Invalidates (from upper level)
   INVX: 321124 # Downgrades (from upper level)
   FWD: 0 # Forwards (from upper level)
   latGETnl: 342876571 # GET request latency on next level
   latGETnet: 0 # GET request latency on network to next level
  l2-1: # Cache stats
   hGETS: 192660 # GETS hits
   hGETX: 51 # GETX hits
   mGETS: 4500680 # GETS misses
   mGETXIM: 139 # GETX I->M misses
   mGETXSM: 56436 # GETX S->M misses (upgrade misses)
   PUTS: 2662420 # Clean evictions (from lower level)
   PUTX: 2022139 # Dirty evictions (from lower level)
   INV: 56038 # Invalidates (from upper level)
   INVX: 318047 # Downgrades (from upper level)
   FWD: 0 # Forwards (from upper level)
   latGETnl: 343099948 # GET request latency on next level
   latGETnet: 0 # GET request latency on network to next level
  l2-2: # Cache stats
   hGETS: 192708 # GETS hits
   hGETX: 46 # GETX hits
   mGETS: 4492927 # GETS misses
   mGETXIM: 117 # GETX I->M misses
   mGETXSM: 55792 # GETX S->M misses (upgrade misses)
   PUTS: 2657638 # Clean evictions (from lower level)
   PUTX: 2019249 # Dirty evictions (from lower level)
   INV: 55436 # Invalidates (from upper level)
   INVX: 317536 # Downgrades (from upper level)
   FWD: 0 # Forwards (from upper level)
   latGETnl: 342476314 # GET request latency on next level
   latGETnet: 0 # GET request latency on network to next level
  l2-3: # Cache stats
   hGETS: 192612 # GETS hits
   hGETX: 48 # GETX hits
   mGETS: 4493764 # GETS misses
   mGETXIM: 162 # GETX I->M misses
   mGETXSM: 56356 # GETX S->M misses (upgrade misses)
   PUTS: 2658124 # Clean evictions (from lower level)
   PUTX: 2019446 # Dirty evictions (from lower level)
   INV: 56266 # Invalidates (from upper level)
   INVX: 318308 # Downgrades (from upper level)
   FWD: 0 # Forwards (from upper level)
   latGETnl: 342543334 # GET request latency on next level
   latGETnet: 0 # GET request latency on network to next level
  l2-4: # Cache stats
   hGETS: 193062 # GETS hits
   hGETX: 51 # GETX hits
   mGETS: 4504513 # GETS misses
   mGETXIM: 105 # GETX I->M misses
   mGETXSM: 56580 # GETX S->M misses (upgrade misses)
   PUTS: 2664089 # Clean evictions (from lower level)
   PUTX: 2024896 # Dirty evictions (from lower level)
   INV: 56100 # Invalidates (from upper level)
   INVX: 319452 # Downgrades (from upper level)
   FWD: 0 # Forwards (from upper level)
   latGETnl: 343138126 # GET request latency on next level
   latGETnet: 0 # GET request latency on network to next level
  l2-5: # Cache stats
   hGETS: 197695 # GETS hits
   hGETX: 47 # GETX hits
   mGETS: 4497592 # GETS misses
   mGETXIM: 71 # GETX I->M misses
   mGETXSM: 56967 # GETX S->M misses (upgrade misses)
   PUTS: 2663318 # Clean evictions (from lower level)
   PUTX: 2023311 # Dirty evictions (from lower level)
   INV: 57490 # Invalidates (from upper level)
   INVX: 326517 # Downgrades (from upper level)
   FWD: 0 # Forwards (from upper level)
   latGETnl: 342833377 # GET request latency on next level
   latGETnet: 0 # GET request latency on network to next level
  l2-6: # Cache stats
   hGETS: 197769 # GETS hits
   hGETX: 54 # GETX hits
   mGETS: 4491152 # GETS misses
   mGETXIM: 66 # GETX I->M misses
   mGETXSM: 56188 # GETX S->M misses (upgrade misses)
   PUTS: 2659700 # Clean evictions (from lower level)
   PUTX: 2020523 # Dirty evictions (from lower level)
   INV: 57784 # Invalidates (from upper level)
   INVX: 326582 # Downgrades (from upper level)
   FWD: 0 # Forwards (from upper level)
   latGETnl: 342519581 # GET request latency on next level
   latGETnet: 0 # GET request latency on network to next level
  l2-7: # Cache stats
   hGETS: 192272 # GETS hits
   hGETX: 55 # GETX hits
   mGETS: 4494844 # GETS misses
   mGETXIM: 112 # GETX I->M misses
   mGETXSM: 56612 # GETX S->M misses (upgrade misses)
   PUTS: 2658366 # Clean evictions (from lower level)
   PUTX: 2019976 # Dirty evictions (from lower level)
   INV: 56460 # Invalidates (from upper level)
   INVX: 319529 # Downgrades (from upper level)
   FWD: 0 # Forwards (from upper level)
   latGETnl: 342302307 # GET request latency on next level
   latGETnet: 0 # GET request latency on network to next level
 l3: # Cache stats
  l3-0b0: # Cache stats
   hGETS: 1937539 # GETS hits
   hGETX: 56983 # GETX hits
   mGETS: 2555170 # GETS misses
   mGETXIM: 97 # GETX I->M misses
   mGETXSM: 0 # GETX S->M misses (upgrade misses)
   PUTS: 2514542 # Clean evictions (from lower level)
   PUTX: 1917216 # Dirty evictions (from lower level)
   INV: 0 # Invalidates (from upper level)
   INVX: 0 # Downgrades (from upper level)
   FWD: 0 # Forwards (from upper level)
   latGETnl: 229974030 # GET request latency on next level
   latGETnet: 0 # GET request latency on network to next level
  l3-0b1: # Cache stats
   hGETS: 1958404 # GETS hits
   hGETX: 56391 # GETX hits
   mGETS: 2551781 # GETS misses
   mGETXIM: 86 # GETX I->M misses
   mGETXSM: 0 # GETX S->M misses (upgrade misses)
   PUTS: 2531029 # Clean evictions (from lower level)
   PUTX: 1918714 # Dirty evictions (from lower level)
   INV: 0 # Invalidates (from upper level)
   INVX: 0 # Downgrades (from upper level)
   FWD: 0 # Forwards (from upper level)
   latGETnl: 229668030 # GET request latency on next level
   latGETnet: 0 # GET request latency on network to next level
  l3-0b2: # Cache stats
   hGETS: 1947954 # GETS hits
   hGETX: 55894 # GETX hits
   mGETS: 2550404 # GETS misses
   mGETXIM: 99 # GETX I->M misses
   mGETXSM: 0 # GETX S->M misses (upgrade misses)
   PUTS: 2522590 # Clean evictions (from lower level)
   PUTX: 1915875 # Dirty evictions (from lower level)
   INV: 0 # Invalidates (from upper level)
   INVX: 0 # Downgrades (from upper level)
   FWD: 0 # Forwards (from upper level)
   latGETnl: 229545270 # GET request latency on next level
   latGETnet: 0 # GET request latency on network to next level
  l3-0b3: # Cache stats
   hGETS: 1947659 # GETS hits
   hGETX: 56364 # GETX hits
   mGETS: 2551584 # GETS misses
   mGETXIM: 111 # GETX I->M misses
   mGETXSM: 0 # GETX S->M misses (upgrade misses)
   PUTS: 2525163 # Clean evictions (from lower level)
   PUTX: 1913866 # Dirty evictions (from lower level)
   INV: 0 # Invalidates (from upper level)
   INVX: 0 # Downgrades (from upper level)
   FWD: 0 # Forwards (from upper level)
   latGETnl: 229652550 # GET request latency on next level
   latGETnet: 0 # GET request latency on network to next level
  l3-0b4: # Cache stats
   hGETS: 1941893 # GETS hits
   hGETX: 55927 # GETX hits
   mGETS: 2550618 # GETS misses
   mGETXIM: 103 # GETX I->M misses
   mGETXSM: 0 # GETX S->M misses (upgrade misses)
   PUTS: 2516629 # Clean evictions (from lower level)
   PUTX: 1915962 # Dirty evictions (from lower level)
   INV: 0 # Invalidates (from upper level)
   INVX: 0 # Downgrades (from upper level)
   FWD: 0 # Forwards (from upper level)
   latGETnl: 229564890 # GET request latency on next level
   latGETnet: 0 # GET request latency on network to next level
  l3-0b5: # Cache stats
   hGETS: 1945771 # GETS hits
   hGETX: 58034 # GETX hits
   mGETS: 2551552 # GETS misses
   mGETXIM: 92 # GETX I->M misses
   mGETXSM: 0 # GETX S->M misses (upgrade misses)
   PUTS: 2525148 # Clean evictions (from lower level)
   PUTX: 1910121 # Dirty evictions (from lower level)
   INV: 0 # Invalidates (from upper level)
   INVX: 0 # Downgrades (from upper level)
   FWD: 0 # Forwards (from upper level)
   latGETnl: 229647960 # GET request latency on next level
   latGETnet: 0 # GET request latency on network to next level
  l3-0b6: # Cache stats
   hGETS: 1935778 # GETS hits
   hGETX: 55792 # GETX hits
   mGETS: 2549107 # GETS misses
   mGETXIM: 108 # GETX I->M misses
   mGETXSM: 0 # GETX S->M misses (upgrade misses)
   PUTS: 2518664 # Clean evictions (from lower level)
   PUTX: 1906469 # Dirty evictions (from lower level)
   INV: 0 # Invalidates (from upper level)
   INVX: 0 # Downgrades (from upper level)
   FWD: 0 # Forwards (from upper level)
   latGETnl: 229429350 # GET request latency on next level
   latGETnet: 0 # GET request latency on network to next level
  l3-0b7: # Cache stats
   hGETS: 1949544 # GETS hits
   hGETX: 56337 # GETX hits
   mGETS: 2549353 # GETS misses
   mGETXIM: 107 # GETX I->M misses
   mGETXSM: 0 # GETX S->M misses (upgrade misses)
   PUTS: 2523796 # Clean evictions (from lower level)
   PUTX: 1914666 # Dirty evictions (from lower level)
   INV: 0 # Invalidates (from upper level)
   INVX: 0 # Downgrades (from upper level)
   FWD: 0 # Forwards (from upper level)
   latGETnl: 229451400 # GET request latency on next level
   latGETnet: 0 # GET request latency on network to next level
 mem: # Memory controller stats
  mem-0: # Memory controller stats
   rd: 5103708 # Read requests
   wr: 3300116 # Write requests
   rdlat: 716933957 # Total latency experienced by read requests
   wrlat: 540192433 # Total latency experienced by write requests
   rdhits: 7601 # Read row hits
   wrhits: 9462 # Write row hits
   mlh: # latency histogram for memory requests
    0: 0
    1: 0
    2: 0
    3: 0
    4: 0
    5: 0
    6: 0
    7: 0
    8: 0
    9: 1
    10: 1
    11: 1383
    12: 1484
    13: 3977999
    14: 450503
    15: 289996
    16: 147788
    17: 27822
    18: 20936
    19: 20465
    20: 20171
    21: 19694
    22: 17509
    23: 19189
    24: 20048
    25: 9558
    26: 2039
    27: 1898
    28: 2263
    29: 2324
    30: 2638
    31: 2710
    32: 2955
    33: 3100
    34: 3011
    35: 3124
    36: 3399
    37: 3345
    38: 3072
    39: 3135
    40: 3146
    41: 3330
    42: 3463
    43: 2534
    44: 1812
    45: 1673
    46: 1434
    47: 1287
    48: 686
    49: 183
    50: 154
    51: 115
    52: 86
    53: 66
    54: 58
    55: 42
    56: 25
    57: 20
    58: 17
    59: 9
    60: 1
    61: 2
    62: 1
    63: 2
    64: 0
    65: 1
    66: 0
    67: 0
    68: 0
    69: 0
    70: 0
    71: 0
    72: 0
    73: 0
    74: 1
    75: 0
    76: 0
    77: 0
    78: 0
    79: 0
    80: 0
    81: 0
    82: 0
    83: 0
    84: 0
    85: 0
    86: 0
    87: 0
    88: 0
    89: 0
    90: 0
    91: 0
    92: 0
    93: 0
    94: 0
    95: 0
    96: 0
    97: 0
    98: 0
    99: 0
  mem-1: # Memory controller stats
   rd: 5103480 # Read requests
   wr: 3302991 # Write requests
   rdlat: 717059652 # Total latency experienced by read requests
   wrlat: 540700606 # Total latency experienced by write requests
   rdhits: 7864 # Read row hits
   wrhits: 9302 # Write row hits
   mlh: # latency histogram for memory requests
    0: 0
    1: 0
    2: 0
    3: 0
    4: 0
    5: 0
    6: 0
    7: 0
    8: 0
    9: 0
    10: 0
    11: 1431
    12: 1641
    13: 3975558
    14: 448850
    15: 291299
    16: 149144
    17: 28088
    18: 21149
    19: 20674
    20: 20301
    21: 19611
    22: 17315
    23: 19179
    24: 20339
    25: 9371
    26: 1911
    27: 1926
    28: 2324
    29: 2279
    30: 2658
    31: 2833
    32: 3142
    33: 3181
    34: 3041
    35: 3253
    36: 3294
    37: 3243
    38: 3012
    39: 3205
    40: 3125
    41: 3343
    42: 3516
    43: 2667
    44: 1878
    45: 1648
    46: 1357
    47: 1246
    48: 726
    49: 183
    50: 118
    51: 93
    52: 93
    53: 71
    54: 56
    55: 45
    56: 26
    57: 13
    58: 9
    59: 8
    60: 0
    61: 2
    62: 2
    63: 2
    64: 0
    65: 0
    66: 0
    67: 0
    68: 1
    69: 0
    70: 0
    71: 0
    72: 0
    73: 0
    74: 0
    75: 0
    76: 0
    77: 0
    78: 0
    79: 0
    80: 0
    81: 0
    82: 0
    83: 0
    84: 0
    85: 0
    86: 0
    87: 0
    88: 0
    89: 0
    90: 0
    91: 0
    92: 0
    93: 0
    94: 0
    95: 0
    96: 0
    97: 0
    98: 0
    99: 0
  mem-2: # Memory controller stats
   rd: 5106052 # Read requests
   wr: 3300822 # Write requests
   rdlat: 717399492 # Total latency experienced by read requests
   wrlat: 540608416 # Total latency experienced by write requests
   rdhits: 7729 # Read row hits
   wrhits: 9678 # Write row hits
   mlh: # latency histogram for memory requests
    0: 0
    1: 0
    2: 0
    3: 0
    4: 0
    5: 0
    6: 0
    7: 0
    8: 0
    9: 0
    10: 1
    11: 1351
    12: 1654
    13: 3978466
    14: 449519
    15: 291163
    16: 148118
    17: 27732
    18: 20966
    19: 20649
    20: 20194
    21: 19953
    22: 17561
    23: 19528
    24: 20311
    25: 9514
    26: 2012
    27: 1940
    28: 2254
    29: 2346
    30: 2612
    31: 2708
    32: 3088
    33: 3064
    34: 3079
    35: 3164
    36: 3312
    37: 3272
    38: 3248
    39: 3117
    40: 3178
    41: 3489
    42: 3348
    43: 2547
    44: 1894
    45: 1629
    46: 1453
    47: 1252
    48: 643
    49: 185
    50: 153
    51: 94
    52: 72
    53: 61
    54: 62
    55: 31
    56: 24
    57: 12
    58: 14
    59: 8
    60: 2
    61: 0
    62: 1
    63: 1
    64: 1
    65: 1
    66: 0
    67: 0
    68: 0
    69: 0
    70: 0
    71: 0
    72: 0
    73: 0
    74: 1
    75: 0
    76: 0
    77: 0
    78: 0
    79: 0
    80: 0
    81: 0
    82: 0
    83: 0
    84: 0
    85: 0
    86: 0
    87: 0
    88: 0
    89: 0
    90: 0
    91: 0
    92: 0
    93: 0
    94: 0
    95: 0
    96: 0
    97: 0
    98: 0
    99: 0
  mem-3: # Memory controller stats
   rd: 5097113 # Read requests
   wr: 3301166 # Write requests
   rdlat: 715880792 # Total latency experienced by read requests
   wrlat: 540433359 # Total latency experienced by write requests
   rdhits: 7674 # Read row hits
   wrhits: 9308 # Write row hits
   mlh: # latency histogram for memory requests
    0: 0
    1: 0
    2: 0
    3: 0
    4: 0
    5: 0
    6: 0
    7: 0
    8: 0
    9: 2
    10: 0
    11: 1429
    12: 1549
    13: 3974713
    14: 447334
    15: 290482
    16: 147303
    17: 27734
    18: 21146
    19: 20819
    20: 20095
    21: 19495
    22: 17341
    23: 19418
    24: 20183
    25: 9537
    26: 1947
    27: 1883
    28: 2272
    29: 2243
    30: 2637
    31: 2770
    32: 3080
    33: 3025
    34: 2979
    35: 3041
    36: 3306
    37: 3387
    38: 3142
    39: 3172
    40: 3037
    41: 3292
    42: 3310
    43: 2510
    44: 1768
    45: 1585
    46: 1472
    47: 1269
    48: 758
    49: 158
    50: 108
    51: 105
    52: 83
    53: 59
    54: 47
    55: 28
    56: 25
    57: 9
    58: 8
    59: 5
    60: 4
    61: 3
    62: 2
    63: 2
    64: 1
    65: 0
    66: 1
    67: 0
    68: 0
    69: 0
    70: 0
    71: 0
    72: 0
    73: 0
    74: 0
    75: 0
    76: 0
    77: 0
    78: 0
    79: 0
    80: 0
    81: 0
    82: 0
    83: 0
    84: 0
    85: 0
    86: 0
    87: 0
    88: 0
    89: 0
    90: 0
    91: 0
    92: 0
    93: 0
    94: 0
    95: 0
    96: 0
    97: 0
    98: 0
    99: 0
 sched: # Scheduler stats
  thCr: 9 # Threads created
  thFn: 9 # Threads finished
  schedEvs: 17 # Schedule events
  waitEvs: 0 # Wait events
  handoffEvs: 0 # Handoff events
  sleepEvs: 0 # Sleep events
  idlePhases: 0 # Phases with no thread active
  idlePeriods: 0 # Periods with no thread active
  occHist: # Occupancy histogram
   0: 0
   1: 3
   2: 1
   3: 0
   4: 0
   5: 0
   6: 0
   7: 1
   8: 61860
  rqSzHist: # Run queue size histogram
   0: 61865
   1: 0
   2: 0
   3: 0
   4: 0
   5: 0
   6: 0
   7: 0
   8: 0
   9: 0
   10: 0
   11: 0
   12: 0
   13: 0
   14: 0
   15: 0
   16: 0
 procCycles: # Per-process unhalted core cycles
  0: 4877340101
  1: 0
  2: 0
  3: 0
  4: 0
  5: 0
  6: 0
  7: 0
  8: 0
  9: 0
  10: 0
  11: 0
  12: 0
  13: 0
  14: 0
  15: 0
  16: 0
  17: 0
  18: 0
  19: 0
  20: 0
  21: 0
  22: 0
  23: 0
  24: 0
  25: 0
  26: 0
  27: 0
  28: 0
  29: 0
  30: 0
  31: 0
  32: 0
  33: 0
  34: 0
  35: 0
  36: 0
  37: 0
  38: 0
  39: 0
  40: 0
  41: 0
  42: 0
  43: 0
  44: 0
  45: 0
  46: 0
  47: 0
  48: 0
  49: 0
  50: 0
  51: 0
  52: 0
  53: 0
  54: 0
  55: 0
  56: 0
  57: 0
  58: 0
  59: 0
  60: 0
  61: 0
  62: 0
  63: 0
 procInstrs: # Per-process instructions
  0: 1721951199
  1: 0
  2: 0
  3: 0
  4: 0
  5: 0
  6: 0
  7: 0
  8: 0
  9: 0
  10: 0
  11: 0
  12: 0
  13: 0
  14: 0
  15: 0
  16: 0
  17: 0
  18: 0
  19: 0
  20: 0
  21: 0
  22: 0
  23: 0
  24: 0
  25: 0
  26: 0
  27: 0
  28: 0
  29: 0
  30: 0
  31: 0
  32: 0
  33: 0
  34: 0
  35: 0
  36: 0
  37: 0
  38: 0
  39: 0
  40: 0
  41: 0
  42: 0
  43: 0
  44: 0
  45: 0
  46: 0
  47: 0
  48: 0
  49: 0
  50: 0
  51: 0
  52: 0
  53: 0
  54: 0
  55: 0
  56: 0
  57: 0
  58: 0
  59: 0
  60: 0
  61: 0
  62: 0
  63: 0
 heartbeats: # Per-process heartbeats
  0: 0
  1: 0
  2: 0
  3: 0
  4: 0
  5: 0
  6: 0
  7: 0
  8: 0
  9: 0
  10: 0
  11: 0
  12: 0
  13: 0
  14: 0
  15: 0
  16: 0
  17: 0
  18: 0
  19: 0
  20: 0
  21: 0
  22: 0
  23: 0
  24: 0
  25: 0
  26: 0
  27: 0
  28: 0
  29: 0
  30: 0
  31: 0
  32: 0
  33: 0
  34: 0
  35: 0
  36: 0
  37: 0
  38: 0
  39: 0
  40: 0
  41: 0
  42: 0
  43: 0
  44: 0
  45: 0
  46: 0
  47: 0
  48: 0
  49: 0
  50: 0
  51: 0
  52: 0
  53: 0
  54: 0
  55: 0
  56: 0
  57: 0
  58: 0
  59: 0
  60: 0
  61: 0
  62: 0
  63: 0
===
