# zsim stats
===
root: # Stats
 contention: # Contention simulation stats
  domain-0: # Domain stats
   time: 1524914838 # Weave simulation time
 time: # Simulator time breakdown
  init: 1446467644931
  bound: 9997003619
  weave: 1759670066
  ff: 0
 trigger: 20000 # Reason for this stats dump
 phase: 18943 # Simulated phases
 westmere: # Core stats
  westmere-0: # Core stats
   cycles: 189431625 # Simulated unhalted cycles
   cCycles: 35633626 # Cycles due to contention stalls
   instrs: 100003026 # Simulated instructions
   uops: 108915867 # Retired micro-ops
   bbls: 19845299 # Basic blocks
   approxInstrs: 1672514 # Instrs with approx uop decoding
   mispredBranches: 1185129 # Mispredicted branches
   condBranches: 18693236 # conditional branches
 l1i: # Cache stats
  l1i-0: # Filter cache stats
   fhGETS: 25900924 # Filtered GETS hits
   fhGETX: 0 # Filtered GETX hits
   hGETS: 187106 # GETS hits
   hGETX: 0 # GETX hits
   mGETS: 4859 # GETS misses
   mGETXIM: 0 # GETX I->M misses
   mGETXSM: 0 # GETX S->M misses (upgrade misses)
   PUTS: 0 # Clean evictions (from lower level)
   PUTX: 0 # Dirty evictions (from lower level)
   INV: 4830 # Invalidates (from upper level)
   INVX: 0 # Downgrades (from upper level)
   FWD: 0 # Forwards (from upper level)
   latGETnl: 602288 # GET request latency on next level
   latGETnet: 0 # GET request latency on network to next level
 l1d: # Cache stats
  l1d-0: # Filter cache stats
   fhGETS: 22422032 # Filtered GETS hits
   fhGETX: 4036082 # Filtered GETX hits
   hGETS: 2501338 # GETS hits
   hGETX: 2683763 # GETX hits
   mGETS: 3381603 # GETS misses
   mGETXIM: 691292 # GETX I->M misses
   mGETXSM: 0 # GETX S->M misses (upgrade misses)
   PUTS: 0 # Clean evictions (from lower level)
   PUTX: 0 # Dirty evictions (from lower level)
   INV: 865 # Invalidates (from upper level)
   INVX: 0 # Downgrades (from upper level)
   FWD: 0 # Forwards (from upper level)
   latGETnl: 298299926 # GET request latency on next level
   latGETnet: 0 # GET request latency on network to next level
 l2: # Cache stats
  l2-0: # Cache stats
   hGETS: 736178 # GETS hits
   hGETX: 105765 # GETX hits
   mGETS: 2650284 # GETS misses
   mGETXIM: 585527 # GETX I->M misses
   mGETXSM: 0 # GETX S->M misses (upgrade misses)
   PUTS: 2315110 # Clean evictions (from lower level)
   PUTX: 1756423 # Dirty evictions (from lower level)
   INV: 26836 # Invalidates (from upper level)
   INVX: 0 # Downgrades (from upper level)
   FWD: 0 # Forwards (from upper level)
   latGETnl: 258124674 # GET request latency on next level
   latGETnet: 0 # GET request latency on network to next level
 l3: # Cache stats
  l3-0: # Cache stats
   hGETS: 1021300 # GETS hits
   hGETX: 209342 # GETX hits
   mGETS: 1628984 # GETS misses
   mGETXIM: 376185 # GETX I->M misses
   mGETXSM: 0 # GETX S->M misses (upgrade misses)
   PUTS: 1916419 # Clean evictions (from lower level)
   PUTX: 1288460 # Dirty evictions (from lower level)
   INV: 0 # Invalidates (from upper level)
   INVX: 0 # Downgrades (from upper level)
   FWD: 0 # Forwards (from upper level)
   latGETnl: 180465210 # GET request latency on next level
   latGETnet: 0 # GET request latency on network to next level
 mem: # Memory controller stats
  mem-0: # Memory controller stats
   rd: 501163 # Read requests
   wr: 191737 # Write requests
   rdlat: 68416423 # Total latency experienced by read requests
   wrlat: 29433518 # Total latency experienced by write requests
   rdhits: 15300 # Read row hits
   wrhits: 1302 # Write row hits
   mlh: # latency histogram for memory requests
    0: 0
    1: 0
    2: 0
    3: 0
    4: 0
    5: 0
    6: 0
    7: 0
    8: 0
    9: 0
    10: 0
    11: 698
    12: 616
    13: 438879
    14: 34595
    15: 9610
    16: 4255
    17: 1354
    18: 613
    19: 749
    20: 743
    21: 782
    22: 508
    23: 629
    24: 1173
    25: 879
    26: 181
    27: 196
    28: 225
    29: 251
    30: 269
    31: 337
    32: 292
    33: 283
    34: 293
    35: 303
    36: 341
    37: 329
    38: 275
    39: 289
    40: 291
    41: 282
    42: 264
    43: 120
    44: 55
    45: 34
    46: 44
    47: 57
    48: 36
    49: 12
    50: 5
    51: 4
    52: 3
    53: 3
    54: 2
    55: 1
    56: 1
    57: 0
    58: 0
    59: 1
    60: 1
    61: 0
    62: 0
    63: 0
    64: 0
    65: 0
    66: 0
    67: 0
    68: 0
    69: 0
    70: 0
    71: 0
    72: 0
    73: 0
    74: 0
    75: 0
    76: 0
    77: 0
    78: 0
    79: 0
    80: 0
    81: 0
    82: 0
    83: 0
    84: 0
    85: 0
    86: 0
    87: 0
    88: 0
    89: 0
    90: 0
    91: 0
    92: 0
    93: 0
    94: 0
    95: 0
    96: 0
    97: 0
    98: 0
    99: 0
  mem-1: # Memory controller stats
   rd: 501132 # Read requests
   wr: 191354 # Write requests
   rdlat: 68357836 # Total latency experienced by read requests
   wrlat: 29315689 # Total latency experienced by write requests
   rdhits: 15139 # Read row hits
   wrhits: 1294 # Write row hits
   mlh: # latency histogram for memory requests
    0: 0
    1: 0
    2: 0
    3: 0
    4: 0
    5: 0
    6: 0
    7: 0
    8: 0
    9: 0
    10: 0
    11: 691
    12: 613
    13: 440244
    14: 33077
    15: 9753
    16: 4583
    17: 1345
    18: 611
    19: 671
    20: 692
    21: 878
    22: 553
    23: 588
    24: 1085
    25: 720
    26: 181
    27: 206
    28: 219
    29: 278
    30: 278
    31: 314
    32: 274
    33: 265
    34: 294
    35: 300
    36: 325
    37: 326
    38: 294
    39: 284
    40: 296
    41: 267
    42: 268
    43: 126
    44: 53
    45: 43
    46: 40
    47: 39
    48: 30
    49: 12
    50: 3
    51: 2
    52: 2
    53: 5
    54: 1
    55: 1
    56: 1
    57: 0
    58: 0
    59: 1
    60: 0
    61: 0
    62: 0
    63: 0
    64: 0
    65: 0
    66: 0
    67: 0
    68: 0
    69: 0
    70: 0
    71: 0
    72: 0
    73: 0
    74: 0
    75: 0
    76: 0
    77: 0
    78: 0
    79: 0
    80: 0
    81: 0
    82: 0
    83: 0
    84: 0
    85: 0
    86: 0
    87: 0
    88: 0
    89: 0
    90: 0
    91: 0
    92: 0
    93: 0
    94: 0
    95: 0
    96: 0
    97: 0
    98: 0
    99: 0
  mem-2: # Memory controller stats
   rd: 500955 # Read requests
   wr: 191081 # Write requests
   rdlat: 68360809 # Total latency experienced by read requests
   wrlat: 29329815 # Total latency experienced by write requests
   rdhits: 14987 # Read row hits
   wrhits: 1319 # Write row hits
   mlh: # latency histogram for memory requests
    0: 0
    1: 0
    2: 0
    3: 0
    4: 0
    5: 0
    6: 0
    7: 0
    8: 0
    9: 0
    10: 0
    11: 665
    12: 588
    13: 439066
    14: 34725
    15: 9592
    16: 3987
    17: 1403
    18: 647
    19: 675
    20: 680
    21: 777
    22: 512
    23: 591
    24: 1187
    25: 782
    26: 185
    27: 203
    28: 239
    29: 262
    30: 302
    31: 275
    32: 298
    33: 288
    34: 309
    35: 300
    36: 353
    37: 290
    38: 291
    39: 255
    40: 288
    41: 286
    42: 273
    43: 138
    44: 45
    45: 35
    46: 45
    47: 52
    48: 45
    49: 4
    50: 3
    51: 4
    52: 3
    53: 3
    54: 2
    55: 2
    56: 0
    57: 0
    58: 0
    59: 0
    60: 0
    61: 0
    62: 0
    63: 0
    64: 0
    65: 0
    66: 0
    67: 0
    68: 0
    69: 0
    70: 0
    71: 0
    72: 0
    73: 0
    74: 0
    75: 0
    76: 0
    77: 0
    78: 0
    79: 0
    80: 0
    81: 0
    82: 0
    83: 0
    84: 0
    85: 0
    86: 0
    87: 0
    88: 0
    89: 0
    90: 0
    91: 0
    92: 0
    93: 0
    94: 0
    95: 0
    96: 0
    97: 0
    98: 0
    99: 0
  mem-3: # Memory controller stats
   rd: 501909 # Read requests
   wr: 191282 # Write requests
   rdlat: 68520458 # Total latency experienced by read requests
   wrlat: 29354598 # Total latency experienced by write requests
   rdhits: 15170 # Read row hits
   wrhits: 1290 # Write row hits
   mlh: # latency histogram for memory requests
    0: 0
    1: 0
    2: 0
    3: 0
    4: 0
    5: 0
    6: 0
    7: 0
    8: 0
    9: 0
    10: 0
    11: 680
    12: 612
    13: 439509
    14: 34596
    15: 9646
    16: 4242
    17: 1497
    18: 644
    19: 612
    20: 730
    21: 737
    22: 526
    23: 720
    24: 1225
    25: 852
    26: 190
    27: 203
    28: 256
    29: 229
    30: 279
    31: 297
    32: 304
    33: 316
    34: 282
    35: 279
    36: 324
    37: 333
    38: 272
    39: 290
    40: 298
    41: 257
    42: 311
    43: 121
    44: 61
    45: 39
    46: 35
    47: 44
    48: 28
    49: 13
    50: 9
    51: 4
    52: 2
    53: 2
    54: 1
    55: 0
    56: 1
    57: 0
    58: 1
    59: 0
    60: 0
    61: 0
    62: 0
    63: 0
    64: 0
    65: 0
    66: 0
    67: 0
    68: 0
    69: 0
    70: 0
    71: 0
    72: 0
    73: 0
    74: 0
    75: 0
    76: 0
    77: 0
    78: 0
    79: 0
    80: 0
    81: 0
    82: 0
    83: 0
    84: 0
    85: 0
    86: 0
    87: 0
    88: 0
    89: 0
    90: 0
    91: 0
    92: 0
    93: 0
    94: 0
    95: 0
    96: 0
    97: 0
    98: 0
    99: 0
 sched: # Scheduler stats
  thCr: 1 # Threads created
  thFn: 1 # Threads finished
  schedEvs: 1 # Schedule events
  waitEvs: 0 # Wait events
  handoffEvs: 0 # Handoff events
  sleepEvs: 0 # Sleep events
  idlePhases: 0 # Phases with no thread active
  idlePeriods: 0 # Periods with no thread active
  occHist: # Occupancy histogram
   0: 0
   1: 18943
  rqSzHist: # Run queue size histogram
   0: 18943
   1: 0
   2: 0
   3: 0
   4: 0
   5: 0
   6: 0
   7: 0
   8: 0
   9: 0
   10: 0
   11: 0
   12: 0
   13: 0
   14: 0
   15: 0
   16: 0
 procCycles: # Per-process unhalted core cycles
  0: 189431625
  1: 0
  2: 0
  3: 0
  4: 0
  5: 0
  6: 0
  7: 0
  8: 0
  9: 0
  10: 0
  11: 0
  12: 0
  13: 0
  14: 0
  15: 0
  16: 0
  17: 0
  18: 0
  19: 0
  20: 0
  21: 0
  22: 0
  23: 0
  24: 0
  25: 0
  26: 0
  27: 0
  28: 0
  29: 0
  30: 0
  31: 0
  32: 0
  33: 0
  34: 0
  35: 0
  36: 0
  37: 0
  38: 0
  39: 0
  40: 0
  41: 0
  42: 0
  43: 0
  44: 0
  45: 0
  46: 0
  47: 0
  48: 0
  49: 0
  50: 0
  51: 0
  52: 0
  53: 0
  54: 0
  55: 0
  56: 0
  57: 0
  58: 0
  59: 0
  60: 0
  61: 0
  62: 0
  63: 0
 procInstrs: # Per-process instructions
  0: 100003026
  1: 0
  2: 0
  3: 0
  4: 0
  5: 0
  6: 0
  7: 0
  8: 0
  9: 0
  10: 0
  11: 0
  12: 0
  13: 0
  14: 0
  15: 0
  16: 0
  17: 0
  18: 0
  19: 0
  20: 0
  21: 0
  22: 0
  23: 0
  24: 0
  25: 0
  26: 0
  27: 0
  28: 0
  29: 0
  30: 0
  31: 0
  32: 0
  33: 0
  34: 0
  35: 0
  36: 0
  37: 0
  38: 0
  39: 0
  40: 0
  41: 0
  42: 0
  43: 0
  44: 0
  45: 0
  46: 0
  47: 0
  48: 0
  49: 0
  50: 0
  51: 0
  52: 0
  53: 0
  54: 0
  55: 0
  56: 0
  57: 0
  58: 0
  59: 0
  60: 0
  61: 0
  62: 0
  63: 0
 heartbeats: # Per-process heartbeats
  0: 0
  1: 0
  2: 0
  3: 0
  4: 0
  5: 0
  6: 0
  7: 0
  8: 0
  9: 0
  10: 0
  11: 0
  12: 0
  13: 0
  14: 0
  15: 0
  16: 0
  17: 0
  18: 0
  19: 0
  20: 0
  21: 0
  22: 0
  23: 0
  24: 0
  25: 0
  26: 0
  27: 0
  28: 0
  29: 0
  30: 0
  31: 0
  32: 0
  33: 0
  34: 0
  35: 0
  36: 0
  37: 0
  38: 0
  39: 0
  40: 0
  41: 0
  42: 0
  43: 0
  44: 0
  45: 0
  46: 0
  47: 0
  48: 0
  49: 0
  50: 0
  51: 0
  52: 0
  53: 0
  54: 0
  55: 0
  56: 0
  57: 0
  58: 0
  59: 0
  60: 0
  61: 0
  62: 0
  63: 0
===
