# zsim stats
===
root: # Stats
 contention: # Contention simulation stats
  domain-0: # Domain stats
   time: 1598669055 # Weave simulation time
 time: # Simulator time breakdown
  init: 1431752229054
  bound: 10557104455
  weave: 1830236420
  ff: 0
 trigger: 20000 # Reason for this stats dump
 phase: 19405 # Simulated phases
 westmere: # Core stats
  westmere-0: # Core stats
   cycles: 194052288 # Simulated unhalted cycles
   cCycles: 37270235 # Cycles due to contention stalls
   instrs: 100000225 # Simulated instructions
   uops: 109363207 # Retired micro-ops
   bbls: 20080588 # Basic blocks
   approxInstrs: 1766090 # Instrs with approx uop decoding
   mispredBranches: 1074502 # Mispredicted branches
   condBranches: 19037964 # conditional branches
 l1i: # Cache stats
  l1i-0: # Filter cache stats
   fhGETS: 25562582 # Filtered GETS hits
   fhGETX: 0 # Filtered GETX hits
   hGETS: 201838 # GETS hits
   hGETX: 0 # GETX hits
   mGETS: 2254 # GETS misses
   mGETXIM: 0 # GETX I->M misses
   mGETXSM: 0 # GETX S->M misses (upgrade misses)
   PUTS: 0 # Clean evictions (from lower level)
   PUTX: 0 # Dirty evictions (from lower level)
   INV: 6 # Invalidates (from upper level)
   INVX: 0 # Downgrades (from upper level)
   FWD: 0 # Forwards (from upper level)
   latGETnl: 263626 # GET request latency on next level
   latGETnet: 0 # GET request latency on network to next level
 l1d: # Cache stats
  l1d-0: # Filter cache stats
   fhGETS: 22563072 # Filtered GETS hits
   fhGETX: 3943367 # Filtered GETX hits
   hGETS: 2603329 # GETS hits
   hGETX: 2696595 # GETX hits
   mGETS: 3472609 # GETS misses
   mGETXIM: 736582 # GETX I->M misses
   mGETXSM: 0 # GETX S->M misses (upgrade misses)
   PUTS: 0 # Clean evictions (from lower level)
   PUTX: 0 # Dirty evictions (from lower level)
   INV: 0 # Invalidates (from upper level)
   INVX: 0 # Downgrades (from upper level)
   FWD: 0 # Forwards (from upper level)
   latGETnl: 314857436 # GET request latency on next level
   latGETnet: 0 # GET request latency on network to next level
 l2: # Cache stats
  l2-0: # Cache stats
   hGETS: 708311 # GETS hits
   hGETX: 124951 # GETX hits
   mGETS: 2766552 # GETS misses
   mGETXIM: 611631 # GETX I->M misses
   mGETXSM: 0 # GETX S->M misses (upgrade misses)
   PUTS: 2423919 # Clean evictions (from lower level)
   PUTX: 1786500 # Dirty evictions (from lower level)
   INV: 0 # Invalidates (from upper level)
   INVX: 0 # Downgrades (from upper level)
   FWD: 0 # Forwards (from upper level)
   latGETnl: 273006612 # GET request latency on next level
   latGETnet: 0 # GET request latency on network to next level
 l3: # Cache stats
  l3-0: # Cache stats
   hGETS: 1036642 # GETS hits
   hGETX: 208983 # GETX hits
   mGETS: 1729910 # GETS misses
   mGETXIM: 402648 # GETX I->M misses
   mGETXSM: 0 # GETX S->M misses (upgrade misses)
   PUTS: 2038328 # Clean evictions (from lower level)
   PUTX: 1335759 # Dirty evictions (from lower level)
   INV: 0 # Invalidates (from upper level)
   INVX: 0 # Downgrades (from upper level)
   FWD: 0 # Forwards (from upper level)
   latGETnl: 191930220 # GET request latency on next level
   latGETnet: 0 # GET request latency on network to next level
 mem: # Memory controller stats
  mem-0: # Memory controller stats
   rd: 533006 # Read requests
   wr: 206052 # Write requests
   rdlat: 72741147 # Total latency experienced by read requests
   wrlat: 31538497 # Total latency experienced by write requests
   rdhits: 15090 # Read row hits
   wrhits: 1710 # Write row hits
   mlh: # latency histogram for memory requests
    0: 0
    1: 0
    2: 0
    3: 0
    4: 0
    5: 0
    6: 0
    7: 0
    8: 0
    9: 0
    10: 0
    11: 814
    12: 590
    13: 466346
    14: 37389
    15: 10468
    16: 4423
    17: 1390
    18: 687
    19: 726
    20: 717
    21: 768
    22: 622
    23: 633
    24: 1193
    25: 847
    26: 202
    27: 203
    28: 244
    29: 272
    30: 320
    31: 331
    32: 353
    33: 333
    34: 290
    35: 311
    36: 333
    37: 342
    38: 310
    39: 271
    40: 273
    41: 277
    42: 315
    43: 140
    44: 53
    45: 38
    46: 66
    47: 47
    48: 36
    49: 13
    50: 7
    51: 3
    52: 1
    53: 5
    54: 1
    55: 0
    56: 0
    57: 0
    58: 0
    59: 1
    60: 1
    61: 0
    62: 0
    63: 0
    64: 1
    65: 0
    66: 0
    67: 0
    68: 0
    69: 0
    70: 0
    71: 0
    72: 0
    73: 0
    74: 0
    75: 0
    76: 0
    77: 0
    78: 0
    79: 0
    80: 0
    81: 0
    82: 0
    83: 0
    84: 0
    85: 0
    86: 0
    87: 0
    88: 0
    89: 0
    90: 0
    91: 0
    92: 0
    93: 0
    94: 0
    95: 0
    96: 0
    97: 0
    98: 0
    99: 0
  mem-1: # Memory controller stats
   rd: 533662 # Read requests
   wr: 205850 # Write requests
   rdlat: 72831273 # Total latency experienced by read requests
   wrlat: 31492407 # Total latency experienced by write requests
   rdhits: 14844 # Read row hits
   wrhits: 1551 # Write row hits
   mlh: # latency histogram for memory requests
    0: 0
    1: 0
    2: 0
    3: 0
    4: 0
    5: 0
    6: 0
    7: 0
    8: 0
    9: 0
    10: 0
    11: 734
    12: 591
    13: 467257
    14: 36850
    15: 10578
    16: 4842
    17: 1364
    18: 605
    19: 644
    20: 717
    21: 860
    22: 573
    23: 724
    24: 1094
    25: 820
    26: 228
    27: 196
    28: 261
    29: 278
    30: 266
    31: 324
    32: 332
    33: 327
    34: 319
    35: 339
    36: 332
    37: 328
    38: 270
    39: 282
    40: 292
    41: 287
    42: 323
    43: 145
    44: 68
    45: 53
    46: 57
    47: 51
    48: 26
    49: 9
    50: 4
    51: 0
    52: 5
    53: 3
    54: 1
    55: 0
    56: 0
    57: 0
    58: 2
    59: 0
    60: 1
    61: 0
    62: 0
    63: 0
    64: 0
    65: 0
    66: 0
    67: 0
    68: 0
    69: 0
    70: 0
    71: 0
    72: 0
    73: 0
    74: 0
    75: 0
    76: 0
    77: 0
    78: 0
    79: 0
    80: 0
    81: 0
    82: 0
    83: 0
    84: 0
    85: 0
    86: 0
    87: 0
    88: 0
    89: 0
    90: 0
    91: 0
    92: 0
    93: 0
    94: 0
    95: 0
    96: 0
    97: 0
    98: 0
    99: 0
  mem-2: # Memory controller stats
   rd: 532391 # Read requests
   wr: 204922 # Write requests
   rdlat: 72639657 # Total latency experienced by read requests
   wrlat: 31300901 # Total latency experienced by write requests
   rdhits: 14632 # Read row hits
   wrhits: 1523 # Write row hits
   mlh: # latency histogram for memory requests
    0: 0
    1: 0
    2: 0
    3: 0
    4: 0
    5: 0
    6: 0
    7: 0
    8: 0
    9: 0
    10: 0
    11: 748
    12: 619
    13: 465097
    14: 38811
    15: 10292
    16: 4021
    17: 1440
    18: 665
    19: 635
    20: 711
    21: 837
    22: 554
    23: 634
    24: 1163
    25: 815
    26: 215
    27: 205
    28: 236
    29: 258
    30: 279
    31: 337
    32: 320
    33: 345
    34: 347
    35: 307
    36: 321
    37: 331
    38: 284
    39: 299
    40: 269
    41: 289
    42: 266
    43: 153
    44: 51
    45: 48
    46: 47
    47: 59
    48: 53
    49: 12
    50: 7
    51: 7
    52: 4
    53: 0
    54: 0
    55: 0
    56: 0
    57: 0
    58: 0
    59: 0
    60: 0
    61: 0
    62: 0
    63: 0
    64: 0
    65: 0
    66: 0
    67: 0
    68: 0
    69: 0
    70: 0
    71: 0
    72: 0
    73: 0
    74: 0
    75: 0
    76: 0
    77: 0
    78: 0
    79: 0
    80: 0
    81: 0
    82: 0
    83: 0
    84: 0
    85: 0
    86: 0
    87: 0
    88: 0
    89: 0
    90: 0
    91: 0
    92: 0
    93: 0
    94: 0
    95: 0
    96: 0
    97: 0
    98: 0
    99: 0
  mem-3: # Memory controller stats
   rd: 533467 # Read requests
   wr: 205443 # Write requests
   rdlat: 72825848 # Total latency experienced by read requests
   wrlat: 31475118 # Total latency experienced by write requests
   rdhits: 14747 # Read row hits
   wrhits: 1550 # Write row hits
   mlh: # latency histogram for memory requests
    0: 0
    1: 0
    2: 0
    3: 0
    4: 0
    5: 0
    6: 0
    7: 0
    8: 0
    9: 0
    10: 0
    11: 803
    12: 629
    13: 466055
    14: 38054
    15: 10111
    16: 4480
    17: 1632
    18: 720
    19: 712
    20: 720
    21: 729
    22: 602
    23: 815
    24: 1247
    25: 819
    26: 197
    27: 206
    28: 235
    29: 266
    30: 289
    31: 338
    32: 298
    33: 357
    34: 331
    35: 357
    36: 357
    37: 291
    38: 282
    39: 276
    40: 281
    41: 247
    42: 310
    43: 146
    44: 50
    45: 40
    46: 47
    47: 58
    48: 45
    49: 12
    50: 11
    51: 3
    52: 1
    53: 1
    54: 5
    55: 1
    56: 0
    57: 0
    58: 1
    59: 0
    60: 0
    61: 0
    62: 0
    63: 0
    64: 0
    65: 0
    66: 0
    67: 0
    68: 0
    69: 0
    70: 0
    71: 0
    72: 0
    73: 0
    74: 0
    75: 0
    76: 0
    77: 0
    78: 0
    79: 0
    80: 0
    81: 0
    82: 0
    83: 0
    84: 0
    85: 0
    86: 0
    87: 0
    88: 0
    89: 0
    90: 0
    91: 0
    92: 0
    93: 0
    94: 0
    95: 0
    96: 0
    97: 0
    98: 0
    99: 0
 sched: # Scheduler stats
  thCr: 1 # Threads created
  thFn: 1 # Threads finished
  schedEvs: 1 # Schedule events
  waitEvs: 0 # Wait events
  handoffEvs: 0 # Handoff events
  sleepEvs: 0 # Sleep events
  idlePhases: 0 # Phases with no thread active
  idlePeriods: 0 # Periods with no thread active
  occHist: # Occupancy histogram
   0: 0
   1: 19405
  rqSzHist: # Run queue size histogram
   0: 19405
   1: 0
   2: 0
   3: 0
   4: 0
   5: 0
   6: 0
   7: 0
   8: 0
   9: 0
   10: 0
   11: 0
   12: 0
   13: 0
   14: 0
   15: 0
   16: 0
 procCycles: # Per-process unhalted core cycles
  0: 194052288
  1: 0
  2: 0
  3: 0
  4: 0
  5: 0
  6: 0
  7: 0
  8: 0
  9: 0
  10: 0
  11: 0
  12: 0
  13: 0
  14: 0
  15: 0
  16: 0
  17: 0
  18: 0
  19: 0
  20: 0
  21: 0
  22: 0
  23: 0
  24: 0
  25: 0
  26: 0
  27: 0
  28: 0
  29: 0
  30: 0
  31: 0
  32: 0
  33: 0
  34: 0
  35: 0
  36: 0
  37: 0
  38: 0
  39: 0
  40: 0
  41: 0
  42: 0
  43: 0
  44: 0
  45: 0
  46: 0
  47: 0
  48: 0
  49: 0
  50: 0
  51: 0
  52: 0
  53: 0
  54: 0
  55: 0
  56: 0
  57: 0
  58: 0
  59: 0
  60: 0
  61: 0
  62: 0
  63: 0
 procInstrs: # Per-process instructions
  0: 100000225
  1: 0
  2: 0
  3: 0
  4: 0
  5: 0
  6: 0
  7: 0
  8: 0
  9: 0
  10: 0
  11: 0
  12: 0
  13: 0
  14: 0
  15: 0
  16: 0
  17: 0
  18: 0
  19: 0
  20: 0
  21: 0
  22: 0
  23: 0
  24: 0
  25: 0
  26: 0
  27: 0
  28: 0
  29: 0
  30: 0
  31: 0
  32: 0
  33: 0
  34: 0
  35: 0
  36: 0
  37: 0
  38: 0
  39: 0
  40: 0
  41: 0
  42: 0
  43: 0
  44: 0
  45: 0
  46: 0
  47: 0
  48: 0
  49: 0
  50: 0
  51: 0
  52: 0
  53: 0
  54: 0
  55: 0
  56: 0
  57: 0
  58: 0
  59: 0
  60: 0
  61: 0
  62: 0
  63: 0
 heartbeats: # Per-process heartbeats
  0: 0
  1: 0
  2: 0
  3: 0
  4: 0
  5: 0
  6: 0
  7: 0
  8: 0
  9: 0
  10: 0
  11: 0
  12: 0
  13: 0
  14: 0
  15: 0
  16: 0
  17: 0
  18: 0
  19: 0
  20: 0
  21: 0
  22: 0
  23: 0
  24: 0
  25: 0
  26: 0
  27: 0
  28: 0
  29: 0
  30: 0
  31: 0
  32: 0
  33: 0
  34: 0
  35: 0
  36: 0
  37: 0
  38: 0
  39: 0
  40: 0
  41: 0
  42: 0
  43: 0
  44: 0
  45: 0
  46: 0
  47: 0
  48: 0
  49: 0
  50: 0
  51: 0
  52: 0
  53: 0
  54: 0
  55: 0
  56: 0
  57: 0
  58: 0
  59: 0
  60: 0
  61: 0
  62: 0
  63: 0
===
